{"D:\\Nanda_AI\\GIT_BN_Project\\banknifty-signals\\frontend\\src\\components\\ChartPanel.jsx": {"path":"D:\\Nanda_AI\\GIT_BN_Project\\banknifty-signals\\frontend\\src\\components\\ChartPanel.jsx","statementMap":{"0":{"start":{"line":5,"column":14},"end":{"line":5,"column":26}},"1":{"start":{"line":6,"column":19},"end":{"line":6,"column":31}},"2":{"start":{"line":7,"column":17},"end":{"line":7,"column":29}},"3":{"start":{"line":8,"column":28},"end":{"line":8,"column":40}},"4":{"start":{"line":9,"column":18},"end":{"line":9,"column":28}},"5":{"start":{"line":10,"column":21},"end":{"line":10,"column":33}},"6":{"start":{"line":11,"column":20},"end":{"line":11,"column":32}},"7":{"start":{"line":13,"column":2},"end":{"line":44,"column":8}},"8":{"start":{"line":14,"column":15},"end":{"line":14,"column":26}},"9":{"start":{"line":15,"column":4},"end":{"line":15,"column":21}},"10":{"start":{"line":15,"column":15},"end":{"line":15,"column":21}},"11":{"start":{"line":18,"column":18},"end":{"line":25,"column":6}},"12":{"start":{"line":27,"column":15},"end":{"line":27,"column":70}},"13":{"start":{"line":28,"column":4},"end":{"line":28,"column":38}},"14":{"start":{"line":31,"column":15},"end":{"line":35,"column":6}},"15":{"start":{"line":32,"column":16},"end":{"line":32,"column":27}},"16":{"start":{"line":33,"column":6},"end":{"line":33,"column":20}},"17":{"start":{"line":33,"column":14},"end":{"line":33,"column":20}},"18":{"start":{"line":34,"column":6},"end":{"line":34,"column":77}},"19":{"start":{"line":34,"column":12},"end":{"line":34,"column":62}},"20":{"start":{"line":36,"column":4},"end":{"line":36,"column":20}},"21":{"start":{"line":37,"column":4},"end":{"line":37,"column":34}},"22":{"start":{"line":39,"column":4},"end":{"line":43,"column":5}},"23":{"start":{"line":40,"column":6},"end":{"line":40,"column":75}},"24":{"start":{"line":40,"column":37},"end":{"line":40,"column":75}},"25":{"start":{"line":41,"column":6},"end":{"line":41,"column":62}},"26":{"start":{"line":41,"column":26},"end":{"line":41,"column":62}},"27":{"start":{"line":42,"column":6},"end":{"line":42,"column":20}},"28":{"start":{"line":46,"column":2},"end":{"line":86,"column":15}},"29":{"start":{"line":48,"column":14},"end":{"line":48,"column":96}},"30":{"start":{"line":51,"column":4},"end":{"line":51,"column":60}},"31":{"start":{"line":51,"column":24},"end":{"line":51,"column":60}},"32":{"start":{"line":53,"column":18},"end":{"line":53,"column":48}},"33":{"start":{"line":54,"column":19},"end":{"line":57,"column":7}},"34":{"start":{"line":54,"column":55},"end":{"line":57,"column":5}},"35":{"start":{"line":58,"column":4},"end":{"line":58,"column":28}},"36":{"start":{"line":59,"column":4},"end":{"line":81,"column":6}},"37":{"start":{"line":61,"column":6},"end":{"line":61,"column":28}},"38":{"start":{"line":64,"column":22},"end":{"line":73,"column":11}},"39":{"start":{"line":65,"column":21},"end":{"line":65,"column":29}},"40":{"start":{"line":67,"column":19},"end":{"line":73,"column":9}},"41":{"start":{"line":74,"column":6},"end":{"line":74,"column":83}},"42":{"start":{"line":74,"column":12},"end":{"line":74,"column":38}},"43":{"start":{"line":77,"column":6},"end":{"line":80,"column":20}},"44":{"start":{"line":78,"column":21},"end":{"line":78,"column":46}},"45":{"start":{"line":79,"column":8},"end":{"line":79,"column":106}},"46":{"start":{"line":79,"column":39},"end":{"line":79,"column":106}},"47":{"start":{"line":83,"column":4},"end":{"line":85,"column":5}},"48":{"start":{"line":84,"column":6},"end":{"line":84,"column":62}},"49":{"start":{"line":84,"column":26},"end":{"line":84,"column":62}},"50":{"start":{"line":89,"column":2},"end":{"line":127,"column":8}},"51":{"start":{"line":90,"column":17},"end":{"line":90,"column":28}},"52":{"start":{"line":91,"column":4},"end":{"line":91,"column":21}},"53":{"start":{"line":91,"column":15},"end":{"line":91,"column":21}},"54":{"start":{"line":94,"column":18},"end":{"line":94,"column":39}},"55":{"start":{"line":95,"column":6},"end":{"line":95,"column":29}},"56":{"start":{"line":95,"column":23},"end":{"line":95,"column":29}},"57":{"start":{"line":96,"column":19},"end":{"line":96,"column":47}},"58":{"start":{"line":97,"column":16},"end":{"line":97,"column":37}},"59":{"start":{"line":98,"column":18},"end":{"line":98,"column":98}},"60":{"start":{"line":99,"column":16},"end":{"line":99,"column":24}},"61":{"start":{"line":100,"column":6},"end":{"line":100,"column":20}},"62":{"start":{"line":100,"column":14},"end":{"line":100,"column":20}},"63":{"start":{"line":101,"column":6},"end":{"line":107,"column":7}},"64":{"start":{"line":102,"column":8},"end":{"line":102,"column":50}},"65":{"start":{"line":103,"column":8},"end":{"line":103,"column":88}},"66":{"start":{"line":104,"column":8},"end":{"line":104,"column":44}},"67":{"start":{"line":105,"column":8},"end":{"line":105,"column":112}},"68":{"start":{"line":106,"column":8},"end":{"line":106,"column":63}},"69":{"start":{"line":111,"column":6},"end":{"line":114,"column":7}},"70":{"start":{"line":112,"column":8},"end":{"line":112,"column":49}},"71":{"start":{"line":113,"column":8},"end":{"line":113,"column":62}},"72":{"start":{"line":117,"column":4},"end":{"line":117,"column":55}},"73":{"start":{"line":118,"column":4},"end":{"line":118,"column":53}},"74":{"start":{"line":119,"column":4},"end":{"line":119,"column":57}},"75":{"start":{"line":120,"column":4},"end":{"line":120,"column":55}},"76":{"start":{"line":121,"column":4},"end":{"line":126,"column":5}},"77":{"start":{"line":122,"column":6},"end":{"line":122,"column":60}},"78":{"start":{"line":123,"column":6},"end":{"line":123,"column":58}},"79":{"start":{"line":124,"column":6},"end":{"line":124,"column":62}},"80":{"start":{"line":125,"column":6},"end":{"line":125,"column":60}},"81":{"start":{"line":129,"column":2},"end":{"line":135,"column":3}}},"fnMap":{"0":{"name":"ChartPanel","decl":{"start":{"line":4,"column":24},"end":{"line":4,"column":34}},"loc":{"start":{"line":4,"column":48},"end":{"line":136,"column":1}},"line":4},"1":{"name":"(anonymous_1)","decl":{"start":{"line":13,"column":12},"end":{"line":13,"column":13}},"loc":{"start":{"line":13,"column":18},"end":{"line":44,"column":3}},"line":13},"2":{"name":"(anonymous_2)","decl":{"start":{"line":31,"column":34},"end":{"line":31,"column":35}},"loc":{"start":{"line":31,"column":40},"end":{"line":35,"column":5}},"line":31},"3":{"name":"(anonymous_3)","decl":{"start":{"line":39,"column":11},"end":{"line":39,"column":12}},"loc":{"start":{"line":39,"column":17},"end":{"line":43,"column":5}},"line":39},"4":{"name":"(anonymous_4)","decl":{"start":{"line":46,"column":12},"end":{"line":46,"column":13}},"loc":{"start":{"line":46,"column":18},"end":{"line":86,"column":3}},"line":46},"5":{"name":"(anonymous_5)","decl":{"start":{"line":48,"column":53},"end":{"line":48,"column":54}},"loc":{"start":{"line":48,"column":57},"end":{"line":48,"column":59}},"line":48},"6":{"name":"(anonymous_6)","decl":{"start":{"line":48,"column":73},"end":{"line":48,"column":74}},"loc":{"start":{"line":48,"column":77},"end":{"line":48,"column":79}},"line":48},"7":{"name":"(anonymous_7)","decl":{"start":{"line":54,"column":47},"end":{"line":54,"column":48}},"loc":{"start":{"line":54,"column":55},"end":{"line":57,"column":5}},"line":54},"8":{"name":"(anonymous_8)","decl":{"start":{"line":59,"column":43},"end":{"line":59,"column":44}},"loc":{"start":{"line":59,"column":49},"end":{"line":81,"column":5}},"line":59},"9":{"name":"(anonymous_9)","decl":{"start":{"line":65,"column":16},"end":{"line":65,"column":17}},"loc":{"start":{"line":65,"column":21},"end":{"line":65,"column":29}},"line":65},"10":{"name":"(anonymous_10)","decl":{"start":{"line":67,"column":13},"end":{"line":67,"column":14}},"loc":{"start":{"line":67,"column":19},"end":{"line":73,"column":9}},"line":67},"11":{"name":"(anonymous_11)","decl":{"start":{"line":83,"column":11},"end":{"line":83,"column":12}},"loc":{"start":{"line":83,"column":17},"end":{"line":85,"column":5}},"line":83},"12":{"name":"(anonymous_12)","decl":{"start":{"line":89,"column":12},"end":{"line":89,"column":13}},"loc":{"start":{"line":89,"column":16},"end":{"line":127,"column":3}},"line":89},"13":{"name":"onPointerMove","decl":{"start":{"line":93,"column":13},"end":{"line":93,"column":26}},"loc":{"start":{"line":93,"column":29},"end":{"line":108,"column":5}},"line":93},"14":{"name":"onPointerLeave","decl":{"start":{"line":110,"column":13},"end":{"line":110,"column":27}},"loc":{"start":{"line":110,"column":29},"end":{"line":115,"column":5}},"line":110},"15":{"name":"(anonymous_15)","decl":{"start":{"line":121,"column":11},"end":{"line":121,"column":12}},"loc":{"start":{"line":121,"column":15},"end":{"line":126,"column":5}},"line":121}},"branchMap":{"0":{"loc":{"start":{"line":15,"column":4},"end":{"line":15,"column":21}},"type":"if","locations":[{"start":{"line":15,"column":4},"end":{"line":15,"column":21}},{"start":{},"end":{}}],"line":15},"1":{"loc":{"start":{"line":20,"column":14},"end":{"line":20,"column":38}},"type":"binary-expr","locations":[{"start":{"line":20,"column":14},"end":{"line":20,"column":31}},{"start":{"line":20,"column":35},"end":{"line":20,"column":38}}],"line":20},"2":{"loc":{"start":{"line":33,"column":6},"end":{"line":33,"column":20}},"type":"if","locations":[{"start":{"line":33,"column":6},"end":{"line":33,"column":20}},{"start":{},"end":{}}],"line":33},"3":{"loc":{"start":{"line":34,"column":40},"end":{"line":34,"column":61}},"type":"binary-expr","locations":[{"start":{"line":34,"column":40},"end":{"line":34,"column":54}},{"start":{"line":34,"column":58},"end":{"line":34,"column":61}}],"line":34},"4":{"loc":{"start":{"line":40,"column":6},"end":{"line":40,"column":75}},"type":"if","locations":[{"start":{"line":40,"column":6},"end":{"line":40,"column":75}},{"start":{},"end":{}}],"line":40},"5":{"loc":{"start":{"line":41,"column":6},"end":{"line":41,"column":62}},"type":"if","locations":[{"start":{"line":41,"column":6},"end":{"line":41,"column":62}},{"start":{},"end":{}}],"line":41},"6":{"loc":{"start":{"line":48,"column":14},"end":{"line":48,"column":96}},"type":"binary-expr","locations":[{"start":{"line":48,"column":14},"end":{"line":48,"column":30}},{"start":{"line":48,"column":34},"end":{"line":48,"column":96}}],"line":48},"7":{"loc":{"start":{"line":51,"column":4},"end":{"line":51,"column":60}},"type":"if","locations":[{"start":{"line":51,"column":4},"end":{"line":51,"column":60}},{"start":{},"end":{}}],"line":51},"8":{"loc":{"start":{"line":53,"column":19},"end":{"line":53,"column":32}},"type":"binary-expr","locations":[{"start":{"line":53,"column":19},"end":{"line":53,"column":26}},{"start":{"line":53,"column":30},"end":{"line":53,"column":32}}],"line":53},"9":{"loc":{"start":{"line":56,"column":20},"end":{"line":56,"column":32}},"type":"binary-expr","locations":[{"start":{"line":56,"column":20},"end":{"line":56,"column":27}},{"start":{"line":56,"column":31},"end":{"line":56,"column":32}}],"line":56},"10":{"loc":{"start":{"line":70,"column":17},"end":{"line":70,"column":59}},"type":"cond-expr","locations":[{"start":{"line":70,"column":38},"end":{"line":70,"column":47}},{"start":{"line":70,"column":50},"end":{"line":70,"column":59}}],"line":70},"11":{"loc":{"start":{"line":79,"column":8},"end":{"line":79,"column":106}},"type":"if","locations":[{"start":{"line":79,"column":8},"end":{"line":79,"column":106}},{"start":{},"end":{}}],"line":79},"12":{"loc":{"start":{"line":79,"column":12},"end":{"line":79,"column":37}},"type":"binary-expr","locations":[{"start":{"line":79,"column":12},"end":{"line":79,"column":29}},{"start":{"line":79,"column":33},"end":{"line":79,"column":37}}],"line":79},"13":{"loc":{"start":{"line":84,"column":6},"end":{"line":84,"column":62}},"type":"if","locations":[{"start":{"line":84,"column":6},"end":{"line":84,"column":62}},{"start":{},"end":{}}],"line":84},"14":{"loc":{"start":{"line":91,"column":4},"end":{"line":91,"column":21}},"type":"if","locations":[{"start":{"line":91,"column":4},"end":{"line":91,"column":21}},{"start":{},"end":{}}],"line":91},"15":{"loc":{"start":{"line":94,"column":18},"end":{"line":94,"column":39}},"type":"binary-expr","locations":[{"start":{"line":94,"column":18},"end":{"line":94,"column":33}},{"start":{"line":94,"column":37},"end":{"line":94,"column":39}}],"line":94},"16":{"loc":{"start":{"line":95,"column":6},"end":{"line":95,"column":29}},"type":"if","locations":[{"start":{"line":95,"column":6},"end":{"line":95,"column":29}},{"start":{},"end":{}}],"line":95},"17":{"loc":{"start":{"line":100,"column":6},"end":{"line":100,"column":20}},"type":"if","locations":[{"start":{"line":100,"column":6},"end":{"line":100,"column":20}},{"start":{},"end":{}}],"line":100},"18":{"loc":{"start":{"line":101,"column":6},"end":{"line":107,"column":7}},"type":"if","locations":[{"start":{"line":101,"column":6},"end":{"line":107,"column":7}},{"start":{},"end":{}}],"line":101},"19":{"loc":{"start":{"line":111,"column":6},"end":{"line":114,"column":7}},"type":"if","locations":[{"start":{"line":111,"column":6},"end":{"line":114,"column":7}},{"start":{},"end":{}}],"line":111}},"s":{"0":3,"1":3,"2":3,"3":3,"4":3,"5":3,"6":3,"7":3,"8":2,"9":2,"10":0,"11":2,"12":2,"13":2,"14":2,"15":0,"16":0,"17":0,"18":0,"19":0,"20":2,"21":2,"22":2,"23":2,"24":2,"25":2,"26":2,"27":2,"28":3,"29":3,"30":3,"31":1,"32":3,"33":3,"34":1,"35":3,"36":3,"37":1,"38":1,"39":1,"40":1,"41":1,"42":1,"43":1,"44":1,"45":1,"46":1,"47":3,"48":3,"49":3,"50":3,"51":2,"52":2,"53":0,"54":1,"55":1,"56":0,"57":1,"58":1,"59":1,"60":1,"61":1,"62":0,"63":1,"64":1,"65":1,"66":1,"67":1,"68":1,"69":0,"70":0,"71":0,"72":2,"73":2,"74":2,"75":2,"76":2,"77":2,"78":2,"79":2,"80":2,"81":3},"f":{"0":3,"1":2,"2":0,"3":2,"4":3,"5":0,"6":0,"7":1,"8":1,"9":1,"10":1,"11":3,"12":2,"13":1,"14":0,"15":2},"b":{"0":[0,2],"1":[2,2],"2":[0,0],"3":[0,0],"4":[2,0],"5":[2,0],"6":[3,0],"7":[1,2],"8":[3,0],"9":[1,0],"10":[1,0],"11":[1,0],"12":[1,1],"13":[3,0],"14":[0,2],"15":[1,0],"16":[0,1],"17":[0,1],"18":[1,0],"19":[0,0]},"_coverageSchema":"1a1c01bbd47fc00a2c39e90264f33305004495a9","hash":"0b4cfd17ad1ab028e341f8c494dde1ea38faaad9"}
,"D:\\Nanda_AI\\GIT_BN_Project\\banknifty-signals\\frontend\\src\\components\\RulesPanel.jsx": {"path":"D:\\Nanda_AI\\GIT_BN_Project\\banknifty-signals\\frontend\\src\\components\\RulesPanel.jsx","statementMap":{"0":{"start":{"line":6,"column":28},"end":{"line":6,"column":40}},"1":{"start":{"line":7,"column":20},"end":{"line":7,"column":32}},"2":{"start":{"line":9,"column":2},"end":{"line":32,"column":7}},"3":{"start":{"line":10,"column":18},"end":{"line":10,"column":22}},"4":{"start":{"line":11,"column":4},"end":{"line":13,"column":20}},"5":{"start":{"line":12,"column":18},"end":{"line":12,"column":53}},"6":{"start":{"line":12,"column":31},"end":{"line":12,"column":53}},"7":{"start":{"line":15,"column":19},"end":{"line":15,"column":56}},"8":{"start":{"line":16,"column":4},"end":{"line":16,"column":30}},"9":{"start":{"line":17,"column":4},"end":{"line":26,"column":6}},"10":{"start":{"line":19,"column":6},"end":{"line":25,"column":8}},"11":{"start":{"line":20,"column":20},"end":{"line":20,"column":58}},"12":{"start":{"line":20,"column":38},"end":{"line":20,"column":57}},"13":{"start":{"line":21,"column":8},"end":{"line":21,"column":45}},"14":{"start":{"line":21,"column":24},"end":{"line":21,"column":45}},"15":{"start":{"line":22,"column":21},"end":{"line":22,"column":30}},"16":{"start":{"line":23,"column":8},"end":{"line":23,"column":23}},"17":{"start":{"line":24,"column":8},"end":{"line":24,"column":19}},"18":{"start":{"line":28,"column":4},"end":{"line":31,"column":5}},"19":{"start":{"line":29,"column":6},"end":{"line":29,"column":21}},"20":{"start":{"line":30,"column":6},"end":{"line":30,"column":59}},"21":{"start":{"line":30,"column":29},"end":{"line":30,"column":59}},"22":{"start":{"line":34,"column":17},"end":{"line":48,"column":3}},"23":{"start":{"line":36,"column":21},"end":{"line":36,"column":26}},"24":{"start":{"line":37,"column":4},"end":{"line":37,"column":88}},"25":{"start":{"line":37,"column":21},"end":{"line":37,"column":87}},"26":{"start":{"line":37,"column":34},"end":{"line":37,"column":86}},"27":{"start":{"line":38,"column":4},"end":{"line":47,"column":5}},"28":{"start":{"line":39,"column":16},"end":{"line":39,"column":104}},"29":{"start":{"line":41,"column":6},"end":{"line":41,"column":71}},"30":{"start":{"line":41,"column":23},"end":{"line":41,"column":70}},"31":{"start":{"line":41,"column":36},"end":{"line":41,"column":69}},"32":{"start":{"line":44,"column":6},"end":{"line":44,"column":24}},"33":{"start":{"line":46,"column":6},"end":{"line":46,"column":49}},"34":{"start":{"line":50,"column":2},"end":{"line":67,"column":3}},"35":{"start":{"line":55,"column":10},"end":{"line":63,"column":15}},"36":{"start":{"line":61,"column":35},"end":{"line":61,"column":44}}},"fnMap":{"0":{"name":"RulesPanel","decl":{"start":{"line":5,"column":24},"end":{"line":5,"column":34}},"loc":{"start":{"line":5,"column":36},"end":{"line":68,"column":1}},"line":5},"1":{"name":"(anonymous_1)","decl":{"start":{"line":9,"column":12},"end":{"line":9,"column":13}},"loc":{"start":{"line":9,"column":16},"end":{"line":32,"column":3}},"line":9},"2":{"name":"(anonymous_2)","decl":{"start":{"line":12,"column":12},"end":{"line":12,"column":13}},"loc":{"start":{"line":12,"column":16},"end":{"line":12,"column":55}},"line":12},"3":{"name":"(anonymous_3)","decl":{"start":{"line":13,"column":13},"end":{"line":13,"column":14}},"loc":{"start":{"line":13,"column":17},"end":{"line":13,"column":19}},"line":13},"4":{"name":"(anonymous_4)","decl":{"start":{"line":17,"column":37},"end":{"line":17,"column":38}},"loc":{"start":{"line":17,"column":44},"end":{"line":26,"column":5}},"line":17},"5":{"name":"(anonymous_5)","decl":{"start":{"line":19,"column":15},"end":{"line":19,"column":16}},"loc":{"start":{"line":19,"column":23},"end":{"line":25,"column":7}},"line":19},"6":{"name":"(anonymous_6)","decl":{"start":{"line":20,"column":35},"end":{"line":20,"column":36}},"loc":{"start":{"line":20,"column":38},"end":{"line":20,"column":57}},"line":20},"7":{"name":"(anonymous_7)","decl":{"start":{"line":28,"column":11},"end":{"line":28,"column":12}},"loc":{"start":{"line":28,"column":15},"end":{"line":31,"column":5}},"line":28},"8":{"name":"(anonymous_8)","decl":{"start":{"line":34,"column":17},"end":{"line":34,"column":18}},"loc":{"start":{"line":34,"column":33},"end":{"line":48,"column":3}},"line":34},"9":{"name":"(anonymous_9)","decl":{"start":{"line":37,"column":13},"end":{"line":37,"column":14}},"loc":{"start":{"line":37,"column":21},"end":{"line":37,"column":87}},"line":37},"10":{"name":"(anonymous_10)","decl":{"start":{"line":37,"column":30},"end":{"line":37,"column":31}},"loc":{"start":{"line":37,"column":34},"end":{"line":37,"column":86}},"line":37},"11":{"name":"(anonymous_11)","decl":{"start":{"line":41,"column":15},"end":{"line":41,"column":16}},"loc":{"start":{"line":41,"column":23},"end":{"line":41,"column":70}},"line":41},"12":{"name":"(anonymous_12)","decl":{"start":{"line":41,"column":32},"end":{"line":41,"column":33}},"loc":{"start":{"line":41,"column":36},"end":{"line":41,"column":69}},"line":41},"13":{"name":"(anonymous_13)","decl":{"start":{"line":54,"column":19},"end":{"line":54,"column":20}},"loc":{"start":{"line":55,"column":10},"end":{"line":63,"column":15}},"line":55},"14":{"name":"(anonymous_14)","decl":{"start":{"line":61,"column":31},"end":{"line":61,"column":32}},"loc":{"start":{"line":61,"column":35},"end":{"line":61,"column":44}},"line":61}},"branchMap":{"0":{"loc":{"start":{"line":12,"column":18},"end":{"line":12,"column":53}},"type":"if","locations":[{"start":{"line":12,"column":18},"end":{"line":12,"column":53}},{"start":{},"end":{}}],"line":12},"1":{"loc":{"start":{"line":12,"column":40},"end":{"line":12,"column":52}},"type":"binary-expr","locations":[{"start":{"line":12,"column":40},"end":{"line":12,"column":46}},{"start":{"line":12,"column":50},"end":{"line":12,"column":52}}],"line":12},"2":{"loc":{"start":{"line":21,"column":8},"end":{"line":21,"column":45}},"type":"if","locations":[{"start":{"line":21,"column":8},"end":{"line":21,"column":45}},{"start":{},"end":{}}],"line":21},"3":{"loc":{"start":{"line":30,"column":6},"end":{"line":30,"column":59}},"type":"if","locations":[{"start":{"line":30,"column":6},"end":{"line":30,"column":59}},{"start":{},"end":{}}],"line":30},"4":{"loc":{"start":{"line":37,"column":34},"end":{"line":37,"column":86}},"type":"cond-expr","locations":[{"start":{"line":37,"column":55},"end":{"line":37,"column":82}},{"start":{"line":37,"column":85},"end":{"line":37,"column":86}}],"line":37},"5":{"loc":{"start":{"line":39,"column":84},"end":{"line":39,"column":101}},"type":"binary-expr","locations":[{"start":{"line":39,"column":84},"end":{"line":39,"column":95}},{"start":{"line":39,"column":99},"end":{"line":39,"column":101}}],"line":39},"6":{"loc":{"start":{"line":41,"column":36},"end":{"line":41,"column":69}},"type":"cond-expr","locations":[{"start":{"line":41,"column":59},"end":{"line":41,"column":65}},{"start":{"line":41,"column":68},"end":{"line":41,"column":69}}],"line":41},"7":{"loc":{"start":{"line":58,"column":57},"end":{"line":58,"column":91}},"type":"cond-expr","locations":[{"start":{"line":58,"column":69},"end":{"line":58,"column":78}},{"start":{"line":58,"column":81},"end":{"line":58,"column":91}}],"line":58},"8":{"loc":{"start":{"line":61,"column":47},"end":{"line":61,"column":79}},"type":"cond-expr","locations":[{"start":{"line":61,"column":59},"end":{"line":61,"column":68}},{"start":{"line":61,"column":71},"end":{"line":61,"column":79}}],"line":61}},"s":{"0":2,"1":2,"2":2,"3":1,"4":1,"5":1,"6":1,"7":1,"8":1,"9":1,"10":0,"11":0,"12":0,"13":0,"14":0,"15":0,"16":0,"17":0,"18":1,"19":1,"20":1,"21":1,"22":2,"23":0,"24":0,"25":0,"26":0,"27":0,"28":0,"29":0,"30":0,"31":0,"32":0,"33":0,"34":2,"35":0,"36":0},"f":{"0":2,"1":1,"2":1,"3":0,"4":0,"5":0,"6":0,"7":1,"8":0,"9":0,"10":0,"11":0,"12":0,"13":0,"14":0},"b":{"0":[1,0],"1":[1,0],"2":[0,0],"3":[1,0],"4":[0,0],"5":[0,0],"6":[0,0],"7":[0,0],"8":[0,0]},"_coverageSchema":"1a1c01bbd47fc00a2c39e90264f33305004495a9","hash":"686bc83fdb2f0d1a99dec712b241ced29a57cf41"}
,"D:\\Nanda_AI\\GIT_BN_Project\\banknifty-signals\\frontend\\src\\pages\\Dashboard.jsx": {"path":"D:\\Nanda_AI\\GIT_BN_Project\\banknifty-signals\\frontend\\src\\pages\\Dashboard.jsx","statementMap":{"0":{"start":{"line":8,"column":36},"end":{"line":8,"column":51}},"1":{"start":{"line":9,"column":30},"end":{"line":9,"column":42}},"2":{"start":{"line":10,"column":20},"end":{"line":10,"column":32}},"3":{"start":{"line":12,"column":2},"end":{"line":35,"column":7}},"4":{"start":{"line":13,"column":18},"end":{"line":13,"column":22}},"5":{"start":{"line":15,"column":4},"end":{"line":21,"column":20}},"6":{"start":{"line":16,"column":15},"end":{"line":16,"column":23}},"7":{"start":{"line":18,"column":8},"end":{"line":18,"column":28}},"8":{"start":{"line":18,"column":22},"end":{"line":18,"column":28}},"9":{"start":{"line":19,"column":8},"end":{"line":19,"column":34}},"10":{"start":{"line":23,"column":19},"end":{"line":23,"column":56}},"11":{"start":{"line":24,"column":4},"end":{"line":24,"column":30}},"12":{"start":{"line":25,"column":4},"end":{"line":25,"column":49}},"13":{"start":{"line":25,"column":30},"end":{"line":25,"column":48}},"14":{"start":{"line":26,"column":4},"end":{"line":26,"column":53}},"15":{"start":{"line":26,"column":33},"end":{"line":26,"column":52}},"16":{"start":{"line":27,"column":4},"end":{"line":29,"column":6}},"17":{"start":{"line":28,"column":6},"end":{"line":28,"column":45}},"18":{"start":{"line":28,"column":19},"end":{"line":28,"column":44}},"19":{"start":{"line":31,"column":4},"end":{"line":34,"column":5}},"20":{"start":{"line":32,"column":6},"end":{"line":32,"column":21}},"21":{"start":{"line":33,"column":6},"end":{"line":33,"column":25}},"22":{"start":{"line":37,"column":2},"end":{"line":60,"column":3}},"23":{"start":{"line":52,"column":34},"end":{"line":52,"column":273}}},"fnMap":{"0":{"name":"Dashboard","decl":{"start":{"line":7,"column":24},"end":{"line":7,"column":33}},"loc":{"start":{"line":7,"column":35},"end":{"line":61,"column":1}},"line":7},"1":{"name":"(anonymous_1)","decl":{"start":{"line":12,"column":12},"end":{"line":12,"column":13}},"loc":{"start":{"line":12,"column":16},"end":{"line":35,"column":3}},"line":12},"2":{"name":"(anonymous_2)","decl":{"start":{"line":16,"column":12},"end":{"line":16,"column":13}},"loc":{"start":{"line":16,"column":15},"end":{"line":16,"column":23}},"line":16},"3":{"name":"(anonymous_3)","decl":{"start":{"line":17,"column":12},"end":{"line":17,"column":13}},"loc":{"start":{"line":17,"column":20},"end":{"line":20,"column":7}},"line":17},"4":{"name":"(anonymous_4)","decl":{"start":{"line":21,"column":13},"end":{"line":21,"column":14}},"loc":{"start":{"line":21,"column":17},"end":{"line":21,"column":19}},"line":21},"5":{"name":"(anonymous_5)","decl":{"start":{"line":25,"column":25},"end":{"line":25,"column":26}},"loc":{"start":{"line":25,"column":30},"end":{"line":25,"column":48}},"line":25},"6":{"name":"(anonymous_6)","decl":{"start":{"line":26,"column":28},"end":{"line":26,"column":29}},"loc":{"start":{"line":26,"column":33},"end":{"line":26,"column":52}},"line":26},"7":{"name":"(anonymous_7)","decl":{"start":{"line":27,"column":24},"end":{"line":27,"column":25}},"loc":{"start":{"line":27,"column":32},"end":{"line":29,"column":5}},"line":27},"8":{"name":"(anonymous_8)","decl":{"start":{"line":28,"column":16},"end":{"line":28,"column":17}},"loc":{"start":{"line":28,"column":19},"end":{"line":28,"column":44}},"line":28},"9":{"name":"(anonymous_9)","decl":{"start":{"line":31,"column":11},"end":{"line":31,"column":12}},"loc":{"start":{"line":31,"column":15},"end":{"line":34,"column":5}},"line":31},"10":{"name":"(anonymous_10)","decl":{"start":{"line":52,"column":24},"end":{"line":52,"column":25}},"loc":{"start":{"line":52,"column":34},"end":{"line":52,"column":273}},"line":52}},"branchMap":{"0":{"loc":{"start":{"line":18,"column":8},"end":{"line":18,"column":28}},"type":"if","locations":[{"start":{"line":18,"column":8},"end":{"line":18,"column":28}},{"start":{},"end":{}}],"line":18},"1":{"loc":{"start":{"line":19,"column":18},"end":{"line":19,"column":33}},"type":"binary-expr","locations":[{"start":{"line":19,"column":18},"end":{"line":19,"column":27}},{"start":{"line":19,"column":31},"end":{"line":19,"column":33}}],"line":19},"2":{"loc":{"start":{"line":42,"column":43},"end":{"line":42,"column":76}},"type":"cond-expr","locations":[{"start":{"line":42,"column":55},"end":{"line":42,"column":64}},{"start":{"line":42,"column":67},"end":{"line":42,"column":76}}],"line":42},"3":{"loc":{"start":{"line":42,"column":88},"end":{"line":42,"column":128}},"type":"cond-expr","locations":[{"start":{"line":42,"column":100},"end":{"line":42,"column":111}},{"start":{"line":42,"column":114},"end":{"line":42,"column":128}}],"line":42}},"s":{"0":2,"1":2,"2":2,"3":2,"4":1,"5":1,"6":1,"7":1,"8":0,"9":1,"10":1,"11":1,"12":1,"13":0,"14":1,"15":0,"16":1,"17":0,"18":0,"19":1,"20":1,"21":1,"22":2,"23":0},"f":{"0":2,"1":1,"2":1,"3":1,"4":0,"5":0,"6":0,"7":0,"8":0,"9":1,"10":0},"b":{"0":[0,1],"1":[1,1],"2":[0,2],"3":[0,2]},"_coverageSchema":"1a1c01bbd47fc00a2c39e90264f33305004495a9","hash":"3f60cf452cf72a5c32cbc17495a17f2681d7e234"}
}
