{"D:\\Nanda_AI\\GIT_BN_Project\\banknifty-signals\\frontend\\src\\components\\ChartOverlay.jsx": {"path":"D:\\Nanda_AI\\GIT_BN_Project\\banknifty-signals\\frontend\\src\\components\\ChartOverlay.jsx","statementMap":{"0":{"start":{"line":5,"column":2},"end":{"line":20,"column":3}},"1":{"start":{"line":9,"column":10},"end":{"line":12,"column":16}}},"fnMap":{"0":{"name":"ChartOverlay","decl":{"start":{"line":4,"column":24},"end":{"line":4,"column":36}},"loc":{"start":{"line":4,"column":158},"end":{"line":21,"column":1}},"line":4},"1":{"name":"(anonymous_1)","decl":{"start":{"line":8,"column":25},"end":{"line":8,"column":26}},"loc":{"start":{"line":9,"column":10},"end":{"line":12,"column":16}},"line":9}},"branchMap":{"0":{"loc":{"start":{"line":4,"column":39},"end":{"line":4,"column":55}},"type":"default-arg","locations":[{"start":{"line":4,"column":53},"end":{"line":4,"column":55}}],"line":4},"1":{"loc":{"start":{"line":4,"column":57},"end":{"line":4,"column":75}},"type":"default-arg","locations":[{"start":{"line":4,"column":72},"end":{"line":4,"column":75}}],"line":4},"2":{"loc":{"start":{"line":4,"column":77},"end":{"line":4,"column":89}},"type":"default-arg","locations":[{"start":{"line":4,"column":87},"end":{"line":4,"column":89}}],"line":4},"3":{"loc":{"start":{"line":4,"column":91},"end":{"line":4,"column":118}},"type":"default-arg","locations":[{"start":{"line":4,"column":103},"end":{"line":4,"column":118}}],"line":4},"4":{"loc":{"start":{"line":4,"column":120},"end":{"line":4,"column":137}},"type":"default-arg","locations":[{"start":{"line":4,"column":133},"end":{"line":4,"column":137}}],"line":4},"5":{"loc":{"start":{"line":4,"column":139},"end":{"line":4,"column":155}},"type":"default-arg","locations":[{"start":{"line":4,"column":151},"end":{"line":4,"column":155}}],"line":4},"6":{"loc":{"start":{"line":16,"column":54},"end":{"line":16,"column":88}},"type":"cond-expr","locations":[{"start":{"line":16,"column":72},"end":{"line":16,"column":79}},{"start":{"line":16,"column":82},"end":{"line":16,"column":88}}],"line":16}},"s":{"0":3,"1":3},"f":{"0":3,"1":3},"b":{"0":[0],"1":[0],"2":[3],"3":[0],"4":[0],"5":[0],"6":[0,3]},"_coverageSchema":"1a1c01bbd47fc00a2c39e90264f33305004495a9","hash":"0f2fb07a2e4002ec7e9e3718ee0c7dbabf559327"}
,"D:\\Nanda_AI\\GIT_BN_Project\\banknifty-signals\\frontend\\src\\components\\ChartPanel.jsx": {"path":"D:\\Nanda_AI\\GIT_BN_Project\\banknifty-signals\\frontend\\src\\components\\ChartPanel.jsx","statementMap":{"0":{"start":{"line":7,"column":14},"end":{"line":7,"column":26}},"1":{"start":{"line":8,"column":19},"end":{"line":8,"column":31}},"2":{"start":{"line":9,"column":17},"end":{"line":9,"column":29}},"3":{"start":{"line":10,"column":28},"end":{"line":10,"column":40}},"4":{"start":{"line":11,"column":18},"end":{"line":11,"column":28}},"5":{"start":{"line":12,"column":21},"end":{"line":12,"column":33}},"6":{"start":{"line":13,"column":20},"end":{"line":13,"column":32}},"7":{"start":{"line":15,"column":2},"end":{"line":46,"column":8}},"8":{"start":{"line":16,"column":15},"end":{"line":16,"column":26}},"9":{"start":{"line":17,"column":4},"end":{"line":17,"column":21}},"10":{"start":{"line":17,"column":15},"end":{"line":17,"column":21}},"11":{"start":{"line":20,"column":18},"end":{"line":27,"column":6}},"12":{"start":{"line":29,"column":15},"end":{"line":29,"column":70}},"13":{"start":{"line":30,"column":4},"end":{"line":30,"column":38}},"14":{"start":{"line":33,"column":15},"end":{"line":37,"column":6}},"15":{"start":{"line":34,"column":16},"end":{"line":34,"column":27}},"16":{"start":{"line":35,"column":6},"end":{"line":35,"column":20}},"17":{"start":{"line":35,"column":14},"end":{"line":35,"column":20}},"18":{"start":{"line":36,"column":6},"end":{"line":36,"column":77}},"19":{"start":{"line":36,"column":12},"end":{"line":36,"column":62}},"20":{"start":{"line":38,"column":4},"end":{"line":38,"column":20}},"21":{"start":{"line":39,"column":4},"end":{"line":39,"column":34}},"22":{"start":{"line":41,"column":4},"end":{"line":45,"column":5}},"23":{"start":{"line":42,"column":6},"end":{"line":42,"column":75}},"24":{"start":{"line":42,"column":37},"end":{"line":42,"column":75}},"25":{"start":{"line":43,"column":6},"end":{"line":43,"column":62}},"26":{"start":{"line":43,"column":26},"end":{"line":43,"column":62}},"27":{"start":{"line":44,"column":6},"end":{"line":44,"column":20}},"28":{"start":{"line":48,"column":2},"end":{"line":88,"column":15}},"29":{"start":{"line":50,"column":14},"end":{"line":50,"column":96}},"30":{"start":{"line":53,"column":4},"end":{"line":53,"column":60}},"31":{"start":{"line":53,"column":24},"end":{"line":53,"column":60}},"32":{"start":{"line":55,"column":18},"end":{"line":55,"column":48}},"33":{"start":{"line":56,"column":19},"end":{"line":59,"column":7}},"34":{"start":{"line":56,"column":55},"end":{"line":59,"column":5}},"35":{"start":{"line":60,"column":4},"end":{"line":60,"column":28}},"36":{"start":{"line":61,"column":4},"end":{"line":83,"column":6}},"37":{"start":{"line":63,"column":6},"end":{"line":63,"column":28}},"38":{"start":{"line":66,"column":22},"end":{"line":75,"column":11}},"39":{"start":{"line":67,"column":21},"end":{"line":67,"column":29}},"40":{"start":{"line":69,"column":19},"end":{"line":75,"column":9}},"41":{"start":{"line":76,"column":6},"end":{"line":76,"column":83}},"42":{"start":{"line":76,"column":12},"end":{"line":76,"column":38}},"43":{"start":{"line":79,"column":6},"end":{"line":82,"column":20}},"44":{"start":{"line":80,"column":21},"end":{"line":80,"column":46}},"45":{"start":{"line":81,"column":8},"end":{"line":81,"column":106}},"46":{"start":{"line":81,"column":39},"end":{"line":81,"column":106}},"47":{"start":{"line":85,"column":4},"end":{"line":87,"column":5}},"48":{"start":{"line":86,"column":6},"end":{"line":86,"column":62}},"49":{"start":{"line":86,"column":26},"end":{"line":86,"column":62}},"50":{"start":{"line":91,"column":2},"end":{"line":133,"column":8}},"51":{"start":{"line":92,"column":17},"end":{"line":92,"column":28}},"52":{"start":{"line":93,"column":4},"end":{"line":93,"column":21}},"53":{"start":{"line":93,"column":15},"end":{"line":93,"column":21}},"54":{"start":{"line":96,"column":18},"end":{"line":96,"column":39}},"55":{"start":{"line":97,"column":6},"end":{"line":97,"column":29}},"56":{"start":{"line":97,"column":23},"end":{"line":97,"column":29}},"57":{"start":{"line":98,"column":19},"end":{"line":98,"column":47}},"58":{"start":{"line":99,"column":16},"end":{"line":99,"column":37}},"59":{"start":{"line":100,"column":16},"end":{"line":100,"column":41}},"60":{"start":{"line":101,"column":6},"end":{"line":101,"column":20}},"61":{"start":{"line":101,"column":14},"end":{"line":101,"column":20}},"62":{"start":{"line":102,"column":6},"end":{"line":108,"column":7}},"63":{"start":{"line":103,"column":8},"end":{"line":103,"column":50}},"64":{"start":{"line":104,"column":8},"end":{"line":104,"column":88}},"65":{"start":{"line":105,"column":8},"end":{"line":105,"column":44}},"66":{"start":{"line":106,"column":8},"end":{"line":106,"column":112}},"67":{"start":{"line":107,"column":8},"end":{"line":107,"column":63}},"68":{"start":{"line":110,"column":6},"end":{"line":113,"column":7}},"69":{"start":{"line":112,"column":8},"end":{"line":112,"column":72}},"70":{"start":{"line":117,"column":6},"end":{"line":120,"column":7}},"71":{"start":{"line":118,"column":8},"end":{"line":118,"column":49}},"72":{"start":{"line":119,"column":8},"end":{"line":119,"column":62}},"73":{"start":{"line":123,"column":2},"end":{"line":123,"column":53}},"74":{"start":{"line":124,"column":4},"end":{"line":124,"column":53}},"75":{"start":{"line":125,"column":4},"end":{"line":125,"column":57}},"76":{"start":{"line":126,"column":4},"end":{"line":126,"column":55}},"77":{"start":{"line":127,"column":4},"end":{"line":132,"column":5}},"78":{"start":{"line":128,"column":6},"end":{"line":128,"column":60}},"79":{"start":{"line":129,"column":6},"end":{"line":129,"column":58}},"80":{"start":{"line":130,"column":6},"end":{"line":130,"column":62}},"81":{"start":{"line":131,"column":6},"end":{"line":131,"column":60}},"82":{"start":{"line":136,"column":2},"end":{"line":166,"column":8}},"83":{"start":{"line":137,"column":17},"end":{"line":137,"column":28}},"84":{"start":{"line":138,"column":4},"end":{"line":138,"column":21}},"85":{"start":{"line":138,"column":15},"end":{"line":138,"column":21}},"86":{"start":{"line":140,"column":18},"end":{"line":140,"column":39}},"87":{"start":{"line":141,"column":6},"end":{"line":141,"column":29}},"88":{"start":{"line":141,"column":23},"end":{"line":141,"column":29}},"89":{"start":{"line":142,"column":16},"end":{"line":142,"column":34}},"90":{"start":{"line":143,"column":6},"end":{"line":143,"column":20}},"91":{"start":{"line":143,"column":14},"end":{"line":143,"column":20}},"92":{"start":{"line":144,"column":6},"end":{"line":150,"column":7}},"93":{"start":{"line":145,"column":8},"end":{"line":145,"column":50}},"94":{"start":{"line":146,"column":8},"end":{"line":146,"column":45}},"95":{"start":{"line":147,"column":8},"end":{"line":147,"column":44}},"96":{"start":{"line":148,"column":8},"end":{"line":148,"column":112}},"97":{"start":{"line":149,"column":8},"end":{"line":149,"column":63}},"98":{"start":{"line":153,"column":6},"end":{"line":156,"column":7}},"99":{"start":{"line":154,"column":8},"end":{"line":154,"column":49}},"100":{"start":{"line":155,"column":8},"end":{"line":155,"column":62}},"101":{"start":{"line":158,"column":4},"end":{"line":158,"column":38}},"102":{"start":{"line":159,"column":4},"end":{"line":159,"column":43}},"103":{"start":{"line":160,"column":4},"end":{"line":160,"column":41}},"104":{"start":{"line":161,"column":4},"end":{"line":165,"column":5}},"105":{"start":{"line":162,"column":6},"end":{"line":162,"column":48}},"106":{"start":{"line":163,"column":6},"end":{"line":163,"column":46}},"107":{"start":{"line":164,"column":6},"end":{"line":164,"column":38}},"108":{"start":{"line":170,"column":16},"end":{"line":170,"column":37}},"109":{"start":{"line":171,"column":4},"end":{"line":171,"column":32}},"110":{"start":{"line":171,"column":21},"end":{"line":171,"column":32}},"111":{"start":{"line":173,"column":25},"end":{"line":173,"column":39}},"112":{"start":{"line":174,"column":14},"end":{"line":174,"column":90}},"113":{"start":{"line":176,"column":15},"end":{"line":176,"column":23}},"114":{"start":{"line":177,"column":19},"end":{"line":177,"column":60}},"115":{"start":{"line":178,"column":4},"end":{"line":183,"column":5}},"116":{"start":{"line":178,"column":21},"end":{"line":178,"column":23}},"117":{"start":{"line":179,"column":16},"end":{"line":179,"column":27}},"118":{"start":{"line":180,"column":6},"end":{"line":180,"column":44}},"119":{"start":{"line":180,"column":36},"end":{"line":180,"column":44}},"120":{"start":{"line":181,"column":16},"end":{"line":181,"column":55}},"121":{"start":{"line":182,"column":6},"end":{"line":182,"column":54}},"122":{"start":{"line":182,"column":25},"end":{"line":182,"column":38}},"123":{"start":{"line":182,"column":39},"end":{"line":182,"column":52}},"124":{"start":{"line":184,"column":4},"end":{"line":184,"column":15}},"125":{"start":{"line":188,"column":22},"end":{"line":188,"column":162}},"126":{"start":{"line":190,"column":2},"end":{"line":195,"column":3}}},"fnMap":{"0":{"name":"ChartPanel","decl":{"start":{"line":6,"column":24},"end":{"line":6,"column":34}},"loc":{"start":{"line":6,"column":48},"end":{"line":196,"column":1}},"line":6},"1":{"name":"(anonymous_1)","decl":{"start":{"line":15,"column":12},"end":{"line":15,"column":13}},"loc":{"start":{"line":15,"column":18},"end":{"line":46,"column":3}},"line":15},"2":{"name":"(anonymous_2)","decl":{"start":{"line":33,"column":34},"end":{"line":33,"column":35}},"loc":{"start":{"line":33,"column":40},"end":{"line":37,"column":5}},"line":33},"3":{"name":"(anonymous_3)","decl":{"start":{"line":41,"column":11},"end":{"line":41,"column":12}},"loc":{"start":{"line":41,"column":17},"end":{"line":45,"column":5}},"line":41},"4":{"name":"(anonymous_4)","decl":{"start":{"line":48,"column":12},"end":{"line":48,"column":13}},"loc":{"start":{"line":48,"column":18},"end":{"line":88,"column":3}},"line":48},"5":{"name":"(anonymous_5)","decl":{"start":{"line":50,"column":53},"end":{"line":50,"column":54}},"loc":{"start":{"line":50,"column":57},"end":{"line":50,"column":59}},"line":50},"6":{"name":"(anonymous_6)","decl":{"start":{"line":50,"column":73},"end":{"line":50,"column":74}},"loc":{"start":{"line":50,"column":77},"end":{"line":50,"column":79}},"line":50},"7":{"name":"(anonymous_7)","decl":{"start":{"line":56,"column":47},"end":{"line":56,"column":48}},"loc":{"start":{"line":56,"column":55},"end":{"line":59,"column":5}},"line":56},"8":{"name":"(anonymous_8)","decl":{"start":{"line":61,"column":43},"end":{"line":61,"column":44}},"loc":{"start":{"line":61,"column":49},"end":{"line":83,"column":5}},"line":61},"9":{"name":"(anonymous_9)","decl":{"start":{"line":67,"column":16},"end":{"line":67,"column":17}},"loc":{"start":{"line":67,"column":21},"end":{"line":67,"column":29}},"line":67},"10":{"name":"(anonymous_10)","decl":{"start":{"line":69,"column":13},"end":{"line":69,"column":14}},"loc":{"start":{"line":69,"column":19},"end":{"line":75,"column":9}},"line":69},"11":{"name":"(anonymous_11)","decl":{"start":{"line":85,"column":11},"end":{"line":85,"column":12}},"loc":{"start":{"line":85,"column":17},"end":{"line":87,"column":5}},"line":85},"12":{"name":"(anonymous_12)","decl":{"start":{"line":91,"column":12},"end":{"line":91,"column":13}},"loc":{"start":{"line":91,"column":16},"end":{"line":133,"column":3}},"line":91},"13":{"name":"onPointerMove","decl":{"start":{"line":95,"column":13},"end":{"line":95,"column":26}},"loc":{"start":{"line":95,"column":29},"end":{"line":114,"column":5}},"line":95},"14":{"name":"onPointerLeave","decl":{"start":{"line":116,"column":13},"end":{"line":116,"column":27}},"loc":{"start":{"line":116,"column":29},"end":{"line":121,"column":5}},"line":116},"15":{"name":"(anonymous_15)","decl":{"start":{"line":127,"column":11},"end":{"line":127,"column":12}},"loc":{"start":{"line":127,"column":15},"end":{"line":132,"column":5}},"line":127},"16":{"name":"(anonymous_16)","decl":{"start":{"line":136,"column":12},"end":{"line":136,"column":13}},"loc":{"start":{"line":136,"column":16},"end":{"line":166,"column":3}},"line":136},"17":{"name":"onFocus","decl":{"start":{"line":139,"column":13},"end":{"line":139,"column":20}},"loc":{"start":{"line":139,"column":22},"end":{"line":151,"column":5}},"line":139},"18":{"name":"onBlur","decl":{"start":{"line":152,"column":13},"end":{"line":152,"column":19}},"loc":{"start":{"line":152,"column":21},"end":{"line":157,"column":5}},"line":152},"19":{"name":"(anonymous_19)","decl":{"start":{"line":161,"column":11},"end":{"line":161,"column":12}},"loc":{"start":{"line":161,"column":15},"end":{"line":165,"column":5}},"line":161},"20":{"name":"findNearestPoint","decl":{"start":{"line":169,"column":11},"end":{"line":169,"column":27}},"loc":{"start":{"line":169,"column":36},"end":{"line":185,"column":3}},"line":169}},"branchMap":{"0":{"loc":{"start":{"line":17,"column":4},"end":{"line":17,"column":21}},"type":"if","locations":[{"start":{"line":17,"column":4},"end":{"line":17,"column":21}},{"start":{},"end":{}}],"line":17},"1":{"loc":{"start":{"line":22,"column":14},"end":{"line":22,"column":38}},"type":"binary-expr","locations":[{"start":{"line":22,"column":14},"end":{"line":22,"column":31}},{"start":{"line":22,"column":35},"end":{"line":22,"column":38}}],"line":22},"2":{"loc":{"start":{"line":35,"column":6},"end":{"line":35,"column":20}},"type":"if","locations":[{"start":{"line":35,"column":6},"end":{"line":35,"column":20}},{"start":{},"end":{}}],"line":35},"3":{"loc":{"start":{"line":36,"column":40},"end":{"line":36,"column":61}},"type":"binary-expr","locations":[{"start":{"line":36,"column":40},"end":{"line":36,"column":54}},{"start":{"line":36,"column":58},"end":{"line":36,"column":61}}],"line":36},"4":{"loc":{"start":{"line":42,"column":6},"end":{"line":42,"column":75}},"type":"if","locations":[{"start":{"line":42,"column":6},"end":{"line":42,"column":75}},{"start":{},"end":{}}],"line":42},"5":{"loc":{"start":{"line":43,"column":6},"end":{"line":43,"column":62}},"type":"if","locations":[{"start":{"line":43,"column":6},"end":{"line":43,"column":62}},{"start":{},"end":{}}],"line":43},"6":{"loc":{"start":{"line":50,"column":14},"end":{"line":50,"column":96}},"type":"binary-expr","locations":[{"start":{"line":50,"column":14},"end":{"line":50,"column":30}},{"start":{"line":50,"column":34},"end":{"line":50,"column":96}}],"line":50},"7":{"loc":{"start":{"line":53,"column":4},"end":{"line":53,"column":60}},"type":"if","locations":[{"start":{"line":53,"column":4},"end":{"line":53,"column":60}},{"start":{},"end":{}}],"line":53},"8":{"loc":{"start":{"line":55,"column":19},"end":{"line":55,"column":32}},"type":"binary-expr","locations":[{"start":{"line":55,"column":19},"end":{"line":55,"column":26}},{"start":{"line":55,"column":30},"end":{"line":55,"column":32}}],"line":55},"9":{"loc":{"start":{"line":58,"column":20},"end":{"line":58,"column":32}},"type":"binary-expr","locations":[{"start":{"line":58,"column":20},"end":{"line":58,"column":27}},{"start":{"line":58,"column":31},"end":{"line":58,"column":32}}],"line":58},"10":{"loc":{"start":{"line":72,"column":17},"end":{"line":72,"column":59}},"type":"cond-expr","locations":[{"start":{"line":72,"column":38},"end":{"line":72,"column":47}},{"start":{"line":72,"column":50},"end":{"line":72,"column":59}}],"line":72},"11":{"loc":{"start":{"line":81,"column":8},"end":{"line":81,"column":106}},"type":"if","locations":[{"start":{"line":81,"column":8},"end":{"line":81,"column":106}},{"start":{},"end":{}}],"line":81},"12":{"loc":{"start":{"line":81,"column":12},"end":{"line":81,"column":37}},"type":"binary-expr","locations":[{"start":{"line":81,"column":12},"end":{"line":81,"column":29}},{"start":{"line":81,"column":33},"end":{"line":81,"column":37}}],"line":81},"13":{"loc":{"start":{"line":86,"column":6},"end":{"line":86,"column":62}},"type":"if","locations":[{"start":{"line":86,"column":6},"end":{"line":86,"column":62}},{"start":{},"end":{}}],"line":86},"14":{"loc":{"start":{"line":93,"column":4},"end":{"line":93,"column":21}},"type":"if","locations":[{"start":{"line":93,"column":4},"end":{"line":93,"column":21}},{"start":{},"end":{}}],"line":93},"15":{"loc":{"start":{"line":96,"column":18},"end":{"line":96,"column":39}},"type":"binary-expr","locations":[{"start":{"line":96,"column":18},"end":{"line":96,"column":33}},{"start":{"line":96,"column":37},"end":{"line":96,"column":39}}],"line":96},"16":{"loc":{"start":{"line":97,"column":6},"end":{"line":97,"column":29}},"type":"if","locations":[{"start":{"line":97,"column":6},"end":{"line":97,"column":29}},{"start":{},"end":{}}],"line":97},"17":{"loc":{"start":{"line":101,"column":6},"end":{"line":101,"column":20}},"type":"if","locations":[{"start":{"line":101,"column":6},"end":{"line":101,"column":20}},{"start":{},"end":{}}],"line":101},"18":{"loc":{"start":{"line":102,"column":6},"end":{"line":108,"column":7}},"type":"if","locations":[{"start":{"line":102,"column":6},"end":{"line":108,"column":7}},{"start":{},"end":{}}],"line":102},"19":{"loc":{"start":{"line":110,"column":6},"end":{"line":113,"column":7}},"type":"if","locations":[{"start":{"line":110,"column":6},"end":{"line":113,"column":7}},{"start":{},"end":{}}],"line":110},"20":{"loc":{"start":{"line":117,"column":6},"end":{"line":120,"column":7}},"type":"if","locations":[{"start":{"line":117,"column":6},"end":{"line":120,"column":7}},{"start":{},"end":{}}],"line":117},"21":{"loc":{"start":{"line":138,"column":4},"end":{"line":138,"column":21}},"type":"if","locations":[{"start":{"line":138,"column":4},"end":{"line":138,"column":21}},{"start":{},"end":{}}],"line":138},"22":{"loc":{"start":{"line":140,"column":18},"end":{"line":140,"column":39}},"type":"binary-expr","locations":[{"start":{"line":140,"column":18},"end":{"line":140,"column":33}},{"start":{"line":140,"column":37},"end":{"line":140,"column":39}}],"line":140},"23":{"loc":{"start":{"line":141,"column":6},"end":{"line":141,"column":29}},"type":"if","locations":[{"start":{"line":141,"column":6},"end":{"line":141,"column":29}},{"start":{},"end":{}}],"line":141},"24":{"loc":{"start":{"line":143,"column":6},"end":{"line":143,"column":20}},"type":"if","locations":[{"start":{"line":143,"column":6},"end":{"line":143,"column":20}},{"start":{},"end":{}}],"line":143},"25":{"loc":{"start":{"line":144,"column":6},"end":{"line":150,"column":7}},"type":"if","locations":[{"start":{"line":144,"column":6},"end":{"line":150,"column":7}},{"start":{},"end":{}}],"line":144},"26":{"loc":{"start":{"line":153,"column":6},"end":{"line":156,"column":7}},"type":"if","locations":[{"start":{"line":153,"column":6},"end":{"line":156,"column":7}},{"start":{},"end":{}}],"line":153},"27":{"loc":{"start":{"line":170,"column":16},"end":{"line":170,"column":37}},"type":"binary-expr","locations":[{"start":{"line":170,"column":16},"end":{"line":170,"column":31}},{"start":{"line":170,"column":35},"end":{"line":170,"column":37}}],"line":170},"28":{"loc":{"start":{"line":171,"column":4},"end":{"line":171,"column":32}},"type":"if","locations":[{"start":{"line":171,"column":4},"end":{"line":171,"column":32}},{"start":{},"end":{}}],"line":171},"29":{"loc":{"start":{"line":180,"column":6},"end":{"line":180,"column":44}},"type":"if","locations":[{"start":{"line":180,"column":6},"end":{"line":180,"column":44}},{"start":{},"end":{}}],"line":180},"30":{"loc":{"start":{"line":180,"column":10},"end":{"line":180,"column":34}},"type":"binary-expr","locations":[{"start":{"line":180,"column":10},"end":{"line":180,"column":15}},{"start":{"line":180,"column":19},"end":{"line":180,"column":34}}],"line":180},"31":{"loc":{"start":{"line":182,"column":6},"end":{"line":182,"column":54}},"type":"if","locations":[{"start":{"line":182,"column":6},"end":{"line":182,"column":54}},{"start":{},"end":{}}],"line":182},"32":{"loc":{"start":{"line":188,"column":51},"end":{"line":188,"column":159}},"type":"cond-expr","locations":[{"start":{"line":188,"column":95},"end":{"line":188,"column":153}},{"start":{"line":188,"column":156},"end":{"line":188,"column":159}}],"line":188},"33":{"loc":{"start":{"line":188,"column":51},"end":{"line":188,"column":92}},"type":"binary-expr","locations":[{"start":{"line":188,"column":51},"end":{"line":188,"column":66}},{"start":{"line":188,"column":70},"end":{"line":188,"column":92}}],"line":188}},"s":{"0":3,"1":3,"2":3,"3":3,"4":3,"5":3,"6":3,"7":3,"8":2,"9":2,"10":0,"11":2,"12":2,"13":2,"14":2,"15":0,"16":0,"17":0,"18":0,"19":0,"20":2,"21":2,"22":2,"23":2,"24":2,"25":2,"26":2,"27":2,"28":3,"29":3,"30":3,"31":1,"32":3,"33":3,"34":1,"35":3,"36":3,"37":1,"38":1,"39":1,"40":1,"41":1,"42":1,"43":1,"44":1,"45":1,"46":1,"47":3,"48":3,"49":3,"50":3,"51":2,"52":2,"53":0,"54":1,"55":1,"56":0,"57":1,"58":1,"59":1,"60":1,"61":0,"62":1,"63":1,"64":1,"65":1,"66":1,"67":1,"68":1,"69":1,"70":0,"71":0,"72":0,"73":2,"74":2,"75":2,"76":2,"77":2,"78":2,"79":2,"80":2,"81":2,"82":3,"83":2,"84":2,"85":0,"86":1,"87":1,"88":0,"89":1,"90":1,"91":0,"92":1,"93":1,"94":1,"95":1,"96":1,"97":1,"98":0,"99":0,"100":0,"101":2,"102":2,"103":2,"104":2,"105":2,"106":2,"107":2,"108":1,"109":1,"110":0,"111":1,"112":1,"113":1,"114":1,"115":1,"116":1,"117":7,"118":7,"119":6,"120":1,"121":1,"122":0,"123":0,"124":1,"125":3,"126":3},"f":{"0":3,"1":2,"2":0,"3":2,"4":3,"5":0,"6":0,"7":1,"8":1,"9":1,"10":1,"11":3,"12":2,"13":1,"14":0,"15":2,"16":2,"17":1,"18":0,"19":2,"20":1},"b":{"0":[0,2],"1":[2,2],"2":[0,0],"3":[0,0],"4":[2,0],"5":[2,0],"6":[3,0],"7":[1,2],"8":[3,0],"9":[1,0],"10":[1,0],"11":[1,0],"12":[1,1],"13":[3,0],"14":[0,2],"15":[1,0],"16":[0,1],"17":[0,1],"18":[1,0],"19":[1,0],"20":[0,0],"21":[0,2],"22":[1,0],"23":[0,1],"24":[0,1],"25":[1,0],"26":[0,0],"27":[1,0],"28":[0,1],"29":[6,1],"30":[7,4],"31":[0,1],"32":[0,3],"33":[3,3]},"_coverageSchema":"1a1c01bbd47fc00a2c39e90264f33305004495a9","hash":"72bfcdacbd27d6453931b5f9c75bd35bb7ebd02a"}
,"D:\\Nanda_AI\\GIT_BN_Project\\banknifty-signals\\frontend\\src\\components\\RulesPanel.jsx": {"path":"D:\\Nanda_AI\\GIT_BN_Project\\banknifty-signals\\frontend\\src\\components\\RulesPanel.jsx","statementMap":{"0":{"start":{"line":6,"column":28},"end":{"line":6,"column":40}},"1":{"start":{"line":7,"column":20},"end":{"line":7,"column":32}},"2":{"start":{"line":9,"column":2},"end":{"line":32,"column":7}},"3":{"start":{"line":10,"column":18},"end":{"line":10,"column":22}},"4":{"start":{"line":11,"column":4},"end":{"line":13,"column":20}},"5":{"start":{"line":12,"column":18},"end":{"line":12,"column":53}},"6":{"start":{"line":12,"column":31},"end":{"line":12,"column":53}},"7":{"start":{"line":15,"column":19},"end":{"line":15,"column":56}},"8":{"start":{"line":16,"column":4},"end":{"line":16,"column":30}},"9":{"start":{"line":17,"column":4},"end":{"line":26,"column":6}},"10":{"start":{"line":19,"column":6},"end":{"line":25,"column":8}},"11":{"start":{"line":20,"column":20},"end":{"line":20,"column":58}},"12":{"start":{"line":20,"column":38},"end":{"line":20,"column":57}},"13":{"start":{"line":21,"column":8},"end":{"line":21,"column":45}},"14":{"start":{"line":21,"column":24},"end":{"line":21,"column":45}},"15":{"start":{"line":22,"column":21},"end":{"line":22,"column":30}},"16":{"start":{"line":23,"column":8},"end":{"line":23,"column":23}},"17":{"start":{"line":24,"column":8},"end":{"line":24,"column":19}},"18":{"start":{"line":28,"column":4},"end":{"line":31,"column":5}},"19":{"start":{"line":29,"column":6},"end":{"line":29,"column":21}},"20":{"start":{"line":30,"column":6},"end":{"line":30,"column":59}},"21":{"start":{"line":30,"column":29},"end":{"line":30,"column":59}},"22":{"start":{"line":34,"column":17},"end":{"line":48,"column":3}},"23":{"start":{"line":36,"column":21},"end":{"line":36,"column":26}},"24":{"start":{"line":37,"column":4},"end":{"line":37,"column":88}},"25":{"start":{"line":37,"column":21},"end":{"line":37,"column":87}},"26":{"start":{"line":37,"column":34},"end":{"line":37,"column":86}},"27":{"start":{"line":38,"column":4},"end":{"line":47,"column":5}},"28":{"start":{"line":39,"column":16},"end":{"line":39,"column":104}},"29":{"start":{"line":41,"column":6},"end":{"line":41,"column":71}},"30":{"start":{"line":41,"column":23},"end":{"line":41,"column":70}},"31":{"start":{"line":41,"column":36},"end":{"line":41,"column":69}},"32":{"start":{"line":44,"column":6},"end":{"line":44,"column":24}},"33":{"start":{"line":46,"column":6},"end":{"line":46,"column":49}},"34":{"start":{"line":50,"column":2},"end":{"line":67,"column":3}},"35":{"start":{"line":55,"column":10},"end":{"line":63,"column":15}},"36":{"start":{"line":61,"column":35},"end":{"line":61,"column":44}}},"fnMap":{"0":{"name":"RulesPanel","decl":{"start":{"line":5,"column":24},"end":{"line":5,"column":34}},"loc":{"start":{"line":5,"column":36},"end":{"line":68,"column":1}},"line":5},"1":{"name":"(anonymous_1)","decl":{"start":{"line":9,"column":12},"end":{"line":9,"column":13}},"loc":{"start":{"line":9,"column":16},"end":{"line":32,"column":3}},"line":9},"2":{"name":"(anonymous_2)","decl":{"start":{"line":12,"column":12},"end":{"line":12,"column":13}},"loc":{"start":{"line":12,"column":16},"end":{"line":12,"column":55}},"line":12},"3":{"name":"(anonymous_3)","decl":{"start":{"line":13,"column":13},"end":{"line":13,"column":14}},"loc":{"start":{"line":13,"column":17},"end":{"line":13,"column":19}},"line":13},"4":{"name":"(anonymous_4)","decl":{"start":{"line":17,"column":37},"end":{"line":17,"column":38}},"loc":{"start":{"line":17,"column":44},"end":{"line":26,"column":5}},"line":17},"5":{"name":"(anonymous_5)","decl":{"start":{"line":19,"column":15},"end":{"line":19,"column":16}},"loc":{"start":{"line":19,"column":23},"end":{"line":25,"column":7}},"line":19},"6":{"name":"(anonymous_6)","decl":{"start":{"line":20,"column":35},"end":{"line":20,"column":36}},"loc":{"start":{"line":20,"column":38},"end":{"line":20,"column":57}},"line":20},"7":{"name":"(anonymous_7)","decl":{"start":{"line":28,"column":11},"end":{"line":28,"column":12}},"loc":{"start":{"line":28,"column":15},"end":{"line":31,"column":5}},"line":28},"8":{"name":"(anonymous_8)","decl":{"start":{"line":34,"column":17},"end":{"line":34,"column":18}},"loc":{"start":{"line":34,"column":33},"end":{"line":48,"column":3}},"line":34},"9":{"name":"(anonymous_9)","decl":{"start":{"line":37,"column":13},"end":{"line":37,"column":14}},"loc":{"start":{"line":37,"column":21},"end":{"line":37,"column":87}},"line":37},"10":{"name":"(anonymous_10)","decl":{"start":{"line":37,"column":30},"end":{"line":37,"column":31}},"loc":{"start":{"line":37,"column":34},"end":{"line":37,"column":86}},"line":37},"11":{"name":"(anonymous_11)","decl":{"start":{"line":41,"column":15},"end":{"line":41,"column":16}},"loc":{"start":{"line":41,"column":23},"end":{"line":41,"column":70}},"line":41},"12":{"name":"(anonymous_12)","decl":{"start":{"line":41,"column":32},"end":{"line":41,"column":33}},"loc":{"start":{"line":41,"column":36},"end":{"line":41,"column":69}},"line":41},"13":{"name":"(anonymous_13)","decl":{"start":{"line":54,"column":19},"end":{"line":54,"column":20}},"loc":{"start":{"line":55,"column":10},"end":{"line":63,"column":15}},"line":55},"14":{"name":"(anonymous_14)","decl":{"start":{"line":61,"column":31},"end":{"line":61,"column":32}},"loc":{"start":{"line":61,"column":35},"end":{"line":61,"column":44}},"line":61}},"branchMap":{"0":{"loc":{"start":{"line":12,"column":18},"end":{"line":12,"column":53}},"type":"if","locations":[{"start":{"line":12,"column":18},"end":{"line":12,"column":53}},{"start":{},"end":{}}],"line":12},"1":{"loc":{"start":{"line":12,"column":40},"end":{"line":12,"column":52}},"type":"binary-expr","locations":[{"start":{"line":12,"column":40},"end":{"line":12,"column":46}},{"start":{"line":12,"column":50},"end":{"line":12,"column":52}}],"line":12},"2":{"loc":{"start":{"line":21,"column":8},"end":{"line":21,"column":45}},"type":"if","locations":[{"start":{"line":21,"column":8},"end":{"line":21,"column":45}},{"start":{},"end":{}}],"line":21},"3":{"loc":{"start":{"line":30,"column":6},"end":{"line":30,"column":59}},"type":"if","locations":[{"start":{"line":30,"column":6},"end":{"line":30,"column":59}},{"start":{},"end":{}}],"line":30},"4":{"loc":{"start":{"line":37,"column":34},"end":{"line":37,"column":86}},"type":"cond-expr","locations":[{"start":{"line":37,"column":55},"end":{"line":37,"column":82}},{"start":{"line":37,"column":85},"end":{"line":37,"column":86}}],"line":37},"5":{"loc":{"start":{"line":39,"column":84},"end":{"line":39,"column":101}},"type":"binary-expr","locations":[{"start":{"line":39,"column":84},"end":{"line":39,"column":95}},{"start":{"line":39,"column":99},"end":{"line":39,"column":101}}],"line":39},"6":{"loc":{"start":{"line":41,"column":36},"end":{"line":41,"column":69}},"type":"cond-expr","locations":[{"start":{"line":41,"column":59},"end":{"line":41,"column":65}},{"start":{"line":41,"column":68},"end":{"line":41,"column":69}}],"line":41},"7":{"loc":{"start":{"line":58,"column":57},"end":{"line":58,"column":91}},"type":"cond-expr","locations":[{"start":{"line":58,"column":69},"end":{"line":58,"column":78}},{"start":{"line":58,"column":81},"end":{"line":58,"column":91}}],"line":58},"8":{"loc":{"start":{"line":61,"column":47},"end":{"line":61,"column":79}},"type":"cond-expr","locations":[{"start":{"line":61,"column":59},"end":{"line":61,"column":68}},{"start":{"line":61,"column":71},"end":{"line":61,"column":79}}],"line":61}},"s":{"0":10,"1":10,"2":10,"3":3,"4":3,"5":3,"6":3,"7":3,"8":3,"9":3,"10":0,"11":0,"12":0,"13":0,"14":0,"15":0,"16":0,"17":0,"18":3,"19":3,"20":3,"21":3,"22":10,"23":2,"24":2,"25":2,"26":2,"27":2,"28":2,"29":1,"30":1,"31":1,"32":1,"33":1,"34":10,"35":6,"36":2},"f":{"0":10,"1":3,"2":3,"3":0,"4":0,"5":0,"6":0,"7":3,"8":2,"9":2,"10":2,"11":1,"12":1,"13":6,"14":2},"b":{"0":[3,0],"1":[3,0],"2":[0,0],"3":[3,0],"4":[2,0],"5":[2,0],"6":[1,0],"7":[3,3],"8":[3,3]},"_coverageSchema":"1a1c01bbd47fc00a2c39e90264f33305004495a9","hash":"686bc83fdb2f0d1a99dec712b241ced29a57cf41"}
,"D:\\Nanda_AI\\GIT_BN_Project\\banknifty-signals\\frontend\\src\\pages\\Dashboard.jsx": {"path":"D:\\Nanda_AI\\GIT_BN_Project\\banknifty-signals\\frontend\\src\\pages\\Dashboard.jsx","statementMap":{"0":{"start":{"line":8,"column":36},"end":{"line":8,"column":51}},"1":{"start":{"line":9,"column":30},"end":{"line":9,"column":42}},"2":{"start":{"line":10,"column":20},"end":{"line":10,"column":32}},"3":{"start":{"line":12,"column":2},"end":{"line":35,"column":7}},"4":{"start":{"line":13,"column":18},"end":{"line":13,"column":22}},"5":{"start":{"line":15,"column":4},"end":{"line":21,"column":20}},"6":{"start":{"line":16,"column":15},"end":{"line":16,"column":23}},"7":{"start":{"line":18,"column":8},"end":{"line":18,"column":28}},"8":{"start":{"line":18,"column":22},"end":{"line":18,"column":28}},"9":{"start":{"line":19,"column":8},"end":{"line":19,"column":34}},"10":{"start":{"line":23,"column":19},"end":{"line":23,"column":56}},"11":{"start":{"line":24,"column":4},"end":{"line":24,"column":30}},"12":{"start":{"line":25,"column":4},"end":{"line":25,"column":49}},"13":{"start":{"line":25,"column":30},"end":{"line":25,"column":48}},"14":{"start":{"line":26,"column":4},"end":{"line":26,"column":53}},"15":{"start":{"line":26,"column":33},"end":{"line":26,"column":52}},"16":{"start":{"line":27,"column":4},"end":{"line":29,"column":6}},"17":{"start":{"line":28,"column":6},"end":{"line":28,"column":45}},"18":{"start":{"line":28,"column":19},"end":{"line":28,"column":44}},"19":{"start":{"line":31,"column":4},"end":{"line":34,"column":5}},"20":{"start":{"line":32,"column":6},"end":{"line":32,"column":21}},"21":{"start":{"line":33,"column":6},"end":{"line":33,"column":25}},"22":{"start":{"line":37,"column":2},"end":{"line":60,"column":3}},"23":{"start":{"line":52,"column":34},"end":{"line":52,"column":273}}},"fnMap":{"0":{"name":"Dashboard","decl":{"start":{"line":7,"column":24},"end":{"line":7,"column":33}},"loc":{"start":{"line":7,"column":35},"end":{"line":61,"column":1}},"line":7},"1":{"name":"(anonymous_1)","decl":{"start":{"line":12,"column":12},"end":{"line":12,"column":13}},"loc":{"start":{"line":12,"column":16},"end":{"line":35,"column":3}},"line":12},"2":{"name":"(anonymous_2)","decl":{"start":{"line":16,"column":12},"end":{"line":16,"column":13}},"loc":{"start":{"line":16,"column":15},"end":{"line":16,"column":23}},"line":16},"3":{"name":"(anonymous_3)","decl":{"start":{"line":17,"column":12},"end":{"line":17,"column":13}},"loc":{"start":{"line":17,"column":20},"end":{"line":20,"column":7}},"line":17},"4":{"name":"(anonymous_4)","decl":{"start":{"line":21,"column":13},"end":{"line":21,"column":14}},"loc":{"start":{"line":21,"column":17},"end":{"line":21,"column":19}},"line":21},"5":{"name":"(anonymous_5)","decl":{"start":{"line":25,"column":25},"end":{"line":25,"column":26}},"loc":{"start":{"line":25,"column":30},"end":{"line":25,"column":48}},"line":25},"6":{"name":"(anonymous_6)","decl":{"start":{"line":26,"column":28},"end":{"line":26,"column":29}},"loc":{"start":{"line":26,"column":33},"end":{"line":26,"column":52}},"line":26},"7":{"name":"(anonymous_7)","decl":{"start":{"line":27,"column":24},"end":{"line":27,"column":25}},"loc":{"start":{"line":27,"column":32},"end":{"line":29,"column":5}},"line":27},"8":{"name":"(anonymous_8)","decl":{"start":{"line":28,"column":16},"end":{"line":28,"column":17}},"loc":{"start":{"line":28,"column":19},"end":{"line":28,"column":44}},"line":28},"9":{"name":"(anonymous_9)","decl":{"start":{"line":31,"column":11},"end":{"line":31,"column":12}},"loc":{"start":{"line":31,"column":15},"end":{"line":34,"column":5}},"line":31},"10":{"name":"(anonymous_10)","decl":{"start":{"line":52,"column":24},"end":{"line":52,"column":25}},"loc":{"start":{"line":52,"column":34},"end":{"line":52,"column":273}},"line":52}},"branchMap":{"0":{"loc":{"start":{"line":18,"column":8},"end":{"line":18,"column":28}},"type":"if","locations":[{"start":{"line":18,"column":8},"end":{"line":18,"column":28}},{"start":{},"end":{}}],"line":18},"1":{"loc":{"start":{"line":19,"column":18},"end":{"line":19,"column":33}},"type":"binary-expr","locations":[{"start":{"line":19,"column":18},"end":{"line":19,"column":27}},{"start":{"line":19,"column":31},"end":{"line":19,"column":33}}],"line":19},"2":{"loc":{"start":{"line":42,"column":43},"end":{"line":42,"column":76}},"type":"cond-expr","locations":[{"start":{"line":42,"column":55},"end":{"line":42,"column":64}},{"start":{"line":42,"column":67},"end":{"line":42,"column":76}}],"line":42},"3":{"loc":{"start":{"line":42,"column":88},"end":{"line":42,"column":128}},"type":"cond-expr","locations":[{"start":{"line":42,"column":100},"end":{"line":42,"column":111}},{"start":{"line":42,"column":114},"end":{"line":42,"column":128}}],"line":42}},"s":{"0":2,"1":2,"2":2,"3":2,"4":1,"5":1,"6":1,"7":1,"8":0,"9":1,"10":1,"11":1,"12":1,"13":0,"14":1,"15":0,"16":1,"17":0,"18":0,"19":1,"20":1,"21":1,"22":2,"23":0},"f":{"0":2,"1":1,"2":1,"3":1,"4":0,"5":0,"6":0,"7":0,"8":0,"9":1,"10":0},"b":{"0":[0,1],"1":[1,1],"2":[0,2],"3":[0,2]},"_coverageSchema":"1a1c01bbd47fc00a2c39e90264f33305004495a9","hash":"3f60cf452cf72a5c32cbc17495a17f2681d7e234"}
}
