TN:
SF:src\components\ChartPanel.jsx
FN:4,ChartPanel
FN:13,(anonymous_1)
FN:31,(anonymous_2)
FN:39,(anonymous_3)
FN:46,(anonymous_4)
FN:48,(anonymous_5)
FN:48,(anonymous_6)
FN:54,(anonymous_7)
FN:59,(anonymous_8)
FN:65,(anonymous_9)
FN:67,(anonymous_10)
FN:83,(anonymous_11)
FN:89,(anonymous_12)
FN:93,onPointerMove
FN:110,onPointerLeave
FN:121,(anonymous_15)
FNF:16
FNH:12
FNDA:3,ChartPanel
FNDA:2,(anonymous_1)
FNDA:0,(anonymous_2)
FNDA:2,(anonymous_3)
FNDA:3,(anonymous_4)
FNDA:0,(anonymous_5)
FNDA:0,(anonymous_6)
FNDA:1,(anonymous_7)
FNDA:1,(anonymous_8)
FNDA:1,(anonymous_9)
FNDA:1,(anonymous_10)
FNDA:3,(anonymous_11)
FNDA:2,(anonymous_12)
FNDA:1,onPointerMove
FNDA:0,onPointerLeave
FNDA:2,(anonymous_15)
DA:5,3
DA:6,3
DA:7,3
DA:8,3
DA:9,3
DA:10,3
DA:11,3
DA:13,3
DA:14,2
DA:15,2
DA:18,2
DA:27,2
DA:28,2
DA:31,2
DA:32,0
DA:33,0
DA:34,0
DA:36,2
DA:37,2
DA:39,2
DA:40,2
DA:41,2
DA:42,2
DA:46,3
DA:48,3
DA:51,3
DA:53,3
DA:54,3
DA:58,3
DA:59,3
DA:61,1
DA:64,1
DA:65,1
DA:67,1
DA:74,1
DA:77,1
DA:78,1
DA:79,1
DA:83,3
DA:84,3
DA:89,3
DA:90,2
DA:91,2
DA:94,1
DA:95,1
DA:96,1
DA:97,1
DA:98,1
DA:99,1
DA:100,1
DA:101,1
DA:102,1
DA:103,1
DA:104,1
DA:105,1
DA:106,1
DA:111,0
DA:112,0
DA:113,0
DA:117,2
DA:118,2
DA:119,2
DA:120,2
DA:121,2
DA:122,2
DA:123,2
DA:124,2
DA:125,2
DA:129,3
LF:69
LH:63
BRDA:15,0,0,0
BRDA:15,0,1,2
BRDA:20,1,0,2
BRDA:20,1,1,2
BRDA:33,2,0,0
BRDA:33,2,1,0
BRDA:34,3,0,0
BRDA:34,3,1,0
BRDA:40,4,0,2
BRDA:40,4,1,0
BRDA:41,5,0,2
BRDA:41,5,1,0
BRDA:48,6,0,3
BRDA:48,6,1,0
BRDA:51,7,0,1
BRDA:51,7,1,2
BRDA:53,8,0,3
BRDA:53,8,1,0
BRDA:56,9,0,1
BRDA:56,9,1,0
BRDA:70,10,0,1
BRDA:70,10,1,0
BRDA:79,11,0,1
BRDA:79,11,1,0
BRDA:79,12,0,1
BRDA:79,12,1,1
BRDA:84,13,0,3
BRDA:84,13,1,0
BRDA:91,14,0,0
BRDA:91,14,1,2
BRDA:94,15,0,1
BRDA:94,15,1,0
BRDA:95,16,0,0
BRDA:95,16,1,1
BRDA:100,17,0,0
BRDA:100,17,1,1
BRDA:101,18,0,1
BRDA:101,18,1,0
BRDA:111,19,0,0
BRDA:111,19,1,0
BRF:40
BRH:20
end_of_record
TN:
SF:src\components\RulesPanel.jsx
FN:5,RulesPanel
FN:9,(anonymous_1)
FN:12,(anonymous_2)
FN:13,(anonymous_3)
FN:17,(anonymous_4)
FN:19,(anonymous_5)
FN:20,(anonymous_6)
FN:28,(anonymous_7)
FN:34,(anonymous_8)
FN:37,(anonymous_9)
FN:37,(anonymous_10)
FN:41,(anonymous_11)
FN:41,(anonymous_12)
FN:54,(anonymous_13)
FN:61,(anonymous_14)
FNF:15
FNH:4
FNDA:2,RulesPanel
FNDA:1,(anonymous_1)
FNDA:1,(anonymous_2)
FNDA:0,(anonymous_3)
FNDA:0,(anonymous_4)
FNDA:0,(anonymous_5)
FNDA:0,(anonymous_6)
FNDA:1,(anonymous_7)
FNDA:0,(anonymous_8)
FNDA:0,(anonymous_9)
FNDA:0,(anonymous_10)
FNDA:0,(anonymous_11)
FNDA:0,(anonymous_12)
FNDA:0,(anonymous_13)
FNDA:0,(anonymous_14)
DA:6,2
DA:7,2
DA:9,2
DA:10,1
DA:11,1
DA:12,1
DA:15,1
DA:16,1
DA:17,1
DA:19,0
DA:20,0
DA:21,0
DA:22,0
DA:23,0
DA:24,0
DA:28,1
DA:29,1
DA:30,1
DA:34,2
DA:36,0
DA:37,0
DA:38,0
DA:39,0
DA:41,0
DA:44,0
DA:46,0
DA:50,2
DA:55,0
DA:61,0
LF:29
LH:14
BRDA:12,0,0,1
BRDA:12,0,1,0
BRDA:12,1,0,1
BRDA:12,1,1,0
BRDA:21,2,0,0
BRDA:21,2,1,0
BRDA:30,3,0,1
BRDA:30,3,1,0
BRDA:37,4,0,0
BRDA:37,4,1,0
BRDA:39,5,0,0
BRDA:39,5,1,0
BRDA:41,6,0,0
BRDA:41,6,1,0
BRDA:58,7,0,0
BRDA:58,7,1,0
BRDA:61,8,0,0
BRDA:61,8,1,0
BRF:18
BRH:3
end_of_record
TN:
SF:src\pages\Dashboard.jsx
FN:7,Dashboard
FN:12,(anonymous_1)
FN:16,(anonymous_2)
FN:17,(anonymous_3)
FN:21,(anonymous_4)
FN:25,(anonymous_5)
FN:26,(anonymous_6)
FN:27,(anonymous_7)
FN:28,(anonymous_8)
FN:31,(anonymous_9)
FN:52,(anonymous_10)
FNF:11
FNH:5
FNDA:2,Dashboard
FNDA:1,(anonymous_1)
FNDA:1,(anonymous_2)
FNDA:1,(anonymous_3)
FNDA:0,(anonymous_4)
FNDA:0,(anonymous_5)
FNDA:0,(anonymous_6)
FNDA:0,(anonymous_7)
FNDA:0,(anonymous_8)
FNDA:1,(anonymous_9)
FNDA:0,(anonymous_10)
DA:8,2
DA:9,2
DA:10,2
DA:12,2
DA:13,1
DA:15,1
DA:16,1
DA:18,1
DA:19,1
DA:23,1
DA:24,1
DA:25,1
DA:26,1
DA:27,1
DA:28,0
DA:31,1
DA:32,1
DA:33,1
DA:37,2
DA:52,0
LF:20
LH:18
BRDA:18,0,0,0
BRDA:18,0,1,1
BRDA:19,1,0,1
BRDA:19,1,1,1
BRDA:42,2,0,0
BRDA:42,2,1,2
BRDA:42,3,0,0
BRDA:42,3,1,2
BRF:8
BRH:5
end_of_record
