{"D:\\Nanda_AI\\GIT_BN_Project\\banknifty-signals\\backend\\src\\services\\rules\\adrPdrBreakoutRule.ts": {"path":"D:\\Nanda_AI\\GIT_BN_Project\\banknifty-signals\\backend\\src\\services\\rules\\adrPdrBreakoutRule.ts","statementMap":{"0":{"start":{"line":1,"column":0},"end":{"line":1,"column":34}},"1":{"start":{"line":7,"column":4},"end":{"line":7,"column":69}},"2":{"start":{"line":8,"column":54},"end":{"line":8,"column":72}},"3":{"start":{"line":10,"column":25},"end":{"line":10,"column":57}},"4":{"start":{"line":11,"column":4},"end":{"line":13,"column":null}},"5":{"start":{"line":12,"column":6},"end":{"line":12,"column":83}},"6":{"start":{"line":16,"column":16},"end":{"line":16,"column":112}},"7":{"start":{"line":16,"column":69},"end":{"line":16,"column":95}},"8":{"start":{"line":19,"column":16},"end":{"line":19,"column":53}},"9":{"start":{"line":20,"column":20},"end":{"line":20,"column":28}},"10":{"start":{"line":21,"column":19},"end":{"line":21,"column":26}},"11":{"start":{"line":23,"column":26},"end":{"line":23,"column":69}},"12":{"start":{"line":24,"column":25},"end":{"line":24,"column":44}},"13":{"start":{"line":25,"column":23},"end":{"line":25,"column":46}},"14":{"start":{"line":26,"column":25},"end":{"line":26,"column":63}},"15":{"start":{"line":29,"column":4},"end":{"line":32,"column":null}},"16":{"start":{"line":30,"column":23},"end":{"line":30,"column":66}},"17":{"start":{"line":31,"column":6},"end":{"line":31,"column":106}},"18":{"start":{"line":34,"column":4},"end":{"line":37,"column":null}},"19":{"start":{"line":35,"column":23},"end":{"line":35,"column":65}},"20":{"start":{"line":36,"column":6},"end":{"line":36,"column":105}},"21":{"start":{"line":40,"column":20},"end":{"line":40,"column":33}},"22":{"start":{"line":41,"column":19},"end":{"line":41,"column":33}},"23":{"start":{"line":43,"column":4},"end":{"line":46,"column":null}},"24":{"start":{"line":44,"column":25},"end":{"line":44,"column":68}},"25":{"start":{"line":45,"column":8},"end":{"line":45,"column":118}},"26":{"start":{"line":48,"column":4},"end":{"line":51,"column":null}},"27":{"start":{"line":49,"column":25},"end":{"line":49,"column":67}},"28":{"start":{"line":50,"column":8},"end":{"line":50,"column":116}},"29":{"start":{"line":53,"column":4},"end":{"line":53,"column":112}},"30":{"start":{"line":5,"column":0},"end":{"line":5,"column":21}}},"fnMap":{"0":{"name":"(anonymous_0)","decl":{"start":{"line":6,"column":2},"end":{"line":6,"column":7}},"loc":{"start":{"line":6,"column":37},"end":{"line":54,"column":3}}},"1":{"name":"(anonymous_1)","decl":{"start":{"line":16,"column":55},"end":{"line":16,"column":56}},"loc":{"start":{"line":16,"column":69},"end":{"line":16,"column":95}}}},"branchMap":{"0":{"loc":{"start":{"line":11,"column":4},"end":{"line":13,"column":null}},"type":"if","locations":[{"start":{"line":11,"column":4},"end":{"line":13,"column":null}}]},"1":{"loc":{"start":{"line":11,"column":8},"end":{"line":11,"column":57}},"type":"binary-expr","locations":[{"start":{"line":11,"column":8},"end":{"line":11,"column":21}},{"start":{"line":11,"column":25},"end":{"line":11,"column":57}}]},"2":{"loc":{"start":{"line":29,"column":4},"end":{"line":32,"column":null}},"type":"if","locations":[{"start":{"line":29,"column":4},"end":{"line":32,"column":null}}]},"3":{"loc":{"start":{"line":34,"column":4},"end":{"line":37,"column":null}},"type":"if","locations":[{"start":{"line":34,"column":4},"end":{"line":37,"column":null}}]},"4":{"loc":{"start":{"line":43,"column":4},"end":{"line":46,"column":null}},"type":"if","locations":[{"start":{"line":43,"column":4},"end":{"line":46,"column":null}}]},"5":{"loc":{"start":{"line":48,"column":4},"end":{"line":51,"column":null}},"type":"if","locations":[{"start":{"line":48,"column":4},"end":{"line":51,"column":null}}]}},"s":{"0":1,"1":1,"2":1,"3":1,"4":1,"5":0,"6":1,"7":3,"8":1,"9":1,"10":1,"11":1,"12":1,"13":1,"14":1,"15":1,"16":0,"17":0,"18":1,"19":1,"20":1,"21":0,"22":0,"23":0,"24":0,"25":0,"26":0,"27":0,"28":0,"29":0,"30":1},"f":{"0":1,"1":3},"b":{"0":[0],"1":[1,1],"2":[0],"3":[1],"4":[0],"5":[0]}}
,"D:\\Nanda_AI\\GIT_BN_Project\\banknifty-signals\\backend\\src\\services\\rules\\atrNormalizationRule.ts": {"path":"D:\\Nanda_AI\\GIT_BN_Project\\banknifty-signals\\backend\\src\\services\\rules\\atrNormalizationRule.ts","statementMap":{"0":{"start":{"line":1,"column":0},"end":{"line":1,"column":34}},"1":{"start":{"line":3,"column":0},"end":{"line":3,"column":45}},"2":{"start":{"line":7,"column":4},"end":{"line":7,"column":56}},"3":{"start":{"line":8,"column":41},"end":{"line":8,"column":59}},"4":{"start":{"line":10,"column":18},"end":{"line":10,"column":50}},"5":{"start":{"line":10,"column":43},"end":{"line":10,"column":49}},"6":{"start":{"line":11,"column":17},"end":{"line":11,"column":48}},"7":{"start":{"line":11,"column":42},"end":{"line":11,"column":47}},"8":{"start":{"line":12,"column":19},"end":{"line":12,"column":52}},"9":{"start":{"line":12,"column":44},"end":{"line":12,"column":51}},"10":{"start":{"line":13,"column":22},"end":{"line":13,"column":58}},"11":{"start":{"line":14,"column":4},"end":{"line":14,"column":106}},"12":{"start":{"line":14,"column":46},"end":{"line":14,"column":106}},"13":{"start":{"line":16,"column":20},"end":{"line":16,"column":51}},"14":{"start":{"line":17,"column":4},"end":{"line":19,"column":null}},"15":{"start":{"line":18,"column":6},"end":{"line":18,"column":81}},"16":{"start":{"line":21,"column":4},"end":{"line":21,"column":60}},"17":{"start":{"line":5,"column":0},"end":{"line":5,"column":21}}},"fnMap":{"0":{"name":"(anonymous_0)","decl":{"start":{"line":6,"column":2},"end":{"line":6,"column":7}},"loc":{"start":{"line":6,"column":37},"end":{"line":22,"column":3}}},"1":{"name":"(anonymous_1)","decl":{"start":{"line":10,"column":38},"end":{"line":10,"column":39}},"loc":{"start":{"line":10,"column":43},"end":{"line":10,"column":49}}},"2":{"name":"(anonymous_2)","decl":{"start":{"line":11,"column":37},"end":{"line":11,"column":38}},"loc":{"start":{"line":11,"column":42},"end":{"line":11,"column":47}}},"3":{"name":"(anonymous_3)","decl":{"start":{"line":12,"column":39},"end":{"line":12,"column":40}},"loc":{"start":{"line":12,"column":44},"end":{"line":12,"column":51}}}},"branchMap":{"0":{"loc":{"start":{"line":14,"column":4},"end":{"line":14,"column":106}},"type":"if","locations":[{"start":{"line":14,"column":4},"end":{"line":14,"column":106}}]},"1":{"loc":{"start":{"line":14,"column":8},"end":{"line":14,"column":44}},"type":"binary-expr","locations":[{"start":{"line":14,"column":8},"end":{"line":14,"column":18}},{"start":{"line":14,"column":22},"end":{"line":14,"column":44}}]},"2":{"loc":{"start":{"line":17,"column":4},"end":{"line":19,"column":null}},"type":"if","locations":[{"start":{"line":17,"column":4},"end":{"line":19,"column":null}}]},"3":{"loc":{"start":{"line":17,"column":34},"end":{"line":17,"column":64}},"type":"binary-expr","locations":[{"start":{"line":17,"column":34},"end":{"line":17,"column":59}},{"start":{"line":17,"column":63},"end":{"line":17,"column":64}}]}},"s":{"0":1,"1":1,"2":1,"3":1,"4":1,"5":30,"6":1,"7":30,"8":1,"9":30,"10":1,"11":1,"12":0,"13":1,"14":1,"15":0,"16":1,"17":1},"f":{"0":1,"1":30,"2":30,"3":30},"b":{"0":[0],"1":[1,1],"2":[0],"3":[1,0]}}
,"D:\\Nanda_AI\\GIT_BN_Project\\banknifty-signals\\backend\\src\\services\\rules\\base.ts": {"path":"D:\\Nanda_AI\\GIT_BN_Project\\banknifty-signals\\backend\\src\\services\\rules\\base.ts","statementMap":{"0":{"start":{"line":3,"column":0},"end":{"line":3,"column":null}},"1":{"start":{"line":4,"column":2},"end":{"line":4,"column":null}},"2":{"start":{"line":5,"column":2},"end":{"line":5,"column":null}},"3":{"start":{"line":6,"column":2},"end":{"line":6,"column":null}},"4":{"start":{"line":13,"column":4},"end":{"line":13,"column":25}},"5":{"start":{"line":19,"column":4},"end":{"line":25,"column":null}},"6":{"start":{"line":20,"column":6},"end":{"line":24,"column":null}},"7":{"start":{"line":21,"column":25},"end":{"line":21,"column":74}},"8":{"start":{"line":22,"column":8},"end":{"line":22,"column":48}},"9":{"start":{"line":23,"column":8},"end":{"line":23,"column":18}},"10":{"start":{"line":29,"column":4},"end":{"line":29,"column":35}},"11":{"start":{"line":9,"column":0},"end":{"line":9,"column":22}}},"fnMap":{"0":{"name":"(anonymous_0)","decl":{"start":{"line":3,"column":0},"end":{"line":3,"column":12}},"loc":{"start":{"line":3,"column":25},"end":{"line":7,"column":1}}},"1":{"name":"(anonymous_1)","decl":{"start":{"line":12,"column":2},"end":{"line":12,"column":14}},"loc":{"start":{"line":12,"column":32},"end":{"line":14,"column":3}}},"2":{"name":"(anonymous_2)","decl":{"start":{"line":18,"column":12},"end":{"line":18,"column":26}},"loc":{"start":{"line":18,"column":45},"end":{"line":26,"column":3}}},"3":{"name":"(anonymous_3)","decl":{"start":{"line":28,"column":12},"end":{"line":28,"column":24}},"loc":{"start":{"line":28,"column":69},"end":{"line":30,"column":3}}}},"branchMap":{"0":{"loc":{"start":{"line":3,"column":12},"end":{"line":3,"column":null}},"type":"binary-expr","locations":[{"start":{"line":3,"column":12},"end":{"line":3,"column":25}},{"start":{"line":3,"column":25},"end":{"line":3,"column":null}}]},"1":{"loc":{"start":{"line":20,"column":6},"end":{"line":24,"column":null}},"type":"if","locations":[{"start":{"line":20,"column":6},"end":{"line":24,"column":null}}]}},"s":{"0":44,"1":44,"2":44,"3":44,"4":47,"5":47,"6":130,"7":0,"8":0,"9":0,"10":47,"11":44},"f":{"0":44,"1":47,"2":47,"3":47},"b":{"0":[44,44],"1":[0]}}
,"D:\\Nanda_AI\\GIT_BN_Project\\banknifty-signals\\backend\\src\\services\\rules\\bollingerSqueezeRule.ts": {"path":"D:\\Nanda_AI\\GIT_BN_Project\\banknifty-signals\\backend\\src\\services\\rules\\bollingerSqueezeRule.ts","statementMap":{"0":{"start":{"line":1,"column":0},"end":{"line":1,"column":34}},"1":{"start":{"line":3,"column":0},"end":{"line":3,"column":66}},"2":{"start":{"line":7,"column":4},"end":{"line":7,"column":88}},"3":{"start":{"line":8,"column":67},"end":{"line":8,"column":85}},"4":{"start":{"line":10,"column":19},"end":{"line":10,"column":52}},"5":{"start":{"line":10,"column":44},"end":{"line":10,"column":51}},"6":{"start":{"line":11,"column":15},"end":{"line":11,"column":55}},"7":{"start":{"line":13,"column":4},"end":{"line":15,"column":null}},"8":{"start":{"line":14,"column":6},"end":{"line":14,"column":65}},"9":{"start":{"line":18,"column":22},"end":{"line":18,"column":51}},"10":{"start":{"line":19,"column":22},"end":{"line":19,"column":51}},"11":{"start":{"line":20,"column":23},"end":{"line":20,"column":54}},"12":{"start":{"line":21,"column":22},"end":{"line":21,"column":65}},"13":{"start":{"line":24,"column":4},"end":{"line":38,"column":null}},"14":{"start":{"line":26,"column":27},"end":{"line":26,"column":65}},"15":{"start":{"line":27,"column":27},"end":{"line":27,"column":64}},"16":{"start":{"line":27,"column":50},"end":{"line":27,"column":63}},"17":{"start":{"line":28,"column":27},"end":{"line":28,"column":64}},"18":{"start":{"line":28,"column":50},"end":{"line":28,"column":63}},"19":{"start":{"line":30,"column":6},"end":{"line":32,"column":null}},"20":{"start":{"line":31,"column":8},"end":{"line":31,"column":129}},"21":{"start":{"line":33,"column":6},"end":{"line":35,"column":null}},"22":{"start":{"line":34,"column":8},"end":{"line":34,"column":129}},"23":{"start":{"line":37,"column":6},"end":{"line":37,"column":127}},"24":{"start":{"line":40,"column":4},"end":{"line":40,"column":65}},"25":{"start":{"line":5,"column":0},"end":{"line":5,"column":21}}},"fnMap":{"0":{"name":"(anonymous_0)","decl":{"start":{"line":6,"column":2},"end":{"line":6,"column":7}},"loc":{"start":{"line":6,"column":37},"end":{"line":41,"column":3}}},"1":{"name":"(anonymous_1)","decl":{"start":{"line":10,"column":39},"end":{"line":10,"column":40}},"loc":{"start":{"line":10,"column":44},"end":{"line":10,"column":51}}},"2":{"name":"(anonymous_2)","decl":{"start":{"line":27,"column":45},"end":{"line":27,"column":46}},"loc":{"start":{"line":27,"column":50},"end":{"line":27,"column":63}}},"3":{"name":"(anonymous_3)","decl":{"start":{"line":28,"column":45},"end":{"line":28,"column":46}},"loc":{"start":{"line":28,"column":50},"end":{"line":28,"column":63}}}},"branchMap":{"0":{"loc":{"start":{"line":13,"column":4},"end":{"line":15,"column":null}},"type":"if","locations":[{"start":{"line":13,"column":4},"end":{"line":15,"column":null}}]},"1":{"loc":{"start":{"line":13,"column":8},"end":{"line":13,"column":80}},"type":"binary-expr","locations":[{"start":{"line":13,"column":8},"end":{"line":13,"column":30}},{"start":{"line":13,"column":34},"end":{"line":13,"column":55}},{"start":{"line":13,"column":59},"end":{"line":13,"column":80}}]},"2":{"loc":{"start":{"line":21,"column":49},"end":{"line":21,"column":64}},"type":"binary-expr","locations":[{"start":{"line":21,"column":49},"end":{"line":21,"column":59}},{"start":{"line":21,"column":63},"end":{"line":21,"column":64}}]},"3":{"loc":{"start":{"line":24,"column":4},"end":{"line":38,"column":null}},"type":"if","locations":[{"start":{"line":24,"column":4},"end":{"line":38,"column":null}}]},"4":{"loc":{"start":{"line":30,"column":6},"end":{"line":32,"column":null}},"type":"if","locations":[{"start":{"line":30,"column":6},"end":{"line":32,"column":null}}]},"5":{"loc":{"start":{"line":33,"column":6},"end":{"line":35,"column":null}},"type":"if","locations":[{"start":{"line":33,"column":6},"end":{"line":35,"column":null}}]}},"s":{"0":1,"1":1,"2":1,"3":1,"4":1,"5":20,"6":1,"7":1,"8":0,"9":1,"10":1,"11":1,"12":1,"13":1,"14":0,"15":0,"16":0,"17":0,"18":0,"19":0,"20":0,"21":0,"22":0,"23":0,"24":1,"25":1},"f":{"0":1,"1":20,"2":0,"3":0},"b":{"0":[0],"1":[1,1,1],"2":[1,0],"3":[0],"4":[0],"5":[0]}}
,"D:\\Nanda_AI\\GIT_BN_Project\\banknifty-signals\\backend\\src\\services\\rules\\breadthProxyRule.ts": {"path":"D:\\Nanda_AI\\GIT_BN_Project\\banknifty-signals\\backend\\src\\services\\rules\\breadthProxyRule.ts","statementMap":{"0":{"start":{"line":1,"column":0},"end":{"line":1,"column":34}},"1":{"start":{"line":6,"column":4},"end":{"line":6,"column":70}},"2":{"start":{"line":7,"column":55},"end":{"line":7,"column":73}},"3":{"start":{"line":9,"column":18},"end":{"line":9,"column":43}},"4":{"start":{"line":10,"column":18},"end":{"line":10,"column":28}},"5":{"start":{"line":11,"column":2},"end":{"line":11,"column":81}},"6":{"start":{"line":11,"column":16},"end":{"line":11,"column":81}},"7":{"start":{"line":13,"column":14},"end":{"line":13,"column":30}},"8":{"start":{"line":14,"column":15},"end":{"line":14,"column":32}},"9":{"start":{"line":15,"column":18},"end":{"line":15,"column":35}},"10":{"start":{"line":16,"column":4},"end":{"line":16,"column":94}},"11":{"start":{"line":16,"column":36},"end":{"line":16,"column":94}},"12":{"start":{"line":17,"column":4},"end":{"line":17,"column":98}},"13":{"start":{"line":17,"column":40},"end":{"line":17,"column":98}},"14":{"start":{"line":18,"column":4},"end":{"line":18,"column":58}},"15":{"start":{"line":4,"column":0},"end":{"line":4,"column":21}}},"fnMap":{"0":{"name":"(anonymous_0)","decl":{"start":{"line":5,"column":2},"end":{"line":5,"column":7}},"loc":{"start":{"line":5,"column":37},"end":{"line":19,"column":3}}}},"branchMap":{"0":{"loc":{"start":{"line":9,"column":18},"end":{"line":9,"column":43}},"type":"binary-expr","locations":[{"start":{"line":9,"column":18},"end":{"line":9,"column":37}},{"start":{"line":9,"column":41},"end":{"line":9,"column":43}}]},"1":{"loc":{"start":{"line":11,"column":2},"end":{"line":11,"column":81}},"type":"if","locations":[{"start":{"line":11,"column":2},"end":{"line":11,"column":81}}]},"2":{"loc":{"start":{"line":13,"column":14},"end":{"line":13,"column":30}},"type":"binary-expr","locations":[{"start":{"line":13,"column":14},"end":{"line":13,"column":25}},{"start":{"line":13,"column":29},"end":{"line":13,"column":30}}]},"3":{"loc":{"start":{"line":14,"column":15},"end":{"line":14,"column":32}},"type":"binary-expr","locations":[{"start":{"line":14,"column":15},"end":{"line":14,"column":27}},{"start":{"line":14,"column":31},"end":{"line":14,"column":32}}]},"4":{"loc":{"start":{"line":15,"column":25},"end":{"line":15,"column":34}},"type":"binary-expr","locations":[{"start":{"line":15,"column":25},"end":{"line":15,"column":29}},{"start":{"line":15,"column":33},"end":{"line":15,"column":34}}]},"5":{"loc":{"start":{"line":16,"column":4},"end":{"line":16,"column":94}},"type":"if","locations":[{"start":{"line":16,"column":4},"end":{"line":16,"column":94}}]},"6":{"loc":{"start":{"line":17,"column":4},"end":{"line":17,"column":98}},"type":"if","locations":[{"start":{"line":17,"column":4},"end":{"line":17,"column":98}}]}},"s":{"0":1,"1":1,"2":1,"3":1,"4":1,"5":1,"6":0,"7":1,"8":1,"9":1,"10":1,"11":1,"12":0,"13":0,"14":0,"15":1},"f":{"0":1},"b":{"0":[1,0],"1":[0],"2":[1,0],"3":[1,0],"4":[1,0],"5":[1],"6":[0]}}
,"D:\\Nanda_AI\\GIT_BN_Project\\banknifty-signals\\backend\\src\\services\\rules\\breakRetestRule.ts": {"path":"D:\\Nanda_AI\\GIT_BN_Project\\banknifty-signals\\backend\\src\\services\\rules\\breakRetestRule.ts","statementMap":{"0":{"start":{"line":1,"column":0},"end":{"line":1,"column":34}},"1":{"start":{"line":6,"column":4},"end":{"line":6,"column":63}},"2":{"start":{"line":7,"column":48},"end":{"line":7,"column":66}},"3":{"start":{"line":9,"column":20},"end":{"line":9,"column":35}},"4":{"start":{"line":10,"column":4},"end":{"line":10,"column":98}},"5":{"start":{"line":10,"column":42},"end":{"line":10,"column":98}},"6":{"start":{"line":13,"column":17},"end":{"line":13,"column":44}},"7":{"start":{"line":14,"column":17},"end":{"line":14,"column":44}},"8":{"start":{"line":15,"column":4},"end":{"line":15,"column":114}},"9":{"start":{"line":15,"column":64},"end":{"line":15,"column":114}},"10":{"start":{"line":18,"column":19},"end":{"line":18,"column":54}},"11":{"start":{"line":19,"column":19},"end":{"line":19,"column":89}},"12":{"start":{"line":19,"column":36},"end":{"line":19,"column":88}},"13":{"start":{"line":20,"column":4},"end":{"line":20,"column":82}},"14":{"start":{"line":20,"column":16},"end":{"line":20,"column":82}},"15":{"start":{"line":22,"column":4},"end":{"line":22,"column":68}},"16":{"start":{"line":4,"column":0},"end":{"line":4,"column":21}}},"fnMap":{"0":{"name":"(anonymous_0)","decl":{"start":{"line":5,"column":2},"end":{"line":5,"column":7}},"loc":{"start":{"line":5,"column":37},"end":{"line":23,"column":3}}},"1":{"name":"(anonymous_1)","decl":{"start":{"line":19,"column":31},"end":{"line":19,"column":32}},"loc":{"start":{"line":19,"column":36},"end":{"line":19,"column":88}}}},"branchMap":{"0":{"loc":{"start":{"line":10,"column":4},"end":{"line":10,"column":98}},"type":"if","locations":[{"start":{"line":10,"column":4},"end":{"line":10,"column":98}}]},"1":{"loc":{"start":{"line":15,"column":4},"end":{"line":15,"column":114}},"type":"if","locations":[{"start":{"line":15,"column":4},"end":{"line":15,"column":114}}]},"2":{"loc":{"start":{"line":20,"column":4},"end":{"line":20,"column":82}},"type":"if","locations":[{"start":{"line":20,"column":4},"end":{"line":20,"column":82}}]}},"s":{"0":1,"1":1,"2":1,"3":1,"4":1,"5":0,"6":1,"7":1,"8":1,"9":1,"10":0,"11":0,"12":0,"13":0,"14":0,"15":0,"16":1},"f":{"0":1,"1":0},"b":{"0":[0],"1":[1],"2":[0]}}
,"D:\\Nanda_AI\\GIT_BN_Project\\banknifty-signals\\backend\\src\\services\\rules\\cvdImbalanceRule.ts": {"path":"D:\\Nanda_AI\\GIT_BN_Project\\banknifty-signals\\backend\\src\\services\\rules\\cvdImbalanceRule.ts","statementMap":{"0":{"start":{"line":1,"column":0},"end":{"line":1,"column":34}},"1":{"start":{"line":3,"column":0},"end":{"line":3,"column":45}},"2":{"start":{"line":7,"column":4},"end":{"line":7,"column":55}},"3":{"start":{"line":8,"column":40},"end":{"line":8,"column":58}},"4":{"start":{"line":10,"column":19},"end":{"line":10,"column":52}},"5":{"start":{"line":11,"column":20},"end":{"line":11,"column":34}},"6":{"start":{"line":12,"column":4},"end":{"line":12,"column":112}},"7":{"start":{"line":12,"column":51},"end":{"line":12,"column":112}},"8":{"start":{"line":14,"column":19},"end":{"line":14,"column":51}},"9":{"start":{"line":15,"column":19},"end":{"line":15,"column":56}},"10":{"start":{"line":16,"column":22},"end":{"line":16,"column":38}},"11":{"start":{"line":17,"column":4},"end":{"line":20,"column":null}},"12":{"start":{"line":18,"column":18},"end":{"line":18,"column":45}},"13":{"start":{"line":19,"column":6},"end":{"line":19,"column":85}},"14":{"start":{"line":21,"column":4},"end":{"line":21,"column":71}},"15":{"start":{"line":5,"column":0},"end":{"line":5,"column":21}}},"fnMap":{"0":{"name":"(anonymous_0)","decl":{"start":{"line":6,"column":2},"end":{"line":6,"column":7}},"loc":{"start":{"line":6,"column":37},"end":{"line":22,"column":3}}}},"branchMap":{"0":{"loc":{"start":{"line":10,"column":19},"end":{"line":10,"column":52}},"type":"binary-expr","locations":[{"start":{"line":10,"column":19},"end":{"line":10,"column":46}},{"start":{"line":10,"column":50},"end":{"line":10,"column":52}}]},"1":{"loc":{"start":{"line":11,"column":20},"end":{"line":11,"column":34}},"type":"binary-expr","locations":[{"start":{"line":11,"column":20},"end":{"line":11,"column":28}},{"start":{"line":11,"column":32},"end":{"line":11,"column":34}}]},"2":{"loc":{"start":{"line":12,"column":4},"end":{"line":12,"column":112}},"type":"if","locations":[{"start":{"line":12,"column":4},"end":{"line":12,"column":112}}]},"3":{"loc":{"start":{"line":12,"column":8},"end":{"line":12,"column":49}},"type":"binary-expr","locations":[{"start":{"line":12,"column":8},"end":{"line":12,"column":17}},{"start":{"line":12,"column":21},"end":{"line":12,"column":49}}]},"4":{"loc":{"start":{"line":17,"column":4},"end":{"line":20,"column":null}},"type":"if","locations":[{"start":{"line":17,"column":4},"end":{"line":20,"column":null}}]},"5":{"loc":{"start":{"line":18,"column":18},"end":{"line":18,"column":45}},"type":"cond-expr","locations":[{"start":{"line":18,"column":31},"end":{"line":18,"column":36}},{"start":{"line":18,"column":39},"end":{"line":18,"column":45}}]}},"s":{"0":1,"1":1,"2":1,"3":1,"4":1,"5":1,"6":1,"7":0,"8":1,"9":1,"10":1,"11":1,"12":1,"13":1,"14":0,"15":1},"f":{"0":1},"b":{"0":[1,0],"1":[1,0],"2":[0],"3":[1,1],"4":[1],"5":[1,0]}}
,"D:\\Nanda_AI\\GIT_BN_Project\\banknifty-signals\\backend\\src\\services\\rules\\dynamicSRRule.ts": {"path":"D:\\Nanda_AI\\GIT_BN_Project\\banknifty-signals\\backend\\src\\services\\rules\\dynamicSRRule.ts","statementMap":{"0":{"start":{"line":1,"column":0},"end":{"line":1,"column":34}},"1":{"start":{"line":3,"column":0},"end":{"line":3,"column":70}},"2":{"start":{"line":14,"column":4},"end":{"line":14,"column":77}},"3":{"start":{"line":15,"column":60},"end":{"line":15,"column":78}},"4":{"start":{"line":17,"column":20},"end":{"line":17,"column":35}},"5":{"start":{"line":18,"column":4},"end":{"line":20,"column":null}},"6":{"start":{"line":19,"column":6},"end":{"line":19,"column":79}},"7":{"start":{"line":23,"column":25},"end":{"line":23,"column":58}},"8":{"start":{"line":24,"column":24},"end":{"line":24,"column":56}},"9":{"start":{"line":25,"column":23},"end":{"line":25,"column":54}},"10":{"start":{"line":28,"column":19},"end":{"line":28,"column":69}},"11":{"start":{"line":31,"column":31},"end":{"line":31,"column":67}},"12":{"start":{"line":32,"column":25},"end":{"line":33,"column":null}},"13":{"start":{"line":33,"column":6},"end":{"line":33,"column":64}},"14":{"start":{"line":36,"column":4},"end":{"line":38,"column":null}},"15":{"start":{"line":37,"column":6},"end":{"line":37,"column":65}},"16":{"start":{"line":41,"column":4},"end":{"line":45,"column":7}},"17":{"start":{"line":42,"column":21},"end":{"line":42,"column":93}},"18":{"start":{"line":43,"column":21},"end":{"line":43,"column":93}},"19":{"start":{"line":44,"column":6},"end":{"line":44,"column":29}},"20":{"start":{"line":47,"column":33},"end":{"line":47,"column":48}},"21":{"start":{"line":50,"column":4},"end":{"line":59,"column":null}},"22":{"start":{"line":53,"column":31},"end":{"line":53,"column":95}},"23":{"start":{"line":54,"column":6},"end":{"line":58,"column":8}},"24":{"start":{"line":61,"column":4},"end":{"line":70,"column":null}},"25":{"start":{"line":64,"column":31},"end":{"line":64,"column":95}},"26":{"start":{"line":65,"column":6},"end":{"line":69,"column":8}},"27":{"start":{"line":73,"column":22},"end":{"line":76,"column":6}},"28":{"start":{"line":74,"column":23},"end":{"line":74,"column":59}},"29":{"start":{"line":75,"column":6},"end":{"line":75,"column":49}},"30":{"start":{"line":78,"column":4},"end":{"line":85,"column":null}},"31":{"start":{"line":79,"column":27},"end":{"line":79,"column":102}},"32":{"start":{"line":80,"column":6},"end":{"line":84,"column":8}},"33":{"start":{"line":87,"column":4},"end":{"line":91,"column":6}},"34":{"start":{"line":95,"column":18},"end":{"line":95,"column":42}},"35":{"start":{"line":95,"column":35},"end":{"line":95,"column":41}},"36":{"start":{"line":96,"column":17},"end":{"line":96,"column":40}},"37":{"start":{"line":96,"column":34},"end":{"line":96,"column":39}},"38":{"start":{"line":97,"column":19},"end":{"line":97,"column":44}},"39":{"start":{"line":97,"column":36},"end":{"line":97,"column":43}},"40":{"start":{"line":100,"column":49},"end":{"line":100,"column":69}},"41":{"start":{"line":102,"column":25},"end":{"line":102,"column":44}},"42":{"start":{"line":104,"column":28},"end":{"line":104,"column":47}},"43":{"start":{"line":107,"column":50},"end":{"line":107,"column":59}},"44":{"start":{"line":110,"column":4},"end":{"line":124,"column":7}},"45":{"start":{"line":111,"column":20},"end":{"line":111,"column":50}},"46":{"start":{"line":112,"column":6},"end":{"line":123,"column":null}},"47":{"start":{"line":113,"column":8},"end":{"line":118,"column":11}},"48":{"start":{"line":120,"column":22},"end":{"line":120,"column":49}},"49":{"start":{"line":121,"column":8},"end":{"line":121,"column":24}},"50":{"start":{"line":122,"column":8},"end":{"line":122,"column":88}},"51":{"start":{"line":127,"column":4},"end":{"line":141,"column":7}},"52":{"start":{"line":128,"column":20},"end":{"line":128,"column":49}},"53":{"start":{"line":129,"column":6},"end":{"line":140,"column":null}},"54":{"start":{"line":130,"column":8},"end":{"line":135,"column":11}},"55":{"start":{"line":137,"column":22},"end":{"line":137,"column":49}},"56":{"start":{"line":138,"column":8},"end":{"line":138,"column":24}},"57":{"start":{"line":139,"column":8},"end":{"line":139,"column":88}},"58":{"start":{"line":144,"column":21},"end":{"line":144,"column":57}},"59":{"start":{"line":145,"column":4},"end":{"line":164,"column":7}},"60":{"start":{"line":147,"column":22},"end":{"line":149,"column":null}},"61":{"start":{"line":148,"column":8},"end":{"line":149,"column":59}},"62":{"start":{"line":152,"column":6},"end":{"line":163,"column":null}},"63":{"start":{"line":153,"column":23},"end":{"line":153,"column":85}},"64":{"start":{"line":153,"column":40},"end":{"line":153,"column":84}},"65":{"start":{"line":154,"column":26},"end":{"line":154,"column":65}},"66":{"start":{"line":157,"column":8},"end":{"line":157,"column":30}},"67":{"start":{"line":160,"column":8},"end":{"line":162,"column":null}},"68":{"start":{"line":161,"column":10},"end":{"line":161,"column":32}},"69":{"start":{"line":166,"column":4},"end":{"line":166,"column":56}},"70":{"start":{"line":166,"column":36},"end":{"line":166,"column":54}},"71":{"start":{"line":171,"column":26},"end":{"line":171,"column":50}},"72":{"start":{"line":174,"column":28},"end":{"line":174,"column":47}},"73":{"start":{"line":177,"column":4},"end":{"line":177,"column":57}},"74":{"start":{"line":12,"column":0},"end":{"line":12,"column":21}}},"fnMap":{"0":{"name":"(anonymous_0)","decl":{"start":{"line":13,"column":2},"end":{"line":13,"column":7}},"loc":{"start":{"line":13,"column":37},"end":{"line":92,"column":3}}},"1":{"name":"(anonymous_1)","decl":{"start":{"line":32,"column":39},"end":{"line":32,"column":44}},"loc":{"start":{"line":33,"column":6},"end":{"line":33,"column":64}}},"2":{"name":"(anonymous_2)","decl":{"start":{"line":41,"column":22},"end":{"line":41,"column":23}},"loc":{"start":{"line":41,"column":31},"end":{"line":45,"column":5}}},"3":{"name":"(anonymous_3)","decl":{"start":{"line":73,"column":40},"end":{"line":73,"column":45}},"loc":{"start":{"line":73,"column":48},"end":{"line":76,"column":5}}},"4":{"name":"(anonymous_4)","decl":{"start":{"line":94,"column":10},"end":{"line":94,"column":26}},"loc":{"start":{"line":94,"column":41},"end":{"line":167,"column":3}}},"5":{"name":"(anonymous_5)","decl":{"start":{"line":95,"column":30},"end":{"line":95,"column":31}},"loc":{"start":{"line":95,"column":35},"end":{"line":95,"column":41}}},"6":{"name":"(anonymous_6)","decl":{"start":{"line":96,"column":29},"end":{"line":96,"column":30}},"loc":{"start":{"line":96,"column":34},"end":{"line":96,"column":39}}},"7":{"name":"(anonymous_7)","decl":{"start":{"line":97,"column":31},"end":{"line":97,"column":32}},"loc":{"start":{"line":97,"column":36},"end":{"line":97,"column":43}}},"8":{"name":"(anonymous_8)","decl":{"start":{"line":110,"column":23},"end":{"line":110,"column":24}},"loc":{"start":{"line":110,"column":27},"end":{"line":124,"column":5}}},"9":{"name":"(anonymous_9)","decl":{"start":{"line":127,"column":30},"end":{"line":127,"column":31}},"loc":{"start":{"line":127,"column":34},"end":{"line":141,"column":5}}},"10":{"name":"(anonymous_10)","decl":{"start":{"line":145,"column":21},"end":{"line":145,"column":26}},"loc":{"start":{"line":145,"column":29},"end":{"line":164,"column":5}}},"11":{"name":"(anonymous_11)","decl":{"start":{"line":147,"column":37},"end":{"line":147,"column":38}},"loc":{"start":{"line":148,"column":8},"end":{"line":149,"column":59}}},"12":{"name":"(anonymous_12)","decl":{"start":{"line":153,"column":35},"end":{"line":153,"column":36}},"loc":{"start":{"line":153,"column":40},"end":{"line":153,"column":84}}},"13":{"name":"(anonymous_13)","decl":{"start":{"line":166,"column":27},"end":{"line":166,"column":32}},"loc":{"start":{"line":166,"column":36},"end":{"line":166,"column":54}}},"14":{"name":"(anonymous_14)","decl":{"start":{"line":169,"column":10},"end":{"line":169,"column":32}},"loc":{"start":{"line":169,"column":65},"end":{"line":178,"column":3}}}},"branchMap":{"0":{"loc":{"start":{"line":18,"column":4},"end":{"line":20,"column":null}},"type":"if","locations":[{"start":{"line":18,"column":4},"end":{"line":20,"column":null}}]},"1":{"loc":{"start":{"line":36,"column":4},"end":{"line":38,"column":null}},"type":"if","locations":[{"start":{"line":36,"column":4},"end":{"line":38,"column":null}}]},"2":{"loc":{"start":{"line":50,"column":4},"end":{"line":59,"column":null}},"type":"if","locations":[{"start":{"line":50,"column":4},"end":{"line":59,"column":null}}]},"3":{"loc":{"start":{"line":50,"column":8},"end":{"line":51,"column":48}},"type":"binary-expr","locations":[{"start":{"line":50,"column":8},"end":{"line":50,"column":50}},{"start":{"line":51,"column":8},"end":{"line":51,"column":48}}]},"4":{"loc":{"start":{"line":61,"column":4},"end":{"line":70,"column":null}},"type":"if","locations":[{"start":{"line":61,"column":4},"end":{"line":70,"column":null}}]},"5":{"loc":{"start":{"line":61,"column":8},"end":{"line":62,"column":47}},"type":"binary-expr","locations":[{"start":{"line":61,"column":8},"end":{"line":61,"column":47}},{"start":{"line":62,"column":8},"end":{"line":62,"column":47}}]},"6":{"loc":{"start":{"line":78,"column":4},"end":{"line":85,"column":null}},"type":"if","locations":[{"start":{"line":78,"column":4},"end":{"line":85,"column":null}}]},"7":{"loc":{"start":{"line":112,"column":6},"end":{"line":123,"column":null}},"type":"if","locations":[{"start":{"line":112,"column":6},"end":{"line":123,"column":null}},{"start":{"line":119,"column":13},"end":{"line":123,"column":null}}]},"8":{"loc":{"start":{"line":129,"column":6},"end":{"line":140,"column":null}},"type":"if","locations":[{"start":{"line":129,"column":6},"end":{"line":140,"column":null}},{"start":{"line":136,"column":13},"end":{"line":140,"column":null}}]},"9":{"loc":{"start":{"line":148,"column":8},"end":{"line":149,"column":59}},"type":"binary-expr","locations":[{"start":{"line":148,"column":8},"end":{"line":148,"column":60}},{"start":{"line":149,"column":8},"end":{"line":149,"column":59}}]},"10":{"loc":{"start":{"line":152,"column":6},"end":{"line":163,"column":null}},"type":"if","locations":[{"start":{"line":152,"column":6},"end":{"line":163,"column":null}}]},"11":{"loc":{"start":{"line":153,"column":40},"end":{"line":153,"column":84}},"type":"cond-expr","locations":[{"start":{"line":153,"column":70},"end":{"line":153,"column":76}},{"start":{"line":153,"column":79},"end":{"line":153,"column":84}}]},"12":{"loc":{"start":{"line":160,"column":8},"end":{"line":162,"column":null}},"type":"if","locations":[{"start":{"line":160,"column":8},"end":{"line":162,"column":null}}]}},"s":{"0":1,"1":1,"2":1,"3":1,"4":1,"5":1,"6":0,"7":1,"8":1,"9":1,"10":1,"11":1,"12":1,"13":1,"14":1,"15":0,"16":1,"17":0,"18":0,"19":0,"20":1,"21":1,"22":1,"23":1,"24":0,"25":0,"26":0,"27":0,"28":0,"29":0,"30":0,"31":0,"32":0,"33":0,"34":1,"35":50,"36":1,"37":50,"38":1,"39":50,"40":1,"41":1,"42":1,"43":1,"44":1,"45":21,"46":21,"47":1,"48":20,"49":20,"50":20,"51":1,"52":0,"53":0,"54":0,"55":0,"56":0,"57":0,"58":1,"59":1,"60":1,"61":50,"62":1,"63":1,"64":21,"65":1,"66":1,"67":1,"68":0,"69":1,"70":1,"71":20,"72":20,"73":20,"74":1},"f":{"0":1,"1":1,"2":0,"3":0,"4":1,"5":50,"6":50,"7":50,"8":21,"9":0,"10":1,"11":50,"12":21,"13":1,"14":20},"b":{"0":[0],"1":[0],"2":[1],"3":[1,1],"4":[0],"5":[0,0],"6":[0],"7":[1,20],"8":[0,0],"9":[50,29],"10":[1],"11":[21,0],"12":[0]}}
,"D:\\Nanda_AI\\GIT_BN_Project\\banknifty-signals\\backend\\src\\services\\rules\\engulfingVolumeRule.ts": {"path":"D:\\Nanda_AI\\GIT_BN_Project\\banknifty-signals\\backend\\src\\services\\rules\\engulfingVolumeRule.ts","statementMap":{"0":{"start":{"line":1,"column":0},"end":{"line":1,"column":34}},"1":{"start":{"line":6,"column":4},"end":{"line":6,"column":61}},"2":{"start":{"line":7,"column":46},"end":{"line":7,"column":64}},"3":{"start":{"line":9,"column":20},"end":{"line":9,"column":35}},"4":{"start":{"line":10,"column":4},"end":{"line":10,"column":99}},"5":{"start":{"line":10,"column":43},"end":{"line":10,"column":99}},"6":{"start":{"line":12,"column":17},"end":{"line":12,"column":44}},"7":{"start":{"line":13,"column":17},"end":{"line":13,"column":44}},"8":{"start":{"line":15,"column":28},"end":{"line":15,"column":104}},"9":{"start":{"line":16,"column":28},"end":{"line":16,"column":104}},"10":{"start":{"line":18,"column":19},"end":{"line":18,"column":104}},"11":{"start":{"line":18,"column":73},"end":{"line":18,"column":85}},"12":{"start":{"line":19,"column":4},"end":{"line":19,"column":134}},"13":{"start":{"line":19,"column":67},"end":{"line":19,"column":134}},"14":{"start":{"line":20,"column":4},"end":{"line":20,"column":134}},"15":{"start":{"line":20,"column":67},"end":{"line":20,"column":134}},"16":{"start":{"line":22,"column":4},"end":{"line":22,"column":62}},"17":{"start":{"line":4,"column":0},"end":{"line":4,"column":21}}},"fnMap":{"0":{"name":"(anonymous_0)","decl":{"start":{"line":5,"column":2},"end":{"line":5,"column":7}},"loc":{"start":{"line":5,"column":37},"end":{"line":23,"column":3}}},"1":{"name":"(anonymous_1)","decl":{"start":{"line":18,"column":63},"end":{"line":18,"column":64}},"loc":{"start":{"line":18,"column":73},"end":{"line":18,"column":85}}}},"branchMap":{"0":{"loc":{"start":{"line":10,"column":4},"end":{"line":10,"column":99}},"type":"if","locations":[{"start":{"line":10,"column":4},"end":{"line":10,"column":99}}]},"1":{"loc":{"start":{"line":15,"column":28},"end":{"line":15,"column":104}},"type":"binary-expr","locations":[{"start":{"line":15,"column":28},"end":{"line":15,"column":50}},{"start":{"line":15,"column":54},"end":{"line":15,"column":77}},{"start":{"line":15,"column":81},"end":{"line":15,"column":104}}]},"2":{"loc":{"start":{"line":16,"column":28},"end":{"line":16,"column":104}},"type":"binary-expr","locations":[{"start":{"line":16,"column":28},"end":{"line":16,"column":50}},{"start":{"line":16,"column":54},"end":{"line":16,"column":77}},{"start":{"line":16,"column":81},"end":{"line":16,"column":104}}]},"3":{"loc":{"start":{"line":19,"column":4},"end":{"line":19,"column":134}},"type":"if","locations":[{"start":{"line":19,"column":4},"end":{"line":19,"column":134}}]},"4":{"loc":{"start":{"line":19,"column":8},"end":{"line":19,"column":65}},"type":"binary-expr","locations":[{"start":{"line":19,"column":8},"end":{"line":19,"column":23}},{"start":{"line":19,"column":27},"end":{"line":19,"column":65}}]},"5":{"loc":{"start":{"line":20,"column":4},"end":{"line":20,"column":134}},"type":"if","locations":[{"start":{"line":20,"column":4},"end":{"line":20,"column":134}}]},"6":{"loc":{"start":{"line":20,"column":8},"end":{"line":20,"column":65}},"type":"binary-expr","locations":[{"start":{"line":20,"column":8},"end":{"line":20,"column":23}},{"start":{"line":20,"column":27},"end":{"line":20,"column":65}}]}},"s":{"0":1,"1":1,"2":1,"3":1,"4":1,"5":1,"6":0,"7":0,"8":0,"9":0,"10":0,"11":0,"12":0,"13":0,"14":0,"15":0,"16":0,"17":1},"f":{"0":1,"1":0},"b":{"0":[1],"1":[0,0,0],"2":[0,0,0],"3":[0],"4":[0,0],"5":[0],"6":[0,0]}}
,"D:\\Nanda_AI\\GIT_BN_Project\\banknifty-signals\\backend\\src\\services\\rules\\gapAnalysisRule.ts": {"path":"D:\\Nanda_AI\\GIT_BN_Project\\banknifty-signals\\backend\\src\\services\\rules\\gapAnalysisRule.ts","statementMap":{"0":{"start":{"line":1,"column":0},"end":{"line":1,"column":34}},"1":{"start":{"line":3,"column":0},"end":{"line":3,"column":45}},"2":{"start":{"line":13,"column":4},"end":{"line":13,"column":76}},"3":{"start":{"line":14,"column":59},"end":{"line":14,"column":77}},"4":{"start":{"line":16,"column":20},"end":{"line":16,"column":35}},"5":{"start":{"line":17,"column":4},"end":{"line":19,"column":null}},"6":{"start":{"line":18,"column":6},"end":{"line":18,"column":79}},"7":{"start":{"line":22,"column":22},"end":{"line":25,"column":null}},"8":{"start":{"line":23,"column":23},"end":{"line":23,"column":29}},"9":{"start":{"line":24,"column":23},"end":{"line":24,"column":28}},"10":{"start":{"line":25,"column":23},"end":{"line":25,"column":30}},"11":{"start":{"line":27,"column":23},"end":{"line":27,"column":54}},"12":{"start":{"line":28,"column":23},"end":{"line":28,"column":47}},"13":{"start":{"line":31,"column":24},"end":{"line":31,"column":26}},"14":{"start":{"line":32,"column":4},"end":{"line":54,"column":null}},"15":{"start":{"line":32,"column":17},"end":{"line":32,"column":47}},"16":{"start":{"line":33,"column":22},"end":{"line":33,"column":32}},"17":{"start":{"line":34,"column":23},"end":{"line":34,"column":37}},"18":{"start":{"line":37,"column":6},"end":{"line":53,"column":null}},"19":{"start":{"line":38,"column":24},"end":{"line":38,"column":51}},"20":{"start":{"line":39,"column":8},"end":{"line":43,"column":null}},"21":{"start":{"line":40,"column":33},"end":{"line":40,"column":78}},"22":{"start":{"line":40,"column":71},"end":{"line":40,"column":76}},"23":{"start":{"line":41,"column":32},"end":{"line":41,"column":91}},"24":{"start":{"line":42,"column":10},"end":{"line":42,"column":66}},"25":{"start":{"line":46,"column":11},"end":{"line":53,"column":null}},"26":{"start":{"line":47,"column":24},"end":{"line":47,"column":51}},"27":{"start":{"line":48,"column":8},"end":{"line":52,"column":null}},"28":{"start":{"line":49,"column":34},"end":{"line":49,"column":80}},"29":{"start":{"line":49,"column":72},"end":{"line":49,"column":78}},"30":{"start":{"line":50,"column":32},"end":{"line":50,"column":93}},"31":{"start":{"line":51,"column":10},"end":{"line":51,"column":68}},"32":{"start":{"line":56,"column":4},"end":{"line":58,"column":null}},"33":{"start":{"line":57,"column":6},"end":{"line":57,"column":73}},"34":{"start":{"line":61,"column":22},"end":{"line":61,"column":43}},"35":{"start":{"line":62,"column":27},"end":{"line":62,"column":73}},"36":{"start":{"line":65,"column":4},"end":{"line":79,"column":null}},"37":{"start":{"line":66,"column":6},"end":{"line":78,"column":null}},"38":{"start":{"line":67,"column":8},"end":{"line":71,"column":10}},"39":{"start":{"line":73,"column":8},"end":{"line":77,"column":10}},"40":{"start":{"line":81,"column":4},"end":{"line":81,"column":117}},"41":{"start":{"line":11,"column":0},"end":{"line":11,"column":21}}},"fnMap":{"0":{"name":"(anonymous_0)","decl":{"start":{"line":12,"column":2},"end":{"line":12,"column":7}},"loc":{"start":{"line":12,"column":37},"end":{"line":82,"column":3}}},"1":{"name":"(anonymous_1)","decl":{"start":{"line":23,"column":18},"end":{"line":23,"column":19}},"loc":{"start":{"line":23,"column":23},"end":{"line":23,"column":29}}},"2":{"name":"(anonymous_2)","decl":{"start":{"line":24,"column":18},"end":{"line":24,"column":19}},"loc":{"start":{"line":24,"column":23},"end":{"line":24,"column":28}}},"3":{"name":"(anonymous_3)","decl":{"start":{"line":25,"column":18},"end":{"line":25,"column":19}},"loc":{"start":{"line":25,"column":23},"end":{"line":25,"column":30}}},"4":{"name":"(anonymous_4)","decl":{"start":{"line":40,"column":66},"end":{"line":40,"column":67}},"loc":{"start":{"line":40,"column":71},"end":{"line":40,"column":76}}},"5":{"name":"(anonymous_5)","decl":{"start":{"line":49,"column":67},"end":{"line":49,"column":68}},"loc":{"start":{"line":49,"column":72},"end":{"line":49,"column":78}}}},"branchMap":{"0":{"loc":{"start":{"line":17,"column":4},"end":{"line":19,"column":null}},"type":"if","locations":[{"start":{"line":17,"column":4},"end":{"line":19,"column":null}}]},"1":{"loc":{"start":{"line":37,"column":6},"end":{"line":53,"column":null}},"type":"if","locations":[{"start":{"line":37,"column":6},"end":{"line":53,"column":null}},{"start":{"line":46,"column":11},"end":{"line":53,"column":null}}]},"2":{"loc":{"start":{"line":39,"column":8},"end":{"line":43,"column":null}},"type":"if","locations":[{"start":{"line":39,"column":8},"end":{"line":43,"column":null}}]},"3":{"loc":{"start":{"line":46,"column":11},"end":{"line":53,"column":null}},"type":"if","locations":[{"start":{"line":46,"column":11},"end":{"line":53,"column":null}}]},"4":{"loc":{"start":{"line":48,"column":8},"end":{"line":52,"column":null}},"type":"if","locations":[{"start":{"line":48,"column":8},"end":{"line":52,"column":null}}]},"5":{"loc":{"start":{"line":56,"column":4},"end":{"line":58,"column":null}},"type":"if","locations":[{"start":{"line":56,"column":4},"end":{"line":58,"column":null}}]},"6":{"loc":{"start":{"line":65,"column":4},"end":{"line":79,"column":null}},"type":"if","locations":[{"start":{"line":65,"column":4},"end":{"line":79,"column":null}}]},"7":{"loc":{"start":{"line":66,"column":6},"end":{"line":78,"column":null}},"type":"if","locations":[{"start":{"line":66,"column":6},"end":{"line":78,"column":null}},{"start":{"line":72,"column":13},"end":{"line":78,"column":null}}]}},"s":{"0":1,"1":1,"2":1,"3":1,"4":1,"5":1,"6":0,"7":1,"8":30,"9":30,"10":30,"11":1,"12":1,"13":1,"14":1,"15":1,"16":10,"17":10,"18":10,"19":1,"20":1,"21":1,"22":5,"23":1,"24":1,"25":9,"26":1,"27":1,"28":1,"29":4,"30":1,"31":1,"32":1,"33":0,"34":1,"35":1,"36":1,"37":1,"38":0,"39":1,"40":0,"41":1},"f":{"0":1,"1":30,"2":30,"3":30,"4":5,"5":4},"b":{"0":[0],"1":[1,9],"2":[1],"3":[1],"4":[1],"5":[0],"6":[1],"7":[0,1]}}
,"D:\\Nanda_AI\\GIT_BN_Project\\banknifty-signals\\backend\\src\\services\\rules\\hhhlLLlh.ts": {"path":"D:\\Nanda_AI\\GIT_BN_Project\\banknifty-signals\\backend\\src\\services\\rules\\hhhlLLlh.ts","statementMap":{"0":{"start":{"line":1,"column":0},"end":{"line":1,"column":34}},"1":{"start":{"line":3,"column":0},"end":{"line":3,"column":57}},"2":{"start":{"line":7,"column":4},"end":{"line":7,"column":63}},"3":{"start":{"line":8,"column":48},"end":{"line":8,"column":66}},"4":{"start":{"line":10,"column":18},"end":{"line":10,"column":50}},"5":{"start":{"line":10,"column":43},"end":{"line":10,"column":49}},"6":{"start":{"line":11,"column":17},"end":{"line":11,"column":48}},"7":{"start":{"line":11,"column":42},"end":{"line":11,"column":47}},"8":{"start":{"line":12,"column":19},"end":{"line":12,"column":52}},"9":{"start":{"line":12,"column":44},"end":{"line":12,"column":51}},"10":{"start":{"line":15,"column":22},"end":{"line":15,"column":46}},"11":{"start":{"line":16,"column":23},"end":{"line":16,"column":54}},"12":{"start":{"line":17,"column":23},"end":{"line":17,"column":52}},"13":{"start":{"line":20,"column":51},"end":{"line":20,"column":84}},"14":{"start":{"line":22,"column":4},"end":{"line":24,"column":null}},"15":{"start":{"line":23,"column":6},"end":{"line":23,"column":89}},"16":{"start":{"line":27,"column":25},"end":{"line":27,"column":64}},"17":{"start":{"line":27,"column":55},"end":{"line":27,"column":63}},"18":{"start":{"line":28,"column":24},"end":{"line":28,"column":61}},"19":{"start":{"line":28,"column":53},"end":{"line":28,"column":60}},"20":{"start":{"line":31,"column":4},"end":{"line":43,"column":null}},"21":{"start":{"line":32,"column":26},"end":{"line":32,"column":59}},"22":{"start":{"line":33,"column":25},"end":{"line":33,"column":56}},"23":{"start":{"line":35,"column":6},"end":{"line":42,"column":null}},"24":{"start":{"line":36,"column":25},"end":{"line":36,"column":83}},"25":{"start":{"line":37,"column":8},"end":{"line":41,"column":10}},"26":{"start":{"line":46,"column":4},"end":{"line":58,"column":null}},"27":{"start":{"line":47,"column":26},"end":{"line":47,"column":59}},"28":{"start":{"line":48,"column":25},"end":{"line":48,"column":56}},"29":{"start":{"line":50,"column":6},"end":{"line":57,"column":null}},"30":{"start":{"line":51,"column":25},"end":{"line":51,"column":83}},"31":{"start":{"line":52,"column":8},"end":{"line":56,"column":10}},"32":{"start":{"line":60,"column":4},"end":{"line":60,"column":83}},"33":{"start":{"line":5,"column":0},"end":{"line":5,"column":21}}},"fnMap":{"0":{"name":"(anonymous_0)","decl":{"start":{"line":6,"column":2},"end":{"line":6,"column":7}},"loc":{"start":{"line":6,"column":37},"end":{"line":61,"column":3}}},"1":{"name":"(anonymous_1)","decl":{"start":{"line":10,"column":38},"end":{"line":10,"column":39}},"loc":{"start":{"line":10,"column":43},"end":{"line":10,"column":49}}},"2":{"name":"(anonymous_2)","decl":{"start":{"line":11,"column":37},"end":{"line":11,"column":38}},"loc":{"start":{"line":11,"column":42},"end":{"line":11,"column":47}}},"3":{"name":"(anonymous_3)","decl":{"start":{"line":12,"column":39},"end":{"line":12,"column":40}},"loc":{"start":{"line":12,"column":44},"end":{"line":12,"column":51}}},"4":{"name":"(anonymous_4)","decl":{"start":{"line":27,"column":50},"end":{"line":27,"column":51}},"loc":{"start":{"line":27,"column":55},"end":{"line":27,"column":63}}},"5":{"name":"(anonymous_5)","decl":{"start":{"line":28,"column":48},"end":{"line":28,"column":49}},"loc":{"start":{"line":28,"column":53},"end":{"line":28,"column":60}}}},"branchMap":{"0":{"loc":{"start":{"line":22,"column":4},"end":{"line":24,"column":null}},"type":"if","locations":[{"start":{"line":22,"column":4},"end":{"line":24,"column":null}}]},"1":{"loc":{"start":{"line":22,"column":8},"end":{"line":22,"column":53}},"type":"binary-expr","locations":[{"start":{"line":22,"column":8},"end":{"line":22,"column":29}},{"start":{"line":22,"column":33},"end":{"line":22,"column":53}}]},"2":{"loc":{"start":{"line":31,"column":4},"end":{"line":43,"column":null}},"type":"if","locations":[{"start":{"line":31,"column":4},"end":{"line":43,"column":null}}]},"3":{"loc":{"start":{"line":31,"column":8},"end":{"line":31,"column":76}},"type":"binary-expr","locations":[{"start":{"line":31,"column":8},"end":{"line":31,"column":41}},{"start":{"line":31,"column":45},"end":{"line":31,"column":76}}]},"4":{"loc":{"start":{"line":35,"column":6},"end":{"line":42,"column":null}},"type":"if","locations":[{"start":{"line":35,"column":6},"end":{"line":42,"column":null}}]},"5":{"loc":{"start":{"line":35,"column":10},"end":{"line":35,"column":61}},"type":"binary-expr","locations":[{"start":{"line":35,"column":10},"end":{"line":35,"column":34}},{"start":{"line":35,"column":38},"end":{"line":35,"column":61}}]},"6":{"loc":{"start":{"line":46,"column":4},"end":{"line":58,"column":null}},"type":"if","locations":[{"start":{"line":46,"column":4},"end":{"line":58,"column":null}}]},"7":{"loc":{"start":{"line":46,"column":8},"end":{"line":46,"column":76}},"type":"binary-expr","locations":[{"start":{"line":46,"column":8},"end":{"line":46,"column":41}},{"start":{"line":46,"column":45},"end":{"line":46,"column":76}}]},"8":{"loc":{"start":{"line":50,"column":6},"end":{"line":57,"column":null}},"type":"if","locations":[{"start":{"line":50,"column":6},"end":{"line":57,"column":null}}]},"9":{"loc":{"start":{"line":50,"column":10},"end":{"line":50,"column":61}},"type":"binary-expr","locations":[{"start":{"line":50,"column":10},"end":{"line":50,"column":34}},{"start":{"line":50,"column":38},"end":{"line":50,"column":61}}]}},"s":{"0":1,"1":1,"2":1,"3":1,"4":1,"5":4,"6":1,"7":4,"8":1,"9":4,"10":1,"11":1,"12":1,"13":1,"14":1,"15":1,"16":0,"17":0,"18":0,"19":0,"20":0,"21":0,"22":0,"23":0,"24":0,"25":0,"26":0,"27":0,"28":0,"29":0,"30":0,"31":0,"32":0,"33":1},"f":{"0":1,"1":4,"2":4,"3":4,"4":0,"5":0},"b":{"0":[1],"1":[1,0],"2":[0],"3":[0,0],"4":[0],"5":[0,0],"6":[0],"7":[0,0],"8":[0],"9":[0,0]}}
,"D:\\Nanda_AI\\GIT_BN_Project\\banknifty-signals\\backend\\src\\services\\rules\\insideBarRule.ts": {"path":"D:\\Nanda_AI\\GIT_BN_Project\\banknifty-signals\\backend\\src\\services\\rules\\insideBarRule.ts","statementMap":{"0":{"start":{"line":1,"column":0},"end":{"line":1,"column":34}},"1":{"start":{"line":6,"column":4},"end":{"line":6,"column":64}},"2":{"start":{"line":7,"column":49},"end":{"line":7,"column":67}},"3":{"start":{"line":9,"column":20},"end":{"line":9,"column":35}},"4":{"start":{"line":10,"column":4},"end":{"line":10,"column":113}},"5":{"start":{"line":10,"column":39},"end":{"line":10,"column":113}},"6":{"start":{"line":12,"column":20},"end":{"line":12,"column":47}},"7":{"start":{"line":13,"column":17},"end":{"line":13,"column":44}},"8":{"start":{"line":15,"column":4},"end":{"line":23,"column":null}},"9":{"start":{"line":17,"column":21},"end":{"line":17,"column":63}},"10":{"start":{"line":18,"column":27},"end":{"line":18,"column":64}},"11":{"start":{"line":18,"column":44},"end":{"line":18,"column":63}},"12":{"start":{"line":19,"column":27},"end":{"line":19,"column":63}},"13":{"start":{"line":19,"column":44},"end":{"line":19,"column":62}},"14":{"start":{"line":20,"column":6},"end":{"line":20,"column":89}},"15":{"start":{"line":20,"column":24},"end":{"line":20,"column":89}},"16":{"start":{"line":21,"column":6},"end":{"line":21,"column":89}},"17":{"start":{"line":21,"column":24},"end":{"line":21,"column":89}},"18":{"start":{"line":22,"column":6},"end":{"line":22,"column":83}},"19":{"start":{"line":25,"column":4},"end":{"line":25,"column":56}},"20":{"start":{"line":4,"column":0},"end":{"line":4,"column":21}}},"fnMap":{"0":{"name":"(anonymous_0)","decl":{"start":{"line":5,"column":2},"end":{"line":5,"column":7}},"loc":{"start":{"line":5,"column":37},"end":{"line":26,"column":3}}},"1":{"name":"(anonymous_1)","decl":{"start":{"line":18,"column":39},"end":{"line":18,"column":40}},"loc":{"start":{"line":18,"column":44},"end":{"line":18,"column":63}}},"2":{"name":"(anonymous_2)","decl":{"start":{"line":19,"column":39},"end":{"line":19,"column":40}},"loc":{"start":{"line":19,"column":44},"end":{"line":19,"column":62}}}},"branchMap":{"0":{"loc":{"start":{"line":10,"column":4},"end":{"line":10,"column":113}},"type":"if","locations":[{"start":{"line":10,"column":4},"end":{"line":10,"column":113}}]},"1":{"loc":{"start":{"line":15,"column":4},"end":{"line":23,"column":null}},"type":"if","locations":[{"start":{"line":15,"column":4},"end":{"line":23,"column":null}}]},"2":{"loc":{"start":{"line":15,"column":8},"end":{"line":15,"column":60}},"type":"binary-expr","locations":[{"start":{"line":15,"column":8},"end":{"line":15,"column":33}},{"start":{"line":15,"column":37},"end":{"line":15,"column":60}}]},"3":{"loc":{"start":{"line":20,"column":6},"end":{"line":20,"column":89}},"type":"if","locations":[{"start":{"line":20,"column":6},"end":{"line":20,"column":89}}]},"4":{"loc":{"start":{"line":21,"column":6},"end":{"line":21,"column":89}},"type":"if","locations":[{"start":{"line":21,"column":6},"end":{"line":21,"column":89}}]}},"s":{"0":1,"1":1,"2":1,"3":1,"4":1,"5":1,"6":0,"7":0,"8":0,"9":0,"10":0,"11":0,"12":0,"13":0,"14":0,"15":0,"16":0,"17":0,"18":0,"19":0,"20":1},"f":{"0":1,"1":0,"2":0},"b":{"0":[1],"1":[0],"2":[0,0],"3":[0],"4":[0]}}
,"D:\\Nanda_AI\\GIT_BN_Project\\banknifty-signals\\backend\\src\\services\\rules\\intradayCorrelationRule.ts": {"path":"D:\\Nanda_AI\\GIT_BN_Project\\banknifty-signals\\backend\\src\\services\\rules\\intradayCorrelationRule.ts","statementMap":{"0":{"start":{"line":1,"column":0},"end":{"line":1,"column":34}},"1":{"start":{"line":6,"column":4},"end":{"line":6,"column":93}},"2":{"start":{"line":7,"column":76},"end":{"line":7,"column":94}},"3":{"start":{"line":9,"column":22},"end":{"line":9,"column":37}},"4":{"start":{"line":10,"column":25},"end":{"line":10,"column":59}},"5":{"start":{"line":12,"column":4},"end":{"line":14,"column":null}},"6":{"start":{"line":13,"column":6},"end":{"line":13,"column":87}},"7":{"start":{"line":17,"column":40},"end":{"line":17,"column":107}},"8":{"start":{"line":19,"column":4},"end":{"line":21,"column":null}},"9":{"start":{"line":20,"column":6},"end":{"line":20,"column":83}},"10":{"start":{"line":24,"column":24},"end":{"line":24,"column":74}},"11":{"start":{"line":27,"column":23},"end":{"line":27,"column":85}},"12":{"start":{"line":27,"column":76},"end":{"line":27,"column":81}},"13":{"start":{"line":28,"column":26},"end":{"line":28,"column":91}},"14":{"start":{"line":28,"column":82},"end":{"line":28,"column":87}},"15":{"start":{"line":30,"column":23},"end":{"line":30,"column":49}},"16":{"start":{"line":32,"column":4},"end":{"line":41,"column":null}},"17":{"start":{"line":33,"column":23},"end":{"line":33,"column":85}},"18":{"start":{"line":34,"column":24},"end":{"line":34,"column":62}},"19":{"start":{"line":36,"column":6},"end":{"line":40,"column":8}},"20":{"start":{"line":43,"column":4},"end":{"line":43,"column":119}},"21":{"start":{"line":47,"column":18},"end":{"line":47,"column":89}},"22":{"start":{"line":47,"column":45},"end":{"line":47,"column":87}},"23":{"start":{"line":48,"column":21},"end":{"line":48,"column":95}},"24":{"start":{"line":48,"column":51},"end":{"line":48,"column":93}},"25":{"start":{"line":50,"column":29},"end":{"line":50,"column":117}},"26":{"start":{"line":50,"column":60},"end":{"line":50,"column":76}},"27":{"start":{"line":50,"column":93},"end":{"line":50,"column":98}},"28":{"start":{"line":52,"column":32},"end":{"line":52,"column":34}},"29":{"start":{"line":53,"column":35},"end":{"line":53,"column":37}},"30":{"start":{"line":55,"column":4},"end":{"line":60,"column":null}},"31":{"start":{"line":55,"column":17},"end":{"line":55,"column":18}},"32":{"start":{"line":56,"column":19},"end":{"line":56,"column":38}},"33":{"start":{"line":57,"column":23},"end":{"line":57,"column":44}},"34":{"start":{"line":58,"column":8},"end":{"line":58,"column":83}},"35":{"start":{"line":59,"column":8},"end":{"line":59,"column":95}},"36":{"start":{"line":62,"column":4},"end":{"line":62,"column":39}},"37":{"start":{"line":66,"column":14},"end":{"line":66,"column":22}},"38":{"start":{"line":67,"column":15},"end":{"line":67,"column":16}},"39":{"start":{"line":67,"column":25},"end":{"line":67,"column":26}},"40":{"start":{"line":67,"column":36},"end":{"line":67,"column":37}},"41":{"start":{"line":67,"column":47},"end":{"line":67,"column":48}},"42":{"start":{"line":67,"column":58},"end":{"line":67,"column":59}},"43":{"start":{"line":68,"column":4},"end":{"line":74,"column":null}},"44":{"start":{"line":68,"column":17},"end":{"line":68,"column":18}},"45":{"start":{"line":69,"column":6},"end":{"line":69,"column":19}},"46":{"start":{"line":70,"column":6},"end":{"line":70,"column":19}},"47":{"start":{"line":71,"column":6},"end":{"line":71,"column":27}},"48":{"start":{"line":72,"column":6},"end":{"line":72,"column":27}},"49":{"start":{"line":73,"column":6},"end":{"line":73,"column":27}},"50":{"start":{"line":75,"column":22},"end":{"line":75,"column":45}},"51":{"start":{"line":76,"column":24},"end":{"line":76,"column":88}},"52":{"start":{"line":77,"column":4},"end":{"line":77,"column":36}},"53":{"start":{"line":77,"column":27},"end":{"line":77,"column":36}},"54":{"start":{"line":78,"column":4},"end":{"line":78,"column":35}},"55":{"start":{"line":4,"column":0},"end":{"line":4,"column":21}}},"fnMap":{"0":{"name":"(anonymous_0)","decl":{"start":{"line":5,"column":2},"end":{"line":5,"column":7}},"loc":{"start":{"line":5,"column":37},"end":{"line":44,"column":3}}},"1":{"name":"(anonymous_1)","decl":{"start":{"line":27,"column":66},"end":{"line":27,"column":67}},"loc":{"start":{"line":27,"column":76},"end":{"line":27,"column":81}}},"2":{"name":"(anonymous_2)","decl":{"start":{"line":28,"column":72},"end":{"line":28,"column":73}},"loc":{"start":{"line":28,"column":82},"end":{"line":28,"column":87}}},"3":{"name":"(anonymous_3)","decl":{"start":{"line":46,"column":10},"end":{"line":46,"column":27}},"loc":{"start":{"line":46,"column":81},"end":{"line":63,"column":3}}},"4":{"name":"(anonymous_4)","decl":{"start":{"line":47,"column":40},"end":{"line":47,"column":41}},"loc":{"start":{"line":47,"column":45},"end":{"line":47,"column":87}}},"5":{"name":"(anonymous_5)","decl":{"start":{"line":48,"column":46},"end":{"line":48,"column":47}},"loc":{"start":{"line":48,"column":51},"end":{"line":48,"column":93}}},"6":{"name":"(anonymous_6)","decl":{"start":{"line":50,"column":54},"end":{"line":50,"column":56}},"loc":{"start":{"line":50,"column":60},"end":{"line":50,"column":76}}},"7":{"name":"(anonymous_7)","decl":{"start":{"line":50,"column":83},"end":{"line":50,"column":84}},"loc":{"start":{"line":50,"column":93},"end":{"line":50,"column":98}}},"8":{"name":"(anonymous_8)","decl":{"start":{"line":65,"column":10},"end":{"line":65,"column":30}},"loc":{"start":{"line":65,"column":55},"end":{"line":79,"column":3}}}},"branchMap":{"0":{"loc":{"start":{"line":12,"column":4},"end":{"line":14,"column":null}},"type":"if","locations":[{"start":{"line":12,"column":4},"end":{"line":14,"column":null}}]},"1":{"loc":{"start":{"line":12,"column":8},"end":{"line":12,"column":106}},"type":"binary-expr","locations":[{"start":{"line":12,"column":8},"end":{"line":12,"column":21}},{"start":{"line":12,"column":25},"end":{"line":12,"column":65}},{"start":{"line":12,"column":69},"end":{"line":12,"column":106}}]},"2":{"loc":{"start":{"line":19,"column":4},"end":{"line":21,"column":null}},"type":"if","locations":[{"start":{"line":19,"column":4},"end":{"line":21,"column":null}}]},"3":{"loc":{"start":{"line":32,"column":4},"end":{"line":41,"column":null}},"type":"if","locations":[{"start":{"line":32,"column":4},"end":{"line":41,"column":null}}]},"4":{"loc":{"start":{"line":32,"column":8},"end":{"line":32,"column":72}},"type":"binary-expr","locations":[{"start":{"line":32,"column":8},"end":{"line":32,"column":51}},{"start":{"line":32,"column":55},"end":{"line":32,"column":72}}]},"5":{"loc":{"start":{"line":34,"column":24},"end":{"line":34,"column":62}},"type":"cond-expr","locations":[{"start":{"line":34,"column":41},"end":{"line":34,"column":50}},{"start":{"line":34,"column":53},"end":{"line":34,"column":62}}]},"6":{"loc":{"start":{"line":77,"column":4},"end":{"line":77,"column":36}},"type":"if","locations":[{"start":{"line":77,"column":4},"end":{"line":77,"column":36}}]}},"s":{"0":1,"1":1,"2":1,"3":1,"4":1,"5":1,"6":0,"7":1,"8":1,"9":0,"10":1,"11":1,"12":3,"13":1,"14":3,"15":1,"16":1,"17":0,"18":0,"19":0,"20":1,"21":1,"22":30,"23":1,"24":30,"25":1,"26":30,"27":29,"28":1,"29":1,"30":1,"31":1,"32":20,"33":20,"34":20,"35":20,"36":1,"37":1,"38":1,"39":1,"40":1,"41":1,"42":1,"43":1,"44":1,"45":20,"46":20,"47":20,"48":20,"49":20,"50":1,"51":1,"52":1,"53":0,"54":1,"55":1},"f":{"0":1,"1":3,"2":3,"3":1,"4":30,"5":30,"6":30,"7":29,"8":1},"b":{"0":[0],"1":[1,1,1],"2":[0],"3":[0],"4":[1,1],"5":[0,0],"6":[0]}}
,"D:\\Nanda_AI\\GIT_BN_Project\\banknifty-signals\\backend\\src\\services\\rules\\ivCrushRule.ts": {"path":"D:\\Nanda_AI\\GIT_BN_Project\\banknifty-signals\\backend\\src\\services\\rules\\ivCrushRule.ts","statementMap":{"0":{"start":{"line":1,"column":0},"end":{"line":1,"column":34}},"1":{"start":{"line":3,"column":0},"end":{"line":3,"column":48}},"2":{"start":{"line":7,"column":4},"end":{"line":7,"column":56}},"3":{"start":{"line":8,"column":41},"end":{"line":8,"column":59}},"4":{"start":{"line":10,"column":22},"end":{"line":10,"column":66}},"5":{"start":{"line":11,"column":4},"end":{"line":11,"column":114}},"6":{"start":{"line":11,"column":52},"end":{"line":11,"column":114}},"7":{"start":{"line":13,"column":15},"end":{"line":13,"column":44}},"8":{"start":{"line":14,"column":17},"end":{"line":14,"column":39}},"9":{"start":{"line":15,"column":14},"end":{"line":15,"column":28}},"10":{"start":{"line":19,"column":4},"end":{"line":22,"column":null}},"11":{"start":{"line":20,"column":19},"end":{"line":20,"column":66}},"12":{"start":{"line":21,"column":6},"end":{"line":21,"column":35}},"13":{"start":{"line":24,"column":4},"end":{"line":27,"column":null}},"14":{"start":{"line":25,"column":19},"end":{"line":25,"column":70}},"15":{"start":{"line":26,"column":6},"end":{"line":26,"column":35}},"16":{"start":{"line":29,"column":17},"end":{"line":29,"column":57}},"17":{"start":{"line":30,"column":4},"end":{"line":30,"column":33}},"18":{"start":{"line":5,"column":0},"end":{"line":5,"column":21}}},"fnMap":{"0":{"name":"(anonymous_0)","decl":{"start":{"line":6,"column":2},"end":{"line":6,"column":7}},"loc":{"start":{"line":6,"column":37},"end":{"line":31,"column":3}}}},"branchMap":{"0":{"loc":{"start":{"line":10,"column":22},"end":{"line":10,"column":66}},"type":"binary-expr","locations":[{"start":{"line":10,"column":22},"end":{"line":10,"column":60}},{"start":{"line":10,"column":64},"end":{"line":10,"column":66}}]},"1":{"loc":{"start":{"line":11,"column":4},"end":{"line":11,"column":114}},"type":"if","locations":[{"start":{"line":11,"column":4},"end":{"line":11,"column":114}}]},"2":{"loc":{"start":{"line":11,"column":8},"end":{"line":11,"column":50}},"type":"binary-expr","locations":[{"start":{"line":11,"column":8},"end":{"line":11,"column":17}},{"start":{"line":11,"column":21},"end":{"line":11,"column":50}}]},"3":{"loc":{"start":{"line":14,"column":17},"end":{"line":14,"column":39}},"type":"binary-expr","locations":[{"start":{"line":14,"column":17},"end":{"line":14,"column":34}},{"start":{"line":14,"column":38},"end":{"line":14,"column":39}}]},"4":{"loc":{"start":{"line":19,"column":4},"end":{"line":22,"column":null}},"type":"if","locations":[{"start":{"line":19,"column":4},"end":{"line":22,"column":null}}]},"5":{"loc":{"start":{"line":24,"column":4},"end":{"line":27,"column":null}},"type":"if","locations":[{"start":{"line":24,"column":4},"end":{"line":27,"column":null}}]}},"s":{"0":1,"1":1,"2":1,"3":1,"4":1,"5":1,"6":0,"7":1,"8":1,"9":1,"10":1,"11":0,"12":0,"13":1,"14":1,"15":1,"16":0,"17":0,"18":1},"f":{"0":1},"b":{"0":[1,0],"1":[0],"2":[1,1],"3":[1,0],"4":[0],"5":[1]}}
,"D:\\Nanda_AI\\GIT_BN_Project\\banknifty-signals\\backend\\src\\services\\rules\\liquidityGrabRule.ts": {"path":"D:\\Nanda_AI\\GIT_BN_Project\\banknifty-signals\\backend\\src\\services\\rules\\liquidityGrabRule.ts","statementMap":{"0":{"start":{"line":1,"column":0},"end":{"line":1,"column":34}},"1":{"start":{"line":6,"column":4},"end":{"line":6,"column":84}},"2":{"start":{"line":7,"column":67},"end":{"line":7,"column":85}},"3":{"start":{"line":9,"column":20},"end":{"line":9,"column":35}},"4":{"start":{"line":10,"column":4},"end":{"line":12,"column":null}},"5":{"start":{"line":11,"column":6},"end":{"line":11,"column":90}},"6":{"start":{"line":14,"column":21},"end":{"line":14,"column":56}},"7":{"start":{"line":15,"column":19},"end":{"line":15,"column":48}},"8":{"start":{"line":18,"column":19},"end":{"line":18,"column":97}},"9":{"start":{"line":19,"column":22},"end":{"line":19,"column":58}},"10":{"start":{"line":19,"column":50},"end":{"line":19,"column":56}},"11":{"start":{"line":20,"column":21},"end":{"line":20,"column":56}},"12":{"start":{"line":20,"column":49},"end":{"line":20,"column":54}},"13":{"start":{"line":23,"column":24},"end":{"line":23,"column":74}},"14":{"start":{"line":26,"column":4},"end":{"line":33,"column":null}},"15":{"start":{"line":28,"column":27},"end":{"line":28,"column":63}},"16":{"start":{"line":29,"column":26},"end":{"line":29,"column":70}},"17":{"start":{"line":29,"column":49},"end":{"line":29,"column":69}},"18":{"start":{"line":30,"column":6},"end":{"line":32,"column":null}},"19":{"start":{"line":31,"column":8},"end":{"line":31,"column":166}},"20":{"start":{"line":36,"column":4},"end":{"line":42,"column":null}},"21":{"start":{"line":37,"column":27},"end":{"line":37,"column":63}},"22":{"start":{"line":38,"column":26},"end":{"line":38,"column":69}},"23":{"start":{"line":38,"column":49},"end":{"line":38,"column":68}},"24":{"start":{"line":39,"column":6},"end":{"line":41,"column":null}},"25":{"start":{"line":40,"column":8},"end":{"line":40,"column":165}},"26":{"start":{"line":44,"column":4},"end":{"line":44,"column":69}},"27":{"start":{"line":4,"column":0},"end":{"line":4,"column":21}}},"fnMap":{"0":{"name":"(anonymous_0)","decl":{"start":{"line":5,"column":2},"end":{"line":5,"column":7}},"loc":{"start":{"line":5,"column":37},"end":{"line":45,"column":3}}},"1":{"name":"(anonymous_1)","decl":{"start":{"line":19,"column":45},"end":{"line":19,"column":46}},"loc":{"start":{"line":19,"column":50},"end":{"line":19,"column":56}}},"2":{"name":"(anonymous_2)","decl":{"start":{"line":20,"column":44},"end":{"line":20,"column":45}},"loc":{"start":{"line":20,"column":49},"end":{"line":20,"column":54}}},"3":{"name":"(anonymous_3)","decl":{"start":{"line":29,"column":44},"end":{"line":29,"column":45}},"loc":{"start":{"line":29,"column":49},"end":{"line":29,"column":69}}},"4":{"name":"(anonymous_4)","decl":{"start":{"line":38,"column":44},"end":{"line":38,"column":45}},"loc":{"start":{"line":38,"column":49},"end":{"line":38,"column":68}}}},"branchMap":{"0":{"loc":{"start":{"line":10,"column":4},"end":{"line":12,"column":null}},"type":"if","locations":[{"start":{"line":10,"column":4},"end":{"line":12,"column":null}}]},"1":{"loc":{"start":{"line":14,"column":22},"end":{"line":14,"column":50}},"type":"binary-expr","locations":[{"start":{"line":14,"column":22},"end":{"line":14,"column":45}},{"start":{"line":14,"column":49},"end":{"line":14,"column":50}}]},"2":{"loc":{"start":{"line":26,"column":4},"end":{"line":33,"column":null}},"type":"if","locations":[{"start":{"line":26,"column":4},"end":{"line":33,"column":null}}]},"3":{"loc":{"start":{"line":30,"column":6},"end":{"line":32,"column":null}},"type":"if","locations":[{"start":{"line":30,"column":6},"end":{"line":32,"column":null}}]},"4":{"loc":{"start":{"line":36,"column":4},"end":{"line":42,"column":null}},"type":"if","locations":[{"start":{"line":36,"column":4},"end":{"line":42,"column":null}}]},"5":{"loc":{"start":{"line":39,"column":6},"end":{"line":41,"column":null}},"type":"if","locations":[{"start":{"line":39,"column":6},"end":{"line":41,"column":null}}]}},"s":{"0":1,"1":1,"2":1,"3":1,"4":1,"5":0,"6":1,"7":1,"8":1,"9":1,"10":10,"11":1,"12":10,"13":1,"14":1,"15":0,"16":0,"17":0,"18":0,"19":0,"20":1,"21":0,"22":0,"23":0,"24":0,"25":0,"26":1,"27":1},"f":{"0":1,"1":10,"2":10,"3":0,"4":0},"b":{"0":[0],"1":[1,0],"2":[0],"3":[0],"4":[0],"5":[0]}}
,"D:\\Nanda_AI\\GIT_BN_Project\\banknifty-signals\\backend\\src\\services\\rules\\macdCrossRule.ts": {"path":"D:\\Nanda_AI\\GIT_BN_Project\\banknifty-signals\\backend\\src\\services\\rules\\macdCrossRule.ts","statementMap":{"0":{"start":{"line":1,"column":0},"end":{"line":1,"column":34}},"1":{"start":{"line":3,"column":0},"end":{"line":3,"column":46}},"2":{"start":{"line":7,"column":4},"end":{"line":7,"column":70}},"3":{"start":{"line":8,"column":51},"end":{"line":8,"column":69}},"4":{"start":{"line":10,"column":19},"end":{"line":10,"column":52}},"5":{"start":{"line":10,"column":44},"end":{"line":10,"column":51}},"6":{"start":{"line":11,"column":20},"end":{"line":11,"column":95}},"7":{"start":{"line":12,"column":21},"end":{"line":12,"column":39}},"8":{"start":{"line":13,"column":23},"end":{"line":13,"column":43}},"9":{"start":{"line":14,"column":22},"end":{"line":14,"column":45}},"10":{"start":{"line":16,"column":4},"end":{"line":18,"column":null}},"11":{"start":{"line":17,"column":6},"end":{"line":17,"column":71}},"12":{"start":{"line":20,"column":21},"end":{"line":20,"column":50}},"13":{"start":{"line":21,"column":23},"end":{"line":21,"column":56}},"14":{"start":{"line":22,"column":21},"end":{"line":22,"column":57}},"15":{"start":{"line":23,"column":21},"end":{"line":23,"column":52}},"16":{"start":{"line":24,"column":22},"end":{"line":24,"column":41}},"17":{"start":{"line":27,"column":4},"end":{"line":30,"column":null}},"18":{"start":{"line":28,"column":23},"end":{"line":28,"column":87}},"19":{"start":{"line":29,"column":6},"end":{"line":29,"column":114}},"20":{"start":{"line":32,"column":4},"end":{"line":35,"column":null}},"21":{"start":{"line":33,"column":23},"end":{"line":33,"column":87}},"22":{"start":{"line":34,"column":6},"end":{"line":34,"column":114}},"23":{"start":{"line":37,"column":4},"end":{"line":37,"column":66}},"24":{"start":{"line":5,"column":0},"end":{"line":5,"column":21}}},"fnMap":{"0":{"name":"(anonymous_0)","decl":{"start":{"line":6,"column":2},"end":{"line":6,"column":7}},"loc":{"start":{"line":6,"column":37},"end":{"line":38,"column":3}}},"1":{"name":"(anonymous_1)","decl":{"start":{"line":10,"column":39},"end":{"line":10,"column":40}},"loc":{"start":{"line":10,"column":44},"end":{"line":10,"column":51}}}},"branchMap":{"0":{"loc":{"start":{"line":11,"column":20},"end":{"line":11,"column":95}},"type":"binary-expr","locations":[{"start":{"line":11,"column":20},"end":{"line":11,"column":52}},{"start":{"line":11,"column":56},"end":{"line":11,"column":95}}]},"1":{"loc":{"start":{"line":12,"column":21},"end":{"line":12,"column":39}},"type":"binary-expr","locations":[{"start":{"line":12,"column":21},"end":{"line":12,"column":33}},{"start":{"line":12,"column":37},"end":{"line":12,"column":39}}]},"2":{"loc":{"start":{"line":13,"column":23},"end":{"line":13,"column":43}},"type":"binary-expr","locations":[{"start":{"line":13,"column":23},"end":{"line":13,"column":37}},{"start":{"line":13,"column":41},"end":{"line":13,"column":43}}]},"3":{"loc":{"start":{"line":14,"column":22},"end":{"line":14,"column":45}},"type":"binary-expr","locations":[{"start":{"line":14,"column":22},"end":{"line":14,"column":39}},{"start":{"line":14,"column":43},"end":{"line":14,"column":45}}]},"4":{"loc":{"start":{"line":16,"column":4},"end":{"line":18,"column":null}},"type":"if","locations":[{"start":{"line":16,"column":4},"end":{"line":18,"column":null}}]},"5":{"loc":{"start":{"line":16,"column":8},"end":{"line":16,"column":82}},"type":"binary-expr","locations":[{"start":{"line":16,"column":8},"end":{"line":16,"column":29}},{"start":{"line":16,"column":33},"end":{"line":16,"column":56}},{"start":{"line":16,"column":60},"end":{"line":16,"column":82}}]},"6":{"loc":{"start":{"line":22,"column":21},"end":{"line":22,"column":57}},"type":"binary-expr","locations":[{"start":{"line":22,"column":21},"end":{"line":22,"column":52}},{"start":{"line":22,"column":56},"end":{"line":22,"column":57}}]},"7":{"loc":{"start":{"line":27,"column":4},"end":{"line":30,"column":null}},"type":"if","locations":[{"start":{"line":27,"column":4},"end":{"line":30,"column":null}}]},"8":{"loc":{"start":{"line":27,"column":8},"end":{"line":27,"column":59}},"type":"binary-expr","locations":[{"start":{"line":27,"column":8},"end":{"line":27,"column":29}},{"start":{"line":27,"column":33},"end":{"line":27,"column":59}}]},"9":{"loc":{"start":{"line":28,"column":67},"end":{"line":28,"column":82}},"type":"binary-expr","locations":[{"start":{"line":28,"column":67},"end":{"line":28,"column":77}},{"start":{"line":28,"column":81},"end":{"line":28,"column":82}}]},"10":{"loc":{"start":{"line":32,"column":4},"end":{"line":35,"column":null}},"type":"if","locations":[{"start":{"line":32,"column":4},"end":{"line":35,"column":null}}]},"11":{"loc":{"start":{"line":32,"column":8},"end":{"line":32,"column":60}},"type":"binary-expr","locations":[{"start":{"line":32,"column":8},"end":{"line":32,"column":29}},{"start":{"line":32,"column":33},"end":{"line":32,"column":60}}]},"12":{"loc":{"start":{"line":33,"column":67},"end":{"line":33,"column":82}},"type":"binary-expr","locations":[{"start":{"line":33,"column":67},"end":{"line":33,"column":77}},{"start":{"line":33,"column":81},"end":{"line":33,"column":82}}]}},"s":{"0":2,"1":2,"2":2,"3":2,"4":2,"5":110,"6":2,"7":2,"8":2,"9":2,"10":2,"11":1,"12":1,"13":1,"14":1,"15":1,"16":1,"17":1,"18":0,"19":0,"20":1,"21":0,"22":0,"23":1,"24":2},"f":{"0":2,"1":110},"b":{"0":[2,0],"1":[2,0],"2":[2,0],"3":[2,0],"4":[1],"5":[2,1,1],"6":[1,0],"7":[0],"8":[1,1],"9":[0,0],"10":[0],"11":[1,0],"12":[0,0]}}
,"D:\\Nanda_AI\\GIT_BN_Project\\banknifty-signals\\backend\\src\\services\\rules\\marketProfileRule.ts": {"path":"D:\\Nanda_AI\\GIT_BN_Project\\banknifty-signals\\backend\\src\\services\\rules\\marketProfileRule.ts","statementMap":{"0":{"start":{"line":1,"column":0},"end":{"line":1,"column":34}},"1":{"start":{"line":12,"column":4},"end":{"line":12,"column":69}},"2":{"start":{"line":13,"column":54},"end":{"line":13,"column":72}},"3":{"start":{"line":15,"column":25},"end":{"line":15,"column":57}},"4":{"start":{"line":16,"column":4},"end":{"line":18,"column":null}},"5":{"start":{"line":17,"column":6},"end":{"line":17,"column":90}},"6":{"start":{"line":20,"column":20},"end":{"line":20,"column":107}},"7":{"start":{"line":21,"column":25},"end":{"line":21,"column":74}},"8":{"start":{"line":24,"column":4},"end":{"line":27,"column":null}},"9":{"start":{"line":25,"column":23},"end":{"line":25,"column":94}},"10":{"start":{"line":26,"column":6},"end":{"line":26,"column":114}},"11":{"start":{"line":29,"column":4},"end":{"line":32,"column":null}},"12":{"start":{"line":30,"column":23},"end":{"line":30,"column":94}},"13":{"start":{"line":31,"column":6},"end":{"line":31,"column":113}},"14":{"start":{"line":35,"column":27},"end":{"line":35,"column":63}},"15":{"start":{"line":36,"column":4},"end":{"line":39,"column":null}},"16":{"start":{"line":37,"column":25},"end":{"line":37,"column":84}},"17":{"start":{"line":38,"column":8},"end":{"line":38,"column":111}},"18":{"start":{"line":41,"column":4},"end":{"line":41,"column":122}},"19":{"start":{"line":45,"column":26},"end":{"line":45,"column":51}},"20":{"start":{"line":46,"column":22},"end":{"line":46,"column":23}},"21":{"start":{"line":49,"column":4},"end":{"line":54,"column":7}},"22":{"start":{"line":50,"column":20},"end":{"line":50,"column":51}},"23":{"start":{"line":51,"column":21},"end":{"line":51,"column":31}},"24":{"start":{"line":52,"column":6},"end":{"line":52,"column":73}},"25":{"start":{"line":53,"column":6},"end":{"line":53,"column":28}},"26":{"start":{"line":57,"column":27},"end":{"line":57,"column":83}},"27":{"start":{"line":57,"column":71},"end":{"line":57,"column":82}},"28":{"start":{"line":58,"column":16},"end":{"line":58,"column":36}},"29":{"start":{"line":61,"column":26},"end":{"line":61,"column":27}},"30":{"start":{"line":62,"column":38},"end":{"line":62,"column":40}},"31":{"start":{"line":63,"column":25},"end":{"line":63,"column":59}},"32":{"start":{"line":65,"column":4},"end":{"line":69,"column":null}},"33":{"start":{"line":66,"column":6},"end":{"line":66,"column":49}},"34":{"start":{"line":66,"column":43},"end":{"line":66,"column":49}},"35":{"start":{"line":67,"column":6},"end":{"line":67,"column":32}},"36":{"start":{"line":68,"column":6},"end":{"line":68,"column":34}},"37":{"start":{"line":71,"column":16},"end":{"line":71,"column":44}},"38":{"start":{"line":72,"column":16},"end":{"line":72,"column":44}},"39":{"start":{"line":74,"column":4},"end":{"line":74,"column":29}},"40":{"start":{"line":10,"column":0},"end":{"line":10,"column":21}}},"fnMap":{"0":{"name":"(anonymous_0)","decl":{"start":{"line":11,"column":2},"end":{"line":11,"column":7}},"loc":{"start":{"line":11,"column":37},"end":{"line":42,"column":3}}},"1":{"name":"(anonymous_1)","decl":{"start":{"line":44,"column":10},"end":{"line":44,"column":32}},"loc":{"start":{"line":44,"column":66},"end":{"line":75,"column":3}}},"2":{"name":"(anonymous_2)","decl":{"start":{"line":49,"column":17},"end":{"line":49,"column":20}},"loc":{"start":{"line":49,"column":23},"end":{"line":54,"column":5}}},"3":{"name":"(anonymous_3)","decl":{"start":{"line":57,"column":61},"end":{"line":57,"column":62}},"loc":{"start":{"line":57,"column":71},"end":{"line":57,"column":82}}}},"branchMap":{"0":{"loc":{"start":{"line":16,"column":4},"end":{"line":18,"column":null}},"type":"if","locations":[{"start":{"line":16,"column":4},"end":{"line":18,"column":null}}]},"1":{"loc":{"start":{"line":16,"column":8},"end":{"line":16,"column":68}},"type":"binary-expr","locations":[{"start":{"line":16,"column":8},"end":{"line":16,"column":21}},{"start":{"line":16,"column":25},"end":{"line":16,"column":68}}]},"2":{"loc":{"start":{"line":24,"column":4},"end":{"line":27,"column":null}},"type":"if","locations":[{"start":{"line":24,"column":4},"end":{"line":27,"column":null}}]},"3":{"loc":{"start":{"line":29,"column":4},"end":{"line":32,"column":null}},"type":"if","locations":[{"start":{"line":29,"column":4},"end":{"line":32,"column":null}}]},"4":{"loc":{"start":{"line":36,"column":4},"end":{"line":39,"column":null}},"type":"if","locations":[{"start":{"line":36,"column":4},"end":{"line":39,"column":null}}]},"5":{"loc":{"start":{"line":52,"column":32},"end":{"line":52,"column":61}},"type":"binary-expr","locations":[{"start":{"line":52,"column":32},"end":{"line":52,"column":56}},{"start":{"line":52,"column":60},"end":{"line":52,"column":61}}]},"6":{"loc":{"start":{"line":66,"column":6},"end":{"line":66,"column":49}},"type":"if","locations":[{"start":{"line":66,"column":6},"end":{"line":66,"column":49}}]}},"s":{"0":1,"1":1,"2":1,"3":1,"4":1,"5":0,"6":1,"7":1,"8":1,"9":0,"10":0,"11":1,"12":1,"13":1,"14":0,"15":0,"16":0,"17":0,"18":0,"19":1,"20":1,"21":1,"22":3,"23":3,"24":3,"25":3,"26":1,"27":2,"28":1,"29":1,"30":1,"31":1,"32":1,"33":3,"34":1,"35":2,"36":2,"37":1,"38":1,"39":1,"40":1},"f":{"0":1,"1":1,"2":3,"3":2},"b":{"0":[0],"1":[1,1],"2":[0],"3":[1],"4":[0],"5":[3,3],"6":[1]}}
[...]
,"column":43}},"loc":{"start":{"line":182,"column":52},"end":{"line":182,"column":77}}},"24":{"name":"findPivots","decl":{"start":{"line":190,"column":16},"end":{"line":190,"column":26}},"loc":{"start":{"line":190,"column":63},"end":{"line":207,"column":1}}},"25":{"name":"linearRegression","decl":{"start":{"line":210,"column":16},"end":{"line":210,"column":32}},"loc":{"start":{"line":210,"column":62},"end":{"line":223,"column":1}}},"26":{"name":"(anonymous_26)","decl":{"start":{"line":211,"column":45},"end":{"line":211,"column":46}},"loc":{"start":{"line":211,"column":55},"end":{"line":211,"column":56}}},"27":{"name":"(anonymous_27)","decl":{"start":{"line":214,"column":24},"end":{"line":214,"column":25}},"loc":{"start":{"line":214,"column":34},"end":{"line":214,"column":39}}},"28":{"name":"(anonymous_28)","decl":{"start":{"line":215,"column":24},"end":{"line":215,"column":25}},"loc":{"start":{"line":215,"column":34},"end":{"line":215,"column":39}}},"29":{"name":"(anonymous_29)","decl":{"start":{"line":216,"column":25},"end":{"line":216,"column":26}},"loc":{"start":{"line":216,"column":38},"end":{"line":216,"column":50}}},"30":{"name":"(anonymous_30)","decl":{"start":{"line":217,"column":25},"end":{"line":217,"column":26}},"loc":{"start":{"line":217,"column":35},"end":{"line":217,"column":44}}}},"branchMap":{"0":{"loc":{"start":{"line":15,"column":36},"end":{"line":15,"column":55}},"type":"default-arg","locations":[{"start":{"line":15,"column":53},"end":{"line":15,"column":55}}]},"1":{"loc":{"start":{"line":20,"column":68},"end":{"line":20,"column":87}},"type":"default-arg","locations":[{"start":{"line":20,"column":85},"end":{"line":20,"column":87}}]},"2":{"loc":{"start":{"line":30,"column":37},"end":{"line":30,"column":60}},"type":"default-arg","locations":[{"start":{"line":30,"column":58},"end":{"line":30,"column":60}}]},"3":{"loc":{"start":{"line":30,"column":62},"end":{"line":30,"column":85}},"type":"default-arg","locations":[{"start":{"line":30,"column":83},"end":{"line":30,"column":85}}]},"4":{"loc":{"start":{"line":30,"column":87},"end":{"line":30,"column":111}},"type":"default-arg","locations":[{"start":{"line":30,"column":110},"end":{"line":30,"column":111}}]},"5":{"loc":{"start":{"line":36,"column":35},"end":{"line":36,"column":54}},"type":"default-arg","locations":[{"start":{"line":36,"column":52},"end":{"line":36,"column":54}}]},"6":{"loc":{"start":{"line":36,"column":56},"end":{"line":36,"column":74}},"type":"default-arg","locations":[{"start":{"line":36,"column":73},"end":{"line":36,"column":74}}]},"7":{"loc":{"start":{"line":55,"column":41},"end":{"line":55,"column":63}},"type":"default-arg","locations":[{"start":{"line":55,"column":61},"end":{"line":55,"column":63}}]},"8":{"loc":{"start":{"line":55,"column":65},"end":{"line":55,"column":89}},"type":"default-arg","locations":[{"start":{"line":55,"column":87},"end":{"line":55,"column":89}}]},"9":{"loc":{"start":{"line":55,"column":91},"end":{"line":55,"column":110}},"type":"default-arg","locations":[{"start":{"line":55,"column":109},"end":{"line":55,"column":110}}]},"10":{"loc":{"start":{"line":55,"column":112},"end":{"line":55,"column":131}},"type":"default-arg","locations":[{"start":{"line":55,"column":130},"end":{"line":55,"column":131}}]},"11":{"loc":{"start":{"line":70,"column":4},"end":{"line":76,"column":null}},"type":"if","locations":[{"start":{"line":70,"column":4},"end":{"line":76,"column":null}},{"start":{"line":72,"column":11},"end":{"line":76,"column":null}}]},"12":{"loc":{"start":{"line":72,"column":11},"end":{"line":76,"column":null}},"type":"if","locations":[{"start":{"line":72,"column":11},"end":{"line":76,"column":null}},{"start":{"line":74,"column":11},"end":{"line":76,"column":null}}]},"13":{"loc":{"start":{"line":88,"column":18},"end":{"line":88,"column":66}},"type":"cond-expr","locations":[{"start":{"line":88,"column":40},"end":{"line":88,"column":51}},{"start":{"line":88,"column":54},"end":{"line":88,"column":66}}]},"14":{"loc":{"start":{"line":96,"column":68},"end":{"line":96,"column":87}},"type":"default-arg","locations":[{"start":{"line":96,"column":85},"end":{"line":96,"column":87}}]},"15":{"loc":{"start":{"line":138,"column":13},"end":{"line":138,"column":28}},"type":"cond-expr","locations":[{"start":{"line":138,"column":22},"end":{"line":138,"column":24}},{"start":{"line":138,"column":27},"end":{"line":138,"column":28}}]},"16":{"loc":{"start":{"line":150,"column":13},"end":{"line":150,"column":32}},"type":"cond-expr","locations":[{"start":{"line":150,"column":24},"end":{"line":150,"column":28}},{"start":{"line":150,"column":31},"end":{"line":150,"column":32}}]},"17":{"loc":{"start":{"line":176,"column":39},"end":{"line":176,"column":60}},"type":"default-arg","locations":[{"start":{"line":176,"column":58},"end":{"line":176,"column":60}}]},"18":{"loc":{"start":{"line":190,"column":43},"end":{"line":190,"column":63}},"type":"default-arg","locations":[{"start":{"line":190,"column":62},"end":{"line":190,"column":63}}]},"19":{"loc":{"start":{"line":198,"column":4},"end":{"line":200,"column":null}},"type":"if","locations":[{"start":{"line":198,"column":4},"end":{"line":200,"column":null}}]},"20":{"loc":{"start":{"line":201,"column":4},"end":{"line":203,"column":null}},"type":"if","locations":[{"start":{"line":201,"column":4},"end":{"line":203,"column":null}}]}},"s":{"0":22,"1":22,"2":4,"3":22,"4":4,"5":22,"6":2,"7":22,"8":7,"9":22,"10":0,"11":22,"12":4,"13":22,"14":0,"15":0,"16":0,"17":0,"18":0,"19":0,"20":0,"21":22,"22":1,"23":22,"24":0,"25":0,"26":0,"27":0,"28":0,"29":0,"30":0,"31":0,"32":0,"33":22,"34":1,"35":1,"36":1,"37":20,"38":20,"39":20,"40":1,"41":22,"42":0,"43":0,"44":0,"45":0,"46":0,"47":0,"48":0,"49":0,"50":0,"51":0,"52":0,"53":0,"54":0,"55":0,"56":0,"57":0,"58":22,"59":0,"60":0,"61":0,"62":0,"63":0,"64":0,"65":0,"66":0,"67":0,"68":0,"69":0,"70":0,"71":0,"72":0,"73":0,"74":0,"75":0,"76":0,"77":0,"78":0,"79":0,"80":0,"81":0,"82":0,"83":0,"84":0,"85":0,"86":1,"87":1,"88":1,"89":7,"90":7,"91":91,"92":7,"93":98,"94":7,"95":1,"96":22,"97":8,"98":8,"99":8,"100":8,"101":185,"102":185,"103":185,"104":23,"105":185,"106":16,"107":8,"108":22,"109":1,"110":21,"111":1,"112":1,"113":21,"114":1,"115":21,"116":1,"117":21,"118":1,"119":21,"120":1,"121":1,"122":1,"123":22},"f":{"0":4,"1":4,"2":2,"3":7,"4":0,"5":4,"6":0,"7":0,"8":0,"9":0,"10":0,"11":1,"12":0,"13":1,"14":0,"15":0,"16":0,"17":0,"18":0,"19":0,"20":0,"21":1,"22":91,"23":98,"24":8,"25":1,"26":21,"27":21,"28":21,"29":21,"30":21},"b":{"0":[0],"1":[4],"2":[0],"3":[0],"4":[0],"5":[0],"6":[0],"7":[0],"8":[0],"9":[0],"10":[0],"11":[0,0],"12":[0,0],"13":[15,5],"14":[0],"15":[0,0],"16":[0,0],"17":[0],"18":[0],"19":[23],"20":[16]}}
,"D:\\Nanda_AI\\GIT_BN_Project\\banknifty-signals\\backend\\src\\utils\\indicators\\atr.ts": {"path":"D:\\Nanda_AI\\GIT_BN_Project\\banknifty-signals\\backend\\src\\utils\\indicators\\atr.ts","statementMap":{"0":{"start":{"line":2,"column":29},"end":{"line":2,"column":31}},"1":{"start":{"line":3,"column":4},"end":{"line":5,"column":null}},"2":{"start":{"line":4,"column":8},"end":{"line":4,"column":22}},"3":{"start":{"line":8,"column":33},"end":{"line":8,"column":35}},"4":{"start":{"line":9,"column":4},"end":{"line":14,"column":null}},"5":{"start":{"line":9,"column":17},"end":{"line":9,"column":18}},"6":{"start":{"line":10,"column":20},"end":{"line":10,"column":38}},"7":{"start":{"line":11,"column":20},"end":{"line":11,"column":54}},"8":{"start":{"line":12,"column":20},"end":{"line":12,"column":53}},"9":{"start":{"line":13,"column":8},"end":{"line":13,"column":49}},"10":{"start":{"line":17,"column":14},"end":{"line":17,"column":15}},"11":{"start":{"line":18,"column":4},"end":{"line":20,"column":null}},"12":{"start":{"line":18,"column":17},"end":{"line":18,"column":18}},"13":{"start":{"line":19,"column":8},"end":{"line":19,"column":29}},"14":{"start":{"line":21,"column":14},"end":{"line":21,"column":26}},"15":{"start":{"line":22,"column":4},"end":{"line":22,"column":21}},"16":{"start":{"line":25,"column":4},"end":{"line":28,"column":null}},"17":{"start":{"line":25,"column":17},"end":{"line":25,"column":23}},"18":{"start":{"line":26,"column":8},"end":{"line":26,"column":62}},"19":{"start":{"line":27,"column":8},"end":{"line":27,"column":25}},"20":{"start":{"line":30,"column":4},"end":{"line":30,"column":18}},"21":{"start":{"line":1,"column":0},"end":{"line":1,"column":16}}},"fnMap":{"0":{"name":"atr","decl":{"start":{"line":1,"column":16},"end":{"line":1,"column":19}},"loc":{"start":{"line":1,"column":90},"end":{"line":31,"column":1}}}},"branchMap":{"0":{"loc":{"start":{"line":1,"column":71},"end":{"line":1,"column":90}},"type":"default-arg","locations":[{"start":{"line":1,"column":88},"end":{"line":1,"column":90}}]},"1":{"loc":{"start":{"line":3,"column":4},"end":{"line":5,"column":null}},"type":"if","locations":[{"start":{"line":3,"column":4},"end":{"line":5,"column":null}}]},"2":{"loc":{"start":{"line":3,"column":8},"end":{"line":3,"column":64}},"type":"binary-expr","locations":[{"start":{"line":3,"column":8},"end":{"line":3,"column":24}},{"start":{"line":3,"column":28},"end":{"line":3,"column":43}},{"start":{"line":3,"column":47},"end":{"line":3,"column":64}}]}},"s":{"0":1,"1":1,"2":0,"3":1,"4":1,"5":1,"6":79,"7":79,"8":79,"9":79,"10":1,"11":1,"12":1,"13":14,"14":1,"15":1,"16":1,"17":1,"18":65,"19":65,"20":1,"21":1},"f":{"0":1},"b":{"0":[1],"1":[0],"2":[1,1,1]}}
,"D:\\Nanda_AI\\GIT_BN_Project\\banknifty-signals\\backend\\src\\utils\\indicators\\bollinger.ts": {"path":"D:\\Nanda_AI\\GIT_BN_Project\\banknifty-signals\\backend\\src\\utils\\indicators\\bollinger.ts","statementMap":{"0":{"start":{"line":1,"column":0},"end":{"line":1,"column":28}},"1":{"start":{"line":10,"column":2},"end":{"line":12,"column":null}},"2":{"start":{"line":11,"column":4},"end":{"line":11,"column":48}},"3":{"start":{"line":14,"column":17},"end":{"line":14,"column":34}},"4":{"start":{"line":15,"column":26},"end":{"line":15,"column":28}},"5":{"start":{"line":16,"column":26},"end":{"line":16,"column":28}},"6":{"start":{"line":19,"column":2},"end":{"line":30,"column":null}},"7":{"start":{"line":19,"column":15},"end":{"line":19,"column":25}},"8":{"start":{"line":20,"column":18},"end":{"line":20,"column":51}},"9":{"start":{"line":21,"column":16},"end":{"line":21,"column":38}},"10":{"start":{"line":24,"column":25},"end":{"line":24,"column":61}},"11":{"start":{"line":24,"column":40},"end":{"line":24,"column":60}},"12":{"start":{"line":25,"column":21},"end":{"line":25,"column":66}},"13":{"start":{"line":25,"column":51},"end":{"line":25,"column":56}},"14":{"start":{"line":26,"column":16},"end":{"line":26,"column":35}},"15":{"start":{"line":28,"column":4},"end":{"line":28,"column":37}},"16":{"start":{"line":29,"column":4},"end":{"line":29,"column":37}},"17":{"start":{"line":32,"column":2},"end":{"line":32,"column":34}},"18":{"start":{"line":9,"column":0},"end":{"line":9,"column":16}}},"fnMap":{"0":{"name":"bollingerBands","decl":{"start":{"line":9,"column":16},"end":{"line":9,"column":30}},"loc":{"start":{"line":9,"column":77},"end":{"line":33,"column":1}}},"1":{"name":"(anonymous_1)","decl":{"start":{"line":24,"column":35},"end":{"line":24,"column":36}},"loc":{"start":{"line":24,"column":40},"end":{"line":24,"column":60}}},"2":{"name":"(anonymous_2)","decl":{"start":{"line":25,"column":41},"end":{"line":25,"column":42}},"loc":{"start":{"line":25,"column":51},"end":{"line":25,"column":56}}}},"branchMap":{"0":{"loc":{"start":{"line":10,"column":2},"end":{"line":12,"column":null}},"type":"if","locations":[{"start":{"line":10,"column":2},"end":{"line":12,"column":null}}]}},"s":{"0":2,"1":2,"2":0,"3":2,"4":2,"5":2,"6":2,"7":2,"8":68,"9":68,"10":68,"11":1318,"12":68,"13":1250,"14":68,"15":68,"16":68,"17":2,"18":2},"f":{"0":2,"1":1318,"2":1250},"b":{"0":[0]}}
,"D:\\Nanda_AI\\GIT_BN_Project\\banknifty-signals\\backend\\src\\utils\\indicators\\ema.ts": {"path":"D:\\Nanda_AI\\GIT_BN_Project\\banknifty-signals\\backend\\src\\utils\\indicators\\ema.ts","statementMap":{"0":{"start":{"line":2,"column":29},"end":{"line":2,"column":31}},"1":{"start":{"line":3,"column":4},"end":{"line":5,"column":null}},"2":{"start":{"line":4,"column":8},"end":{"line":4,"column":22}},"3":{"start":{"line":8,"column":14},"end":{"line":8,"column":15}},"4":{"start":{"line":9,"column":4},"end":{"line":11,"column":null}},"5":{"start":{"line":9,"column":17},"end":{"line":9,"column":18}},"6":{"start":{"line":10,"column":8},"end":{"line":10,"column":23}},"7":{"start":{"line":12,"column":4},"end":{"line":12,"column":30}},"8":{"start":{"line":15,"column":23},"end":{"line":15,"column":39}},"9":{"start":{"line":18,"column":4},"end":{"line":21,"column":null}},"10":{"start":{"line":18,"column":17},"end":{"line":18,"column":23}},"11":{"start":{"line":19,"column":20},"end":{"line":19,"column":98}},"12":{"start":{"line":20,"column":8},"end":{"line":20,"column":25}},"13":{"start":{"line":23,"column":4},"end":{"line":23,"column":18}},"14":{"start":{"line":1,"column":0},"end":{"line":1,"column":16}}},"fnMap":{"0":{"name":"ema","decl":{"start":{"line":1,"column":16},"end":{"line":1,"column":19}},"loc":{"start":{"line":1,"column":50},"end":{"line":24,"column":1}}}},"branchMap":{"0":{"loc":{"start":{"line":3,"column":4},"end":{"line":5,"column":null}},"type":"if","locations":[{"start":{"line":3,"column":4},"end":{"line":5,"column":null}}]}},"s":{"0":6,"1":6,"2":0,"3":6,"4":6,"5":6,"6":89,"7":6,"8":6,"9":6,"10":6,"11":463,"12":463,"13":6,"14":22},"f":{"0":6},"b":{"0":[0]}}
,"D:\\Nanda_AI\\GIT_BN_Project\\banknifty-signals\\backend\\src\\utils\\indicators\\macd.ts": {"path":"D:\\Nanda_AI\\GIT_BN_Project\\banknifty-signals\\backend\\src\\utils\\indicators\\macd.ts","statementMap":{"0":{"start":{"line":1,"column":0},"end":{"line":1,"column":28}},"1":{"start":{"line":11,"column":4},"end":{"line":13,"column":null}},"2":{"start":{"line":12,"column":8},"end":{"line":12,"column":55}},"3":{"start":{"line":15,"column":20},"end":{"line":15,"column":47}},"4":{"start":{"line":16,"column":20},"end":{"line":16,"column":47}},"5":{"start":{"line":17,"column":31},"end":{"line":17,"column":33}},"6":{"start":{"line":20,"column":19},"end":{"line":20,"column":59}},"7":{"start":{"line":21,"column":23},"end":{"line":21,"column":46}},"8":{"start":{"line":22,"column":23},"end":{"line":22,"column":46}},"9":{"start":{"line":24,"column":4},"end":{"line":26,"column":null}},"10":{"start":{"line":24,"column":17},"end":{"line":24,"column":18}},"11":{"start":{"line":25,"column":8},"end":{"line":25,"column":87}},"12":{"start":{"line":28,"column":23},"end":{"line":28,"column":87}},"13":{"start":{"line":30,"column":32},"end":{"line":30,"column":34}},"14":{"start":{"line":31,"column":23},"end":{"line":31,"column":58}},"15":{"start":{"line":32,"column":4},"end":{"line":34,"column":null}},"16":{"start":{"line":32,"column":17},"end":{"line":32,"column":18}},"17":{"start":{"line":33,"column":8},"end":{"line":33,"column":79}},"18":{"start":{"line":36,"column":4},"end":{"line":36,"column":61}},"19":{"start":{"line":9,"column":0},"end":{"line":9,"column":16}}},"fnMap":{"0":{"name":"macd","decl":{"start":{"line":9,"column":16},"end":{"line":9,"column":20}},"loc":{"start":{"line":9,"column":111},"end":{"line":37,"column":1}}}},"branchMap":{"0":{"loc":{"start":{"line":9,"column":37},"end":{"line":9,"column":60}},"type":"default-arg","locations":[{"start":{"line":9,"column":58},"end":{"line":9,"column":60}}]},"1":{"loc":{"start":{"line":9,"column":62},"end":{"line":9,"column":85}},"type":"default-arg","locations":[{"start":{"line":9,"column":83},"end":{"line":9,"column":85}}]},"2":{"loc":{"start":{"line":9,"column":87},"end":{"line":9,"column":111}},"type":"default-arg","locations":[{"start":{"line":9,"column":110},"end":{"line":9,"column":111}}]},"3":{"loc":{"start":{"line":11,"column":4},"end":{"line":13,"column":null}},"type":"if","locations":[{"start":{"line":11,"column":4},"end":{"line":13,"column":null}}]},"4":{"loc":{"start":{"line":11,"column":8},"end":{"line":11,"column":77}},"type":"binary-expr","locations":[{"start":{"line":11,"column":8},"end":{"line":11,"column":13}},{"start":{"line":11,"column":17},"end":{"line":11,"column":77}}]},"5":{"loc":{"start":{"line":15,"column":20},"end":{"line":15,"column":47}},"type":"binary-expr","locations":[{"start":{"line":15,"column":20},"end":{"line":15,"column":41}},{"start":{"line":15,"column":45},"end":{"line":15,"column":47}}]},"6":{"loc":{"start":{"line":16,"column":20},"end":{"line":16,"column":47}},"type":"binary-expr","locations":[{"start":{"line":16,"column":20},"end":{"line":16,"column":41}},{"start":{"line":16,"column":45},"end":{"line":16,"column":47}}]},"7":{"loc":{"start":{"line":25,"column":23},"end":{"line":25,"column":51}},"type":"binary-expr","locations":[{"start":{"line":25,"column":23},"end":{"line":25,"column":46}},{"start":{"line":25,"column":50},"end":{"line":25,"column":51}}]},"8":{"loc":{"start":{"line":25,"column":56},"end":{"line":25,"column":84}},"type":"binary-expr","locations":[{"start":{"line":25,"column":56},"end":{"line":25,"column":79}},{"start":{"line":25,"column":83},"end":{"line":25,"column":84}}]},"9":{"loc":{"start":{"line":28,"column":23},"end":{"line":28,"column":87}},"type":"cond-expr","locations":[{"start":{"line":28,"column":48},"end":{"line":28,"column":81}},{"start":{"line":28,"column":85},"end":{"line":28,"column":87}}]},"10":{"loc":{"start":{"line":28,"column":48},"end":{"line":28,"column":81}},"type":"binary-expr","locations":[{"start":{"line":28,"column":48},"end":{"line":28,"column":75}},{"start":{"line":28,"column":79},"end":{"line":28,"column":81}}]},"11":{"loc":{"start":{"line":33,"column":24},"end":{"line":33,"column":53}},"type":"binary-expr","locations":[{"start":{"line":33,"column":24},"end":{"line":33,"column":48}},{"start":{"line":33,"column":52},"end":{"line":33,"column":53}}]},"12":{"loc":{"start":{"line":33,"column":58},"end":{"line":33,"column":76}},"type":"binary-expr","locations":[{"start":{"line":33,"column":58},"end":{"line":33,"column":71}},{"start":{"line":33,"column":75},"end":{"line":33,"column":76}}]}},"s":{"0":22,"1":4,"2":2,"3":2,"4":2,"5":2,"6":2,"7":2,"8":2,"9":2,"10":2,"11":152,"12":2,"13":2,"14":2,"15":2,"16":2,"17":139,"18":2,"19":22},"f":{"0":4},"b":{"0":[0],"1":[0],"2":[0],"3":[2],"4":[4,4],"5":[2,0],"6":[2,0],"7":[152,0],"8":[152,0],"9":[2,0],"10":[2,0],"11":[139,0],"12":[139,0]}}
,"D:\\Nanda_AI\\GIT_BN_Project\\banknifty-signals\\backend\\src\\utils\\indicators\\sma.ts": {"path":"D:\\Nanda_AI\\GIT_BN_Project\\banknifty-signals\\backend\\src\\utils\\indicators\\sma.ts","statementMap":{"0":{"start":{"line":2,"column":29},"end":{"line":2,"column":31}},"1":{"start":{"line":3,"column":4},"end":{"line":5,"column":null}},"2":{"start":{"line":4,"column":8},"end":{"line":4,"column":22}},"3":{"start":{"line":7,"column":14},"end":{"line":7,"column":15}},"4":{"start":{"line":9,"column":4},"end":{"line":11,"column":null}},"5":{"start":{"line":9,"column":17},"end":{"line":9,"column":18}},"6":{"start":{"line":10,"column":8},"end":{"line":10,"column":23}},"7":{"start":{"line":12,"column":4},"end":{"line":12,"column":30}},"8":{"start":{"line":15,"column":4},"end":{"line":18,"column":null}},"9":{"start":{"line":15,"column":17},"end":{"line":15,"column":23}},"10":{"start":{"line":16,"column":8},"end":{"line":16,"column":47}},"11":{"start":{"line":17,"column":8},"end":{"line":17,"column":34}},"12":{"start":{"line":20,"column":4},"end":{"line":20,"column":18}},"13":{"start":{"line":1,"column":0},"end":{"line":1,"column":16}}},"fnMap":{"0":{"name":"sma","decl":{"start":{"line":1,"column":16},"end":{"line":1,"column":19}},"loc":{"start":{"line":1,"column":50},"end":{"line":21,"column":1}}}},"branchMap":{"0":{"loc":{"start":{"line":3,"column":4},"end":{"line":5,"column":null}},"type":"if","locations":[{"start":{"line":3,"column":4},"end":{"line":5,"column":null}}]}},"s":{"0":2,"1":2,"2":0,"3":2,"4":2,"5":2,"6":34,"7":2,"8":2,"9":2,"10":66,"11":66,"12":2,"13":2},"f":{"0":2},"b":{"0":[0]}}
}
