TN:
SF:src\services\rules\adrPdrBreakoutRule.ts
FN:6,(anonymous_0)
FN:16,(anonymous_1)
FNF:2
FNH:2
FNDA:1,(anonymous_0)
FNDA:3,(anonymous_1)
DA:1,1
DA:5,1
DA:7,1
DA:8,1
DA:10,1
DA:11,1
DA:12,0
DA:16,3
DA:19,1
DA:20,1
DA:21,1
DA:23,1
DA:24,1
DA:25,1
DA:26,1
DA:29,1
DA:30,0
DA:31,0
DA:34,1
DA:35,1
DA:36,1
DA:40,0
DA:41,0
DA:43,0
DA:44,0
DA:45,0
DA:48,0
DA:49,0
DA:50,0
DA:53,0
LF:30
LH:18
BRDA:11,0,0,0
BRDA:11,1,0,1
BRDA:11,1,1,1
BRDA:29,2,0,0
BRDA:34,3,0,1
BRDA:43,4,0,0
BRDA:48,5,0,0
BRF:7
BRH:3
end_of_record
TN:
SF:src\services\rules\atrNormalizationRule.ts
FN:6,(anonymous_0)
FN:10,(anonymous_1)
FN:11,(anonymous_2)
FN:12,(anonymous_3)
FNF:4
FNH:4
FNDA:1,(anonymous_0)
FNDA:30,(anonymous_1)
FNDA:30,(anonymous_2)
FNDA:30,(anonymous_3)
DA:1,1
DA:3,1
DA:5,1
DA:7,1
DA:8,1
DA:10,30
DA:11,30
DA:12,30
DA:13,1
DA:14,1
DA:16,1
DA:17,1
DA:18,0
DA:21,1
LF:14
LH:13
BRDA:14,0,0,0
BRDA:14,1,0,1
BRDA:14,1,1,1
BRDA:17,2,0,0
BRDA:17,3,0,1
BRDA:17,3,1,0
BRF:6
BRH:3
end_of_record
TN:
SF:src\services\rules\base.ts
FN:3,(anonymous_0)
FN:12,(anonymous_1)
FN:18,(anonymous_2)
FN:28,(anonymous_3)
FNF:4
FNH:4
FNDA:44,(anonymous_0)
FNDA:47,(anonymous_1)
FNDA:47,(anonymous_2)
FNDA:47,(anonymous_3)
DA:3,44
DA:4,44
DA:5,44
DA:6,44
DA:9,44
DA:13,47
DA:19,47
DA:20,130
DA:21,0
DA:22,0
DA:23,0
DA:29,47
LF:12
LH:9
BRDA:3,0,0,44
BRDA:3,0,1,44
BRDA:20,1,0,0
BRF:3
BRH:2
end_of_record
TN:
SF:src\services\rules\bollingerSqueezeRule.ts
FN:6,(anonymous_0)
FN:10,(anonymous_1)
FN:27,(anonymous_2)
FN:28,(anonymous_3)
FNF:4
FNH:2
FNDA:1,(anonymous_0)
FNDA:20,(anonymous_1)
FNDA:0,(anonymous_2)
FNDA:0,(anonymous_3)
DA:1,1
DA:3,1
DA:5,1
DA:7,1
DA:8,1
DA:10,20
DA:11,1
DA:13,1
DA:14,0
DA:18,1
DA:19,1
DA:20,1
DA:21,1
DA:24,1
DA:26,0
DA:27,0
DA:28,0
DA:30,0
DA:31,0
DA:33,0
DA:34,0
DA:37,0
DA:40,1
LF:23
LH:14
BRDA:13,0,0,0
BRDA:13,1,0,1
BRDA:13,1,1,1
BRDA:13,1,2,1
BRDA:21,2,0,1
BRDA:21,2,1,0
BRDA:24,3,0,0
BRDA:30,4,0,0
BRDA:33,5,0,0
BRF:9
BRH:4
end_of_record
TN:
SF:src\services\rules\breadthProxyRule.ts
FN:5,(anonymous_0)
FNF:1
FNH:1
FNDA:1,(anonymous_0)
DA:1,1
DA:4,1
DA:6,1
DA:7,1
DA:9,1
DA:10,1
DA:11,1
DA:13,1
DA:14,1
DA:15,1
DA:16,1
DA:17,0
DA:18,0
LF:13
LH:11
BRDA:9,0,0,1
BRDA:9,0,1,0
BRDA:11,1,0,0
BRDA:13,2,0,1
BRDA:13,2,1,0
BRDA:14,3,0,1
BRDA:14,3,1,0
BRDA:15,4,0,1
BRDA:15,4,1,0
BRDA:16,5,0,1
BRDA:17,6,0,0
BRF:11
BRH:5
end_of_record
TN:
SF:src\services\rules\breakRetestRule.ts
FN:5,(anonymous_0)
FN:19,(anonymous_1)
FNF:2
FNH:1
FNDA:1,(anonymous_0)
FNDA:0,(anonymous_1)
DA:1,1
DA:4,1
DA:6,1
DA:7,1
DA:9,1
DA:10,1
DA:13,1
DA:14,1
DA:15,1
DA:18,0
DA:19,0
DA:20,0
DA:22,0
LF:13
LH:9
BRDA:10,0,0,0
BRDA:15,1,0,1
BRDA:20,2,0,0
BRF:3
BRH:1
end_of_record
TN:
SF:src\services\rules\cvdImbalanceRule.ts
FN:6,(anonymous_0)
FNF:1
FNH:1
FNDA:1,(anonymous_0)
DA:1,1
DA:3,1
DA:5,1
DA:7,1
DA:8,1
DA:10,1
DA:11,1
DA:12,1
DA:14,1
DA:15,1
DA:16,1
DA:17,1
DA:18,1
DA:19,1
DA:21,0
LF:15
LH:14
BRDA:10,0,0,1
BRDA:10,0,1,0
BRDA:11,1,0,1
BRDA:11,1,1,0
BRDA:12,2,0,0
BRDA:12,3,0,1
BRDA:12,3,1,1
BRDA:17,4,0,1
BRDA:18,5,0,1
BRDA:18,5,1,0
BRF:10
BRH:6
end_of_record
TN:
SF:src\services\rules\dynamicSRRule.ts
FN:13,(anonymous_0)
FN:32,(anonymous_1)
FN:41,(anonymous_2)
FN:73,(anonymous_3)
FN:94,(anonymous_4)
FN:95,(anonymous_5)
FN:96,(anonymous_6)
FN:97,(anonymous_7)
FN:110,(anonymous_8)
FN:127,(anonymous_9)
FN:145,(anonymous_10)
FN:147,(anonymous_11)
FN:153,(anonymous_12)
FN:166,(anonymous_13)
FN:169,(anonymous_14)
FNF:15
FNH:12
FNDA:1,(anonymous_0)
FNDA:1,(anonymous_1)
FNDA:0,(anonymous_2)
FNDA:0,(anonymous_3)
FNDA:1,(anonymous_4)
FNDA:50,(anonymous_5)
FNDA:50,(anonymous_6)
FNDA:50,(anonymous_7)
FNDA:21,(anonymous_8)
FNDA:0,(anonymous_9)
FNDA:1,(anonymous_10)
FNDA:50,(anonymous_11)
FNDA:21,(anonymous_12)
FNDA:1,(anonymous_13)
FNDA:20,(anonymous_14)
DA:1,1
DA:3,1
DA:12,1
DA:14,1
DA:15,1
DA:17,1
DA:18,1
DA:19,0
DA:23,1
DA:24,1
DA:25,1
DA:28,1
DA:31,1
DA:32,1
DA:33,1
DA:36,1
DA:37,0
DA:41,1
DA:42,0
DA:43,0
DA:44,0
DA:47,1
DA:50,1
DA:53,1
DA:54,1
DA:61,0
DA:64,0
DA:65,0
DA:73,0
DA:74,0
DA:75,0
DA:78,0
DA:79,0
DA:80,0
DA:87,0
DA:95,50
DA:96,50
DA:97,50
DA:100,1
DA:102,1
DA:104,1
DA:107,1
DA:110,1
DA:111,21
DA:112,21
DA:113,1
DA:120,20
DA:121,20
DA:122,20
DA:127,1
DA:128,0
DA:129,0
DA:130,0
DA:137,0
DA:138,0
DA:139,0
DA:144,1
DA:145,1
DA:147,1
DA:148,50
DA:152,1
DA:153,21
DA:154,1
DA:157,1
DA:160,1
DA:161,0
DA:166,1
DA:171,20
DA:174,20
DA:177,20
LF:70
LH:48
BRDA:18,0,0,0
BRDA:36,1,0,0
BRDA:50,2,0,1
BRDA:50,3,0,1
BRDA:50,3,1,1
BRDA:61,4,0,0
BRDA:61,5,0,0
BRDA:61,5,1,0
BRDA:78,6,0,0
BRDA:112,7,0,1
BRDA:112,7,1,20
BRDA:129,8,0,0
BRDA:129,8,1,0
BRDA:148,9,0,50
BRDA:148,9,1,29
BRDA:152,10,0,1
BRDA:153,11,0,21
BRDA:153,11,1,0
BRDA:160,12,0,0
BRF:19
BRH:9
end_of_record
TN:
SF:src\services\rules\engulfingVolumeRule.ts
FN:5,(anonymous_0)
FN:18,(anonymous_1)
FNF:2
FNH:1
FNDA:1,(anonymous_0)
FNDA:0,(anonymous_1)
DA:1,1
DA:4,1
DA:6,1
DA:7,1
DA:9,1
DA:10,1
DA:12,0
DA:13,0
DA:15,0
DA:16,0
DA:18,0
DA:19,0
DA:20,0
DA:22,0
LF:14
LH:6
BRDA:10,0,0,1
BRDA:15,1,0,0
BRDA:15,1,1,0
BRDA:15,1,2,0
BRDA:16,2,0,0
BRDA:16,2,1,0
BRDA:16,2,2,0
BRDA:19,3,0,0
BRDA:19,4,0,0
BRDA:19,4,1,0
BRDA:20,5,0,0
BRDA:20,6,0,0
BRDA:20,6,1,0
BRF:13
BRH:1
end_of_record
TN:
SF:src\services\rules\gapAnalysisRule.ts
FN:12,(anonymous_0)
FN:23,(anonymous_1)
FN:24,(anonymous_2)
FN:25,(anonymous_3)
FN:40,(anonymous_4)
FN:49,(anonymous_5)
FNF:6
FNH:6
FNDA:1,(anonymous_0)
FNDA:30,(anonymous_1)
FNDA:30,(anonymous_2)
FNDA:30,(anonymous_3)
FNDA:5,(anonymous_4)
FNDA:4,(anonymous_5)
DA:1,1
DA:3,1
DA:11,1
DA:13,1
DA:14,1
DA:16,1
DA:17,1
DA:18,0
DA:22,1
DA:23,30
DA:24,30
DA:25,30
DA:27,1
DA:28,1
DA:31,1
DA:32,1
DA:33,10
DA:34,10
DA:37,10
DA:38,1
DA:39,1
DA:40,5
DA:41,1
DA:42,1
DA:46,9
DA:47,1
DA:48,1
DA:49,4
DA:50,1
DA:51,1
DA:56,1
DA:57,0
DA:61,1
DA:62,1
DA:65,1
DA:66,1
DA:67,0
DA:73,1
DA:81,0
LF:39
LH:35
BRDA:17,0,0,0
BRDA:37,1,0,1
BRDA:37,1,1,9
BRDA:39,2,0,1
BRDA:46,3,0,1
BRDA:48,4,0,1
BRDA:56,5,0,0
BRDA:65,6,0,1
BRDA:66,7,0,0
BRDA:66,7,1,1
BRF:10
BRH:7
end_of_record
TN:
SF:src\services\rules\hhhlLLlh.ts
FN:6,(anonymous_0)
FN:10,(anonymous_1)
FN:11,(anonymous_2)
FN:12,(anonymous_3)
FN:27,(anonymous_4)
FN:28,(anonymous_5)
FNF:6
FNH:4
FNDA:1,(anonymous_0)
FNDA:4,(anonymous_1)
FNDA:4,(anonymous_2)
FNDA:4,(anonymous_3)
FNDA:0,(anonymous_4)
FNDA:0,(anonymous_5)
DA:1,1
DA:3,1
DA:5,1
DA:7,1
DA:8,1
DA:10,4
DA:11,4
DA:12,4
DA:15,1
DA:16,1
DA:17,1
DA:20,1
DA:22,1
DA:23,1
DA:27,0
DA:28,0
DA:31,0
DA:32,0
DA:33,0
DA:35,0
DA:36,0
DA:37,0
DA:46,0
DA:47,0
DA:48,0
DA:50,0
DA:51,0
DA:52,0
DA:60,0
LF:29
LH:14
BRDA:22,0,0,1
BRDA:22,1,0,1
BRDA:22,1,1,0
BRDA:31,2,0,0
BRDA:31,3,0,0
BRDA:31,3,1,0
BRDA:35,4,0,0
BRDA:35,5,0,0
BRDA:35,5,1,0
BRDA:46,6,0,0
BRDA:46,7,0,0
BRDA:46,7,1,0
BRDA:50,8,0,0
BRDA:50,9,0,0
BRDA:50,9,1,0
BRF:15
BRH:2
end_of_record
TN:
SF:src\services\rules\insideBarRule.ts
FN:5,(anonymous_0)
FN:18,(anonymous_1)
FN:19,(anonymous_2)
FNF:3
FNH:1
FNDA:1,(anonymous_0)
FNDA:0,(anonymous_1)
FNDA:0,(anonymous_2)
DA:1,1
DA:4,1
DA:6,1
DA:7,1
DA:9,1
DA:10,1
DA:12,0
DA:13,0
DA:15,0
DA:17,0
DA:18,0
DA:19,0
DA:20,0
DA:21,0
DA:22,0
DA:25,0
LF:16
LH:6
BRDA:10,0,0,1
BRDA:15,1,0,0
BRDA:15,2,0,0
BRDA:15,2,1,0
BRDA:20,3,0,0
BRDA:21,4,0,0
BRF:6
BRH:1
end_of_record
TN:
SF:src\services\rules\intradayCorrelationRule.ts
FN:5,(anonymous_0)
FN:27,(anonymous_1)
FN:28,(anonymous_2)
FN:46,(anonymous_3)
FN:47,(anonymous_4)
FN:48,(anonymous_5)
FN:50,(anonymous_6)
FN:50,(anonymous_7)
FN:65,(anonymous_8)
FNF:9
FNH:9
FNDA:1,(anonymous_0)
FNDA:3,(anonymous_1)
FNDA:3,(anonymous_2)
FNDA:1,(anonymous_3)
FNDA:30,(anonymous_4)
FNDA:30,(anonymous_5)
FNDA:30,(anonymous_6)
FNDA:29,(anonymous_7)
FNDA:1,(anonymous_8)
DA:1,1
DA:4,1
DA:6,1
DA:7,1
DA:9,1
DA:10,1
DA:12,1
DA:13,0
DA:17,1
DA:19,1
DA:20,0
DA:24,1
DA:27,3
DA:28,3
DA:30,1
DA:32,1
DA:33,0
DA:34,0
DA:36,0
DA:43,1
DA:47,30
DA:48,30
DA:50,30
DA:52,1
DA:53,1
DA:55,1
DA:56,20
DA:57,20
DA:58,20
DA:59,20
DA:62,1
DA:66,1
DA:67,1
DA:68,1
DA:69,20
DA:70,20
DA:71,20
DA:72,20
DA:73,20
DA:75,1
DA:76,1
DA:77,1
DA:78,1
LF:43
LH:38
BRDA:12,0,0,0
BRDA:12,1,0,1
BRDA:12,1,1,1
BRDA:12,1,2,1
BRDA:19,2,0,0
BRDA:32,3,0,0
BRDA:32,4,0,1
BRDA:32,4,1,1
BRDA:34,5,0,0
BRDA:34,5,1,0
BRDA:77,6,0,0
BRF:11
BRH:5
end_of_record
TN:
SF:src\services\rules\ivCrushRule.ts
FN:6,(anonymous_0)
FNF:1
FNH:1
FNDA:1,(anonymous_0)
DA:1,1
DA:3,1
DA:5,1
DA:7,1
DA:8,1
DA:10,1
DA:11,1
DA:13,1
DA:14,1
DA:15,1
DA:19,1
DA:20,0
DA:21,0
DA:24,1
DA:25,1
DA:26,1
DA:29,0
DA:30,0
LF:18
LH:14
BRDA:10,0,0,1
BRDA:10,0,1,0
BRDA:11,1,0,0
BRDA:11,2,0,1
BRDA:11,2,1,1
BRDA:14,3,0,1
BRDA:14,3,1,0
BRDA:19,4,0,0
BRDA:24,5,0,1
BRF:9
BRH:5
end_of_record
TN:
SF:src\services\rules\liquidityGrabRule.ts
FN:5,(anonymous_0)
FN:19,(anonymous_1)
FN:20,(anonymous_2)
FN:29,(anonymous_3)
FN:38,(anonymous_4)
FNF:5
FNH:3
FNDA:1,(anonymous_0)
FNDA:10,(anonymous_1)
FNDA:10,(anonymous_2)
FNDA:0,(anonymous_3)
FNDA:0,(anonymous_4)
DA:1,1
DA:4,1
DA:6,1
DA:7,1
DA:9,1
DA:10,1
DA:11,0
DA:14,1
DA:15,1
DA:18,1
DA:19,10
DA:20,10
DA:23,1
DA:26,1
DA:28,0
DA:29,0
DA:30,0
DA:31,0
DA:36,1
DA:37,0
DA:38,0
DA:39,0
DA:40,0
DA:44,1
LF:24
LH:15
BRDA:10,0,0,0
BRDA:14,1,0,1
BRDA:14,1,1,0
BRDA:26,2,0,0
BRDA:30,3,0,0
BRDA:36,4,0,0
BRDA:39,5,0,0
BRF:7
BRH:1
end_of_record
TN:
SF:src\services\rules\macdCrossRule.ts
FN:6,(anonymous_0)
FN:10,(anonymous_1)
FNF:2
FNH:2
FNDA:2,(anonymous_0)
FNDA:110,(anonymous_1)
DA:1,2
DA:3,2
DA:5,2
DA:7,2
DA:8,2
DA:10,110
DA:11,2
DA:12,2
DA:13,2
DA:14,2
DA:16,2
DA:17,1
DA:20,1
DA:21,1
DA:22,1
DA:23,1
DA:24,1
DA:27,1
DA:28,0
DA:29,0
DA:32,1
DA:33,0
DA:34,0
DA:37,1
LF:24
LH:20
BRDA:11,0,0,2
BRDA:11,0,1,0
BRDA:12,1,0,2
BRDA:12,1,1,0
BRDA:13,2,0,2
BRDA:13,2,1,0
BRDA:14,3,0,2
BRDA:14,3,1,0
BRDA:16,4,0,1
BRDA:16,5,0,2
BRDA:16,5,1,1
BRDA:16,5,2,1
BRDA:22,6,0,1
BRDA:22,6,1,0
BRDA:27,7,0,0
BRDA:27,8,0,1
BRDA:27,8,1,1
BRDA:28,9,0,0
BRDA:28,9,1,0
BRDA:32,10,0,0
BRDA:32,11,0,1
BRDA:32,11,1,0
BRDA:33,12,0,0
BRDA:33,12,1,0
BRF:24
BRH:12
end_of_record
TN:
SF:src\services\rules\marketProfileRule.ts
FN:11,(anonymous_0)
FN:44,(anonymous_1)
FN:49,(anonymous_2)
FN:57,(anonymous_3)
FNF:4
FNH:4
FNDA:1,(anonymous_0)
FNDA:1,(anonymous_1)
FNDA:3,(anonymous_2)
FNDA:2,(anonymous_3)
DA:1,1
DA:10,1
DA:12,1
DA:13,1
DA:15,1
DA:16,1
DA:17,0
DA:20,1
DA:21,1
DA:24,1
DA:25,0
DA:26,0
DA:29,1
DA:30,1
DA:31,1
DA:35,0
DA:36,0
DA:37,0
DA:38,0
DA:41,0
DA:45,1
DA:46,1
DA:49,1
DA:50,3
DA:51,3
DA:52,3
DA:53,3
DA:57,2
DA:58,1
DA:61,1
DA:62,1
DA:63,1
DA:65,1
DA:66,3
DA:67,2
DA:68,2
DA:71,1
DA:72,1
DA:74,1
LF:39
LH:31
BRDA:16,0,0,0
BRDA:16,1,0,1
BRDA:16,1,1,1
BRDA:24,2,0,0
BRDA:29,3,0,1
BRDA:36,4,0,0
BRDA:52,5,0,3
BRDA:52,5,1,3
BRDA:66,6,0,1
BRF:9
BRH:6
end_of_record
TN:
SF:src\services\rules\marketThrustRule.ts
FN:11,(anonymous_0)
FN:22,(anonymous_1)
FN:23,(anonymous_2)
FN:24,(anonymous_3)
FN:37,(anonymous_4)
FN:67,(anonymous_5)
FN:68,(anonymous_6)
FN:79,(anonymous_7)
FN:80,(anonymous_8)
FNF:9
FNH:7
FNDA:2,(anonymous_0)
FNDA:113,(anonymous_1)
FNDA:113,(anonymous_2)
FNDA:113,(anonymous_3)
FNDA:40,(anonymous_4)
FNDA:3,(anonymous_5)
FNDA:3,(anonymous_6)
FNDA:0,(anonymous_7)
FNDA:0,(anonymous_8)
DA:1,1
DA:3,1
DA:10,1
DA:12,2
DA:13,2
DA:15,2
DA:16,2
DA:17,0
DA:21,2
DA:22,113
DA:23,113
DA:24,113
DA:26,2
DA:28,2
DA:29,0
DA:33,2
DA:34,2
DA:35,0
DA:37,40
DA:38,2
DA:39,0
DA:43,2
DA:44,2
DA:46,2
DA:47,30
DA:48,30
DA:49,30
DA:51,30
DA:52,3
DA:57,3
DA:58,3
DA:60,0
DA:66,2
DA:67,3
DA:68,3
DA:69,1
DA:71,1
DA:78,1
DA:79,0
DA:80,0
DA:81,0
DA:83,0
DA:90,1
LF:43
LH:34
BRDA:16,0,0,0
BRDA:28,1,0,0
BRDA:28,2,0,2
BRDA:28,2,1,2
BRDA:34,3,0,0
BRDA:37,4,0,40
BRDA:37,4,1,0
BRDA:38,5,0,0
BRDA:38,6,0,2
BRDA:38,6,1,2
BRDA:51,7,0,3
BRDA:51,8,0,30
BRDA:51,8,1,3
BRDA:57,9,0,3
BRDA:57,9,1,0
BRDA:66,10,0,1
BRDA:78,11,0,0
BRF:17
BRH:10
end_of_record
TN:
SF:src\services\rules\meanReversionRule.ts
FN:7,(anonymous_0)
FN:11,(anonymous_1)
FN:12,(anonymous_2)
FN:13,(anonymous_3)
FNF:4
FNH:4
FNDA:1,(anonymous_0)
FNDA:80,(anonymous_1)
FNDA:80,(anonymous_2)
FNDA:80,(anonymous_3)
DA:1,1
DA:3,1
DA:4,1
DA:6,1
DA:8,1
DA:9,1
DA:11,80
DA:12,80
DA:13,80
DA:16,1
DA:17,1
DA:18,0
DA:22,1
DA:23,1
DA:24,1
DA:25,1
DA:28,1
DA:29,1
DA:30,1
DA:33,1
DA:34,0
DA:38,1
DA:39,1
DA:40,1
DA:43,1
DA:44,1
DA:47,1
DA:48,0
DA:49,0
DA:50,0
DA:59,1
DA:60,0
DA:61,0
DA:62,0
DA:70,1
LF:35
LH:27
BRDA:17,0,0,0
BRDA:17,1,0,1
BRDA:17,1,1,1
BRDA:17,1,2,1
BRDA:33,2,0,0
BRDA:47,3,0,0
BRDA:49,4,0,0
BRDA:59,5,0,0
BRDA:61,6,0,0
BRF:9
BRH:3
end_of_record
TN:
SF:src\services\rules\momentumDivergenceRule.ts
FN:6,(anonymous_0)
FN:10,(anonymous_1)
FNF:2
FNH:2
FNDA:1,(anonymous_0)
FNDA:23,(anonymous_1)
DA:1,1
DA:3,1
DA:5,1
DA:7,1
DA:8,1
DA:10,23
DA:11,1
DA:13,1
DA:14,0
DA:18,1
DA:19,1
DA:22,1
DA:23,1
DA:24,1
DA:25,1
DA:28,1
DA:30,1
DA:34,0
DA:35,0
DA:37,0
DA:38,0
DA:42,0
DA:44,0
DA:45,0
DA:46,0
DA:48,0
DA:56,0
DA:58,0
DA:59,0
DA:60,0
DA:62,0
DA:69,0
LF:32
LH:16
BRDA:13,0,0,0
BRDA:28,1,0,1
BRDA:28,2,0,1
BRDA:28,2,1,0
BRDA:28,2,2,0
BRDA:28,2,3,0
BRDA:37,3,0,0
BRDA:37,4,0,0
BRDA:37,4,1,0
BRDA:42,5,0,0
BRDA:42,6,0,0
BRDA:42,6,1,0
BRDA:56,7,0,0
BRDA:56,8,0,0
BRDA:56,8,1,0
BRF:15
BRH:2
end_of_record
TN:
SF:src\services\rules\momentumThresholdRule.ts
FN:6,(anonymous_0)
FN:10,(anonymous_1)
FN:21,(anonymous_2)
FNF:3
FNH:3
FNDA:2,(anonymous_0)
FNDA:110,(anonymous_1)
FNDA:20,(anonymous_2)
DA:1,2
DA:3,2
DA:5,2
DA:7,2
DA:8,2
DA:10,110
DA:13,2
DA:14,2
DA:15,2
DA:16,1
DA:20,1
DA:21,20
DA:22,1
DA:25,1
DA:26,1
DA:27,1
DA:29,1
DA:30,3
DA:31,3
DA:35,1
DA:36,1
DA:38,1
DA:39,0
DA:46,1
DA:47,0
DA:54,1
LF:26
LH:24
BRDA:13,0,0,2
BRDA:13,0,1,0
BRDA:14,1,0,2
BRDA:14,1,1,0
BRDA:15,2,0,1
BRDA:30,3,0,3
BRDA:31,4,0,3
BRDA:38,5,0,0
BRDA:46,6,0,0
BRF:9
BRH:5
end_of_record
TN:
SF:src\services\rules\newsFilterRule.ts
FN:5,(anonymous_0)
FN:13,(anonymous_1)
FNF:2
FNH:2
FNDA:1,(anonymous_0)
FNDA:2,(anonymous_1)
DA:1,1
DA:4,1
DA:6,1
DA:7,1
DA:9,1
DA:10,1
DA:11,1
DA:13,2
DA:14,1
DA:15,0
DA:18,1
LF:11
LH:10
BRDA:9,0,0,1
BRDA:9,0,1,0
BRDA:10,1,0,1
BRDA:10,1,1,0
BRDA:11,2,0,0
BRDA:11,3,0,1
BRDA:11,3,1,1
BRDA:13,4,0,2
BRDA:13,4,1,1
BRDA:14,5,0,0
BRDA:14,6,0,1
BRDA:14,6,1,1
BRF:12
BRH:8
end_of_record
TN:
SF:src\services\rules\openingRangeBreakoutRule.ts
FN:12,(anonymous_0)
FN:42,(anonymous_1)
FN:98,(anonymous_2)
FN:126,(anonymous_3)
FNF:4
FNH:4
FNDA:1,(anonymous_0)
FNDA:20,(anonymous_1)
FNDA:1,(anonymous_2)
FNDA:1,(anonymous_3)
DA:1,1
DA:11,1
DA:13,1
DA:14,1
DA:16,1
DA:17,1
DA:18,0
DA:22,1
DA:23,1
DA:26,1
DA:27,1
DA:28,0
DA:31,1
DA:32,1
DA:35,1
DA:36,0
DA:40,1
DA:42,20
DA:45,1
DA:46,0
DA:49,1
DA:50,1
DA:53,1
DA:54,1
DA:61,1
DA:68,0
DA:69,0
DA:76,0
DA:84,0
DA:85,0
DA:87,0
DA:88,0
DA:91,0
DA:92,0
DA:95,0
DA:99,1
DA:100,1
DA:101,1
DA:102,1
DA:103,1
DA:105,1
DA:106,5
DA:107,5
DA:108,5
DA:110,4
DA:111,4
DA:112,4
DA:114,4
DA:115,1
DA:119,1
DA:120,0
DA:123,1
DA:130,1
DA:131,1
DA:134,1
DA:135,1
DA:138,1
LF:57
LH:42
BRDA:17,0,0,0
BRDA:27,1,0,0
BRDA:35,2,0,0
BRDA:45,3,0,0
BRDA:53,4,0,1
BRDA:68,5,0,0
BRDA:87,6,0,0
BRDA:91,7,0,0
BRDA:107,8,0,0
BRDA:108,9,0,1
BRDA:114,10,0,1
BRDA:119,11,0,0
BRDA:119,12,0,1
BRDA:119,12,1,1
BRDA:119,12,2,1
BRF:15
BRH:6
end_of_record
TN:
SF:src\services\rules\optionFlowRule.ts
FN:16,(anonymous_0)
FN:75,(anonymous_1)
FN:86,(anonymous_2)
FN:97,(anonymous_3)
FN:100,(anonymous_4)
FN:119,(anonymous_5)
FN:188,(anonymous_6)
FNF:7
FNH:7
FNDA:1,(anonymous_0)
FNDA:1,(anonymous_1)
FNDA:2,(anonymous_2)
FNDA:2,(anonymous_3)
FNDA:1,(anonymous_4)
FNDA:2,(anonymous_5)
FNDA:1,(anonymous_6)
DA:1,1
DA:15,1
DA:17,1
DA:18,1
DA:21,1
DA:24,1
DA:25,1
DA:26,0
DA:30,1
DA:33,1
DA:34,0
DA:38,1
DA:39,1
DA:42,1
DA:45,1
DA:46,0
DA:54,1
DA:55,0
DA:63,1
DA:64,0
DA:65,0
DA:72,1
DA:82,1
DA:83,1
DA:86,2
DA:97,2
DA:105,1
DA:106,1
DA:107,1
DA:108,1
DA:109,1
DA:110,1
DA:111,1
DA:112,1
DA:113,1
DA:114,1
DA:115,1
DA:116,1
DA:117,1
DA:119,1
DA:121,2
DA:122,2
DA:123,2
DA:124,2
DA:125,2
DA:128,2
DA:129,1
DA:130,1
DA:132,2
DA:133,2
DA:134,2
DA:138,2
DA:139,0
DA:141,2
DA:142,0
DA:146,2
DA:148,0
DA:149,0
DA:152,0
DA:153,0
DA:157,2
DA:158,1
DA:161,2
DA:162,1
DA:167,1
DA:172,1
DA:195,1
DA:198,1
DA:201,1
DA:204,1
DA:210,1
LF:71
LH:59
BRDA:25,0,0,0
BRDA:25,1,0,1
BRDA:25,1,1,1
BRDA:33,2,0,0
BRDA:45,3,0,0
BRDA:45,4,0,1
BRDA:45,4,1,0
BRDA:54,5,0,0
BRDA:54,6,0,1
BRDA:54,6,1,0
BRDA:63,7,0,0
BRDA:64,8,0,0
BRDA:64,8,1,0
BRDA:83,9,0,0
BRDA:86,10,0,1
BRDA:86,10,1,0
BRDA:87,11,0,2
BRDA:87,11,1,2
BRDA:87,11,2,0
BRDA:88,12,0,2
BRDA:88,12,1,0
BRDA:88,12,2,0
BRDA:89,13,0,2
BRDA:89,13,1,0
BRDA:89,13,2,0
BRDA:90,14,0,2
BRDA:90,14,1,0
BRDA:90,14,2,0
BRDA:91,15,0,2
BRDA:91,15,1,0
BRDA:91,15,2,0
BRDA:92,16,0,2
BRDA:92,16,1,0
BRDA:92,16,2,0
BRDA:93,17,0,2
BRDA:93,17,1,0
BRDA:93,17,2,0
BRDA:94,18,0,2
BRDA:94,18,1,0
BRDA:94,18,2,0
BRDA:128,19,0,1
BRDA:132,20,0,2
BRDA:138,21,0,0
BRDA:141,22,0,0
BRDA:146,23,0,0
BRDA:146,23,1,2
BRDA:148,24,0,0
BRDA:152,25,0,0
BRDA:157,26,0,1
BRDA:161,27,0,1
BRF:50
BRH:19
end_of_record
TN:
SF:src\services\rules\optionGreeksRule.ts
FN:13,(anonymous_0)
FN:59,(anonymous_1)
FN:66,(anonymous_2)
FNF:3
FNH:3
FNDA:1,(anonymous_0)
FNDA:1,(anonymous_1)
FNDA:2,(anonymous_2)
DA:1,1
DA:12,1
DA:14,1
DA:15,1
DA:17,1
DA:18,1
DA:19,0
DA:22,1
DA:25,1
DA:26,1
DA:27,1
DA:28,1
DA:36,0
DA:37,0
DA:38,0
DA:46,0
DA:47,0
DA:48,0
DA:49,0
DA:56,0
DA:60,1
DA:61,1
DA:62,1
DA:63,1
DA:64,1
DA:66,1
DA:67,2
DA:69,2
DA:70,2
DA:71,2
DA:72,2
DA:73,2
DA:77,1
LF:33
LH:24
BRDA:18,0,0,0
BRDA:18,1,0,1
BRDA:18,1,1,1
BRDA:25,2,0,1
BRDA:27,3,0,1
BRDA:27,3,1,0
BRDA:36,4,0,0
BRDA:46,5,0,0
BRDA:48,6,0,0
BRDA:48,6,1,0
BRDA:67,7,0,2
BRDA:67,8,0,2
BRDA:67,8,1,2
BRF:13
BRH:7
end_of_record
TN:
SF:src\services\rules\orderflowDeltaRule.ts
FN:5,(anonymous_0)
FN:20,(anonymous_1)
FN:21,(anonymous_2)
FN:28,(anonymous_3)
FN:29,(anonymous_4)
FNF:5
FNH:5
FNDA:1,(anonymous_0)
FNDA:10,(anonymous_1)
FNDA:10,(anonymous_2)
FNDA:10,(anonymous_3)
FNDA:2,(anonymous_4)
DA:1,1
DA:4,1
DA:6,1
DA:7,1
DA:9,1
DA:10,1
DA:13,1
DA:14,1
DA:15,0
DA:19,1
DA:20,10
DA:21,10
DA:22,1
DA:24,1
DA:25,1
DA:28,10
DA:29,2
DA:32,1
DA:33,1
DA:34,1
DA:35,1
DA:36,1
DA:39,1
DA:40,0
DA:41,0
DA:42,0
DA:45,1
LF:27
LH:23
BRDA:13,0,0,1
BRDA:13,0,1,0
BRDA:13,0,2,1
BRDA:14,1,0,0
BRDA:14,2,0,1
BRDA:14,2,1,1
BRDA:22,3,0,0
BRDA:29,4,0,2
BRDA:29,4,1,1
BRDA:32,5,0,1
BRDA:32,5,1,1
BRDA:34,6,0,1
BRDA:35,7,0,1
BRDA:35,7,1,1
BRDA:35,8,0,1
BRDA:35,8,1,0
BRDA:39,9,0,0
BRDA:39,10,0,1
BRDA:39,10,1,1
BRDA:39,10,2,0
BRDA:41,11,0,0
BRDA:41,11,1,0
BRF:22
BRH:14
end_of_record
TN:
SF:src\services\rules\preMarketMomentumRule.ts
FN:13,(anonymous_0)
FN:40,(anonymous_1)
FN:77,(anonymous_2)
FN:94,(anonymous_3)
FNF:4
FNH:4
FNDA:1,(anonymous_0)
FNDA:1,(anonymous_1)
FNDA:1,(anonymous_2)
FNDA:1,(anonymous_3)
DA:1,1
DA:3,1
DA:12,1
DA:14,1
DA:15,1
DA:18,1
DA:19,1
DA:20,1
DA:23,1
DA:24,0
DA:28,1
DA:29,1
DA:30,0
DA:34,1
DA:40,1
DA:41,1
DA:42,1
DA:44,1
DA:45,1
DA:48,0
DA:52,0
DA:54,0
DA:55,0
DA:62,0
DA:63,0
DA:70,0
DA:80,1
DA:82,1
DA:83,0
DA:86,1
DA:99,1
DA:100,1
DA:101,1
DA:102,1
DA:105,1
DA:108,1
LF:36
LH:26
BRDA:23,0,0,0
BRDA:29,1,0,0
BRDA:44,2,0,1
BRDA:44,3,0,1
BRDA:44,3,1,0
BRDA:54,4,0,0
BRDA:54,5,0,0
BRDA:54,5,1,0
BRDA:62,6,0,0
BRDA:62,7,0,0
BRDA:62,7,1,0
BRDA:82,8,0,0
BRDA:82,9,0,1
BRDA:82,9,1,1
BRDA:82,9,2,1
BRDA:87,10,0,1
BRDA:87,10,1,0
BRDA:88,11,0,1
BRDA:88,11,1,0
BRDA:89,12,0,1
BRDA:89,12,1,0
BRDA:90,13,0,1
BRDA:90,13,1,0
BRF:23
BRH:9
end_of_record
TN:
SF:src\services\rules\roundNumberMagnetRule.ts
FN:5,(anonymous_0)
FNF:1
FNH:1
FNDA:1,(anonymous_0)
DA:1,1
DA:4,1
DA:6,1
DA:7,1
DA:9,1
DA:10,1
DA:11,0
DA:14,1
DA:15,1
DA:17,1
DA:18,1
DA:20,1
DA:21,1
DA:22,1
DA:23,1
DA:26,0
LF:16
LH:14
BRDA:10,0,0,0
BRDA:15,1,0,1
BRDA:15,1,1,0
BRDA:15,2,0,0
BRDA:15,2,1,0
BRDA:20,3,0,1
BRDA:22,4,0,0
BRDA:22,4,1,1
BRF:8
BRH:3
end_of_record
TN:
SF:src\services\rules\rsiAdaptive.ts
FN:6,(anonymous_0)
FN:10,(anonymous_1)
FN:42,(anonymous_2)
FN:43,(anonymous_3)
FN:46,(anonymous_4)
FNF:5
FNH:4
FNDA:1,(anonymous_0)
FNDA:60,(anonymous_1)
FNDA:1,(anonymous_2)
FNDA:5,(anonymous_3)
FNDA:0,(anonymous_4)
DA:1,1
DA:3,1
DA:5,1
DA:7,1
DA:8,1
DA:10,60
DA:11,1
DA:13,1
DA:14,0
DA:18,1
DA:19,1
DA:22,1
DA:23,1
DA:25,1
DA:28,0
DA:29,0
DA:30,0
DA:33,1
DA:36,0
DA:37,0
DA:38,0
DA:42,1
DA:43,5
DA:46,1
DA:47,0
DA:49,1
DA:50,0
DA:57,1
DA:58,0
DA:65,1
LF:30
LH:20
BRDA:13,0,0,0
BRDA:25,1,0,0
BRDA:25,1,1,1
BRDA:25,1,2,0
BRDA:49,2,0,0
BRDA:49,3,0,1
BRDA:49,3,1,0
BRDA:57,4,0,0
BRDA:57,5,0,1
BRDA:57,5,1,0
BRF:10
BRH:3
end_of_record
TN:
SF:src\services\rules\sectorRotationRule.ts
FN:6,(anonymous_0)
FN:59,(anonymous_1)
FNF:2
FNH:2
FNDA:1,(anonymous_0)
FNDA:2,(anonymous_1)
DA:1,1
DA:3,1
DA:5,1
DA:7,1
DA:8,1
DA:10,1
DA:11,1
DA:12,0
DA:15,1
DA:16,1
DA:18,1
DA:19,0
DA:23,1
DA:24,1
DA:26,1
DA:29,1
DA:30,0
DA:31,0
DA:32,0
DA:38,0
DA:47,1
DA:48,1
DA:49,1
DA:51,0
DA:52,0
DA:53,0
DA:56,0
DA:60,2
DA:61,2
DA:62,2
DA:63,2
LF:31
LH:21
BRDA:11,0,0,0
BRDA:11,1,0,1
BRDA:11,1,1,1
BRDA:18,2,0,0
BRDA:18,3,0,1
BRDA:18,3,1,1
BRDA:29,4,0,0
BRDA:31,5,0,0
BRDA:31,5,1,0
BRDA:47,6,0,1
BRDA:47,7,0,1
BRDA:47,7,1,1
BRDA:51,8,0,0
BRDA:51,9,0,0
BRDA:51,9,1,0
BRF:15
BRH:7
end_of_record
TN:
SF:src\services\rules\spreadGuardRule.ts
FN:5,(anonymous_0)
FNF:1
FNH:1
FNDA:1,(anonymous_0)
DA:1,1
DA:4,1
DA:6,1
DA:7,1
DA:9,1
DA:10,1
DA:11,1
DA:12,1
DA:14,1
DA:15,0
DA:18,1
LF:11
LH:10
BRDA:9,0,0,1
BRDA:9,0,1,0
BRDA:12,1,0,0
BRDA:14,2,0,0
BRDA:14,3,0,1
BRDA:14,3,1,1
BRDA:14,3,2,1
BRF:7
BRH:4
end_of_record
TN:
SF:src\services\rules\stochasticRule.ts
FN:6,(anonymous_0)
FN:10,(anonymous_1)
FNF:2
FNH:2
FNDA:1,(anonymous_0)
FNDA:50,(anonymous_1)
DA:1,1
DA:3,1
DA:5,1
DA:7,1
DA:8,1
DA:10,50
DA:11,1
DA:12,1
DA:14,1
DA:16,1
DA:18,1
DA:19,1
DA:20,1
LF:13
LH:13
BRDA:12,0,0,0
BRDA:12,1,0,1
BRDA:12,1,1,1
BRDA:16,2,0,1
BRDA:16,2,1,0
BRDA:16,3,0,0
BRDA:16,3,1,0
BRDA:16,4,0,0
BRDA:16,4,1,0
BRDA:18,5,0,0
BRDA:19,6,0,0
BRF:11
BRH:3
end_of_record
TN:
SF:src\services\rules\supertrendRule.ts
FN:6,(anonymous_0)
FN:10,(anonymous_1)
FN:11,(anonymous_2)
FN:12,(anonymous_3)
FNF:4
FNH:4
FNDA:1,(anonymous_0)
FNDA:22,(anonymous_1)
FNDA:22,(anonymous_2)
FNDA:22,(anonymous_3)
DA:1,1
DA:3,1
DA:5,1
DA:7,1
DA:8,1
DA:10,22
DA:11,22
DA:12,22
DA:14,1
DA:15,1
DA:17,1
DA:18,1
DA:19,1
DA:22,1
DA:23,1
DA:24,1
DA:26,0
DA:27,0
DA:30,0
LF:19
LH:16
BRDA:15,0,0,0
BRDA:19,1,0,1
BRDA:19,1,1,0
BRDA:23,2,0,1
BRDA:23,3,0,1
BRDA:23,3,1,1
BRDA:26,4,0,0
BRDA:26,5,0,0
BRDA:26,5,1,0
BRF:9
BRH:4
end_of_record
TN:
SF:src\services\rules\swingBreak.ts
FN:6,(anonymous_0)
FN:10,(anonymous_1)
FN:11,(anonymous_2)
FN:12,(anonymous_3)
FN:22,(anonymous_4)
FN:23,(anonymous_5)
FNF:6
FNH:4
FNDA:1,(anonymous_0)
FNDA:40,(anonymous_1)
FNDA:40,(anonymous_2)
FNDA:40,(anonymous_3)
FNDA:0,(anonymous_4)
FNDA:0,(anonymous_5)
DA:1,1
DA:3,1
DA:5,1
DA:7,1
DA:8,1
DA:10,40
DA:11,40
DA:12,40
DA:15,1
DA:17,1
DA:18,1
DA:22,0
DA:23,0
DA:26,0
DA:27,0
DA:28,0
DA:31,0
DA:32,0
DA:33,0
DA:40,0
DA:41,0
DA:42,0
DA:49,0
LF:23
LH:11
BRDA:17,0,0,1
BRDA:17,1,0,1
BRDA:17,1,1,0
BRDA:31,2,0,0
BRDA:40,3,0,0
BRF:5
BRH:2
end_of_record
TN:
SF:src\services\rules\threeBarThrustRule.ts
FN:5,(anonymous_0)
FN:13,(anonymous_1)
FN:14,(anonymous_2)
FNF:3
FNH:3
FNDA:1,(anonymous_0)
FNDA:1,(anonymous_1)
FNDA:1,(anonymous_2)
DA:1,1
DA:4,1
DA:6,1
DA:7,1
DA:9,1
DA:10,1
DA:12,1
DA:13,1
DA:14,1
DA:15,1
DA:16,1
DA:17,1
LF:12
LH:12
BRDA:10,0,0,0
BRDA:13,1,0,1
BRDA:13,1,1,1
BRDA:13,2,0,1
BRDA:13,2,1,0
BRDA:14,3,0,1
BRDA:14,3,1,0
BRDA:14,4,0,0
BRDA:14,4,1,0
BRDA:15,5,0,0
BRDA:16,6,0,0
BRF:11
BRH:4
end_of_record
TN:
SF:src\services\rules\timePatternRule.ts
FN:12,(anonymous_0)
FN:22,(anonymous_1)
FN:97,(anonymous_2)
FN:112,(anonymous_3)
FN:130,(anonymous_4)
FN:147,(anonymous_5)
FN:148,(anonymous_6)
FNF:7
FNH:7
FNDA:1,(anonymous_0)
FNDA:1,(anonymous_1)
FNDA:1,(anonymous_2)
FNDA:1,(anonymous_3)
FNDA:15,(anonymous_4)
FNDA:7,(anonymous_5)
FNDA:7,(anonymous_6)
DA:1,1
DA:12,1
DA:13,1
DA:23,1
DA:24,1
DA:26,1
DA:27,1
DA:28,0
DA:32,1
DA:33,1
DA:34,1
DA:35,0
DA:39,1
DA:42,1
DA:44,0
DA:45,0
DA:46,0
DA:52,0
DA:55,1
DA:56,1
DA:57,1
DA:58,1
DA:64,0
DA:67,0
DA:68,0
DA:69,0
DA:70,0
DA:76,0
DA:79,0
DA:80,0
DA:81,0
DA:87,0
DA:90,0
DA:98,1
DA:99,2
DA:100,2
DA:102,2
DA:103,2
DA:105,2
DA:106,1
DA:109,0
DA:113,1
DA:114,1
DA:115,1
DA:118,1
DA:119,14
DA:120,14
DA:121,14
DA:122,14
DA:125,1
DA:126,1
DA:129,1
DA:130,15
DA:132,1
DA:133,15
DA:134,15
DA:135,15
DA:136,15
DA:139,1
DA:140,1
DA:141,1
DA:144,1
DA:145,1
DA:147,7
DA:148,7
DA:150,1
DA:154,1
LF:67
LH:49
BRDA:27,0,0,0
BRDA:34,1,0,0
BRDA:42,2,0,0
BRDA:42,2,1,1
BRDA:42,2,2,0
BRDA:42,2,3,0
BRDA:44,3,0,0
BRDA:55,4,0,1
BRDA:57,5,0,1
BRDA:57,5,1,0
BRDA:67,6,0,0
BRDA:69,7,0,0
BRDA:69,7,1,0
BRDA:79,8,0,0
BRDA:105,9,0,1
BRDA:105,10,0,2
BRDA:105,10,1,2
BRDA:150,11,0,0
BRDA:150,11,1,1
BRDA:150,12,0,1
BRDA:150,12,1,1
BRF:21
BRH:9
end_of_record
TN:
SF:src\services\rules\trendHTF.ts
FN:6,(anonymous_0)
FN:10,(anonymous_1)
FNF:2
FNH:2
FNDA:1,(anonymous_0)
FNDA:50,(anonymous_1)
DA:1,1
DA:3,1
DA:5,1
DA:7,1
DA:8,1
DA:10,50
DA:11,1
DA:12,1
DA:15,1
DA:16,0
DA:20,1
DA:21,1
DA:23,1
DA:24,1
DA:26,1
DA:27,3
DA:28,3
DA:32,1
DA:33,1
DA:35,1
DA:36,1
DA:39,0
DA:40,0
DA:43,0
LF:24
LH:20
BRDA:15,0,0,0
BRDA:15,1,0,1
BRDA:15,1,1,1
BRDA:27,2,0,0
BRDA:28,3,0,3
BRDA:35,4,0,1
BRDA:39,5,0,0
BRF:7
BRH:4
end_of_record
TN:
SF:src\services\rules\trendlineBreak.ts
FN:6,(anonymous_0)
FN:10,(anonymous_1)
FN:11,(anonymous_2)
FN:12,(anonymous_3)
FN:17,(anonymous_4)
FN:21,(anonymous_5)
FN:22,(anonymous_6)
FN:38,(anonymous_7)
FN:55,(anonymous_8)
FNF:9
FNH:7
FNDA:2,(anonymous_0)
FNDA:52,(anonymous_1)
FNDA:52,(anonymous_2)
FNDA:52,(anonymous_3)
FNDA:52,(anonymous_4)
FNDA:40,(anonymous_5)
FNDA:40,(anonymous_6)
FNDA:0,(anonymous_7)
FNDA:0,(anonymous_8)
DA:1,1
DA:3,1
DA:5,1
DA:7,2
DA:8,2
DA:10,52
DA:11,52
DA:12,52
DA:13,2
DA:14,2
DA:17,52
DA:20,2
DA:21,40
DA:22,40
DA:23,2
DA:26,2
DA:27,0
DA:30,2
DA:32,2
DA:33,1
DA:37,1
DA:38,0
DA:39,0
DA:41,0
DA:42,0
DA:44,0
DA:45,0
DA:46,0
DA:54,1
DA:55,0
DA:56,0
DA:58,0
DA:59,0
DA:61,0
DA:62,0
DA:63,0
DA:71,1
LF:37
LH:22
BRDA:26,0,0,0
BRDA:26,1,0,2
BRDA:26,1,1,2
BRDA:32,2,0,1
BRDA:37,3,0,0
BRDA:44,4,0,0
BRDA:54,5,0,0
BRDA:61,6,0,0
BRF:8
BRH:3
end_of_record
TN:
SF:src\services\rules\volatilityExpansionRule.ts
FN:6,(anonymous_0)
FN:10,(anonymous_1)
FN:11,(anonymous_2)
FN:12,(anonymous_3)
FN:23,(anonymous_4)
FN:30,(anonymous_5)
FNF:6
FNH:6
FNDA:1,(anonymous_0)
FNDA:100,(anonymous_1)
FNDA:100,(anonymous_2)
FNDA:100,(anonymous_3)
FNDA:20,(anonymous_4)
FNDA:1,(anonymous_5)
DA:1,1
DA:3,1
DA:5,1
DA:7,1
DA:8,1
DA:10,100
DA:11,100
DA:12,100
DA:15,1
DA:16,1
DA:17,0
DA:21,1
DA:22,1
DA:23,20
DA:26,1
DA:27,1
DA:30,1
DA:31,1
DA:32,1
DA:36,0
DA:37,0
DA:39,0
DA:40,0
DA:46,0
LF:24
LH:18
BRDA:16,0,0,0
BRDA:31,1,0,1
BRDA:39,2,0,0
BRDA:39,2,1,0
BRF:4
BRH:1
end_of_record
TN:
SF:src\services\rules\volumeBalanceRule.ts
FN:6,(anonymous_0)
FNF:1
FNH:1
FNDA:1,(anonymous_0)
DA:1,1
DA:3,1
DA:5,1
DA:7,1
DA:8,1
DA:10,1
DA:11,1
DA:12,0
DA:16,1
DA:17,1
DA:18,10
DA:19,10
DA:20,10
DA:22,10
DA:23,10
DA:24,0
DA:25,0
DA:27,0
DA:32,1
DA:33,1
DA:34,0
DA:38,1
DA:39,1
DA:40,1
DA:43,1
DA:44,1
DA:45,1
DA:48,1
DA:50,1
DA:51,0
DA:53,0
DA:54,0
DA:60,0
DA:69,1
DA:70,1
DA:72,1
DA:73,1
DA:79,0
DA:88,0
LF:39
LH:28
BRDA:11,0,0,0
BRDA:22,1,0,10
BRDA:22,1,1,0
BRDA:24,2,0,0
BRDA:24,2,1,0
BRDA:33,3,0,0
BRDA:48,4,0,1
BRDA:50,5,0,0
BRDA:53,6,0,0
BRDA:53,6,1,0
BRDA:69,7,0,1
BRDA:72,8,0,1
BRDA:72,8,1,0
BRF:13
BRH:4
end_of_record
TN:
SF:src\services\rules\volumeClimaxRule.ts
FN:6,(anonymous_0)
FN:10,(anonymous_1)
FN:11,(anonymous_2)
FNF:3
FNH:3
FNDA:1,(anonymous_0)
FNDA:30,(anonymous_1)
FNDA:30,(anonymous_2)
DA:1,1
DA:3,1
DA:5,1
DA:7,1
DA:8,1
DA:10,30
DA:11,30
DA:14,1
DA:15,1
DA:16,0
DA:19,1
DA:20,1
DA:21,1
DA:24,1
DA:25,1
DA:29,0
DA:30,0
DA:31,0
DA:34,0
DA:37,0
DA:38,0
DA:46,0
DA:47,0
DA:54,0
LF:24
LH:14
BRDA:15,0,0,0
BRDA:24,1,0,1
BRDA:37,2,0,0
BRDA:46,3,0,0
BRF:4
BRH:1
end_of_record
TN:
SF:src\services\rules\volumeProfileRule.ts
FN:11,(anonymous_0)
FN:25,(anonymous_1)
FN:28,(anonymous_2)
FN:29,(anonymous_3)
FN:65,(anonymous_4)
FN:69,(anonymous_5)
FN:70,(anonymous_6)
FN:87,(anonymous_7)
FN:91,(anonymous_8)
FN:100,(anonymous_9)
FNF:10
FNH:10
FNDA:1,(anonymous_0)
FNDA:20,(anonymous_1)
FNDA:20,(anonymous_2)
FNDA:31,(anonymous_3)
FNDA:1,(anonymous_4)
FNDA:50,(anonymous_5)
FNDA:50,(anonymous_6)
FNDA:50,(anonymous_7)
FNDA:1000,(anonymous_8)
FNDA:20,(anonymous_9)
DA:1,1
DA:10,1
DA:12,1
DA:13,1
DA:15,1
DA:16,1
DA:19,1
DA:20,1
DA:21,0
DA:25,20
DA:26,1
DA:28,20
DA:29,31
DA:31,1
DA:32,0
DA:36,1
DA:37,1
DA:38,1
DA:41,1
DA:46,1
DA:47,1
DA:48,0
DA:54,1
DA:62,0
DA:66,1
DA:69,50
DA:70,50
DA:71,1
DA:72,1
DA:73,1
DA:76,1
DA:77,1
DA:78,20
DA:79,20
DA:87,1
DA:88,50
DA:89,50
DA:91,50
DA:92,1000
DA:93,601
DA:99,1
DA:100,1
DA:101,20
DA:102,20
DA:105,1
LF:45
LH:41
BRDA:20,0,0,0
BRDA:31,1,0,0
BRDA:46,2,0,1
BRDA:47,3,0,0
BRDA:47,3,1,1
BRDA:66,4,0,0
BRDA:92,5,0,601
BRDA:92,6,0,1000
BRDA:92,6,1,804
BRF:9
BRH:5
end_of_record
TN:
SF:src\services\rules\vwapBias.ts
FN:5,(anonymous_0)
FNF:1
FNH:1
FNDA:1,(anonymous_0)
DA:1,1
DA:4,1
DA:6,1
DA:7,1
DA:10,1
DA:11,1
DA:12,1
DA:14,1
DA:15,0
DA:19,1
DA:20,1
DA:21,1
DA:24,1
DA:25,1
DA:27,1
DA:28,1
DA:35,0
DA:36,0
DA:43,0
LF:19
LH:15
BRDA:14,0,0,0
BRDA:27,1,0,1
BRDA:35,2,0,0
BRF:3
BRH:1
end_of_record
TN:
SF:src\services\rules\wickRejectionRule.ts
FN:5,(anonymous_0)
FNF:1
FNH:1
FNDA:1,(anonymous_0)
DA:1,1
DA:4,1
DA:6,1
DA:7,1
DA:9,1
DA:10,1
DA:11,1
DA:12,1
DA:13,1
DA:15,1
DA:16,0
DA:18,1
DA:19,0
DA:22,1
LF:14
LH:12
BRDA:15,0,0,0
BRDA:15,1,0,1
BRDA:15,1,1,1
BRDA:15,2,0,1
BRDA:15,2,1,1
BRDA:15,3,0,1
BRDA:15,3,1,1
BRDA:18,4,0,0
BRDA:18,5,0,1
BRDA:18,5,1,1
BRDA:18,6,0,1
BRDA:18,6,1,1
BRDA:18,7,0,1
BRDA:18,7,1,1
BRF:14
BRH:12
end_of_record
TN:
SF:src\utils\indicators.ts
FN:5,sma
FN:10,ema
FN:15,rsi
FN:20,atr
FN:25,vwap
FN:30,macd
FN:36,bb
FN:44,(anonymous_7)
FN:47,(anonymous_8)
FN:48,(anonymous_9)
FN:49,(anonymous_10)
FN:55,stochRsi
FN:66,obv
FN:83,cvd
FN:96,adx
FN:106,(anonymous_15)
FN:107,(anonymous_16)
FN:118,trueRange
FN:133,plusDirectionalMovement
FN:145,minusDirectionalMovement
FN:157,wilderSmoothing
FN:176,zScore
FN:181,(anonymous_22)
FN:182,(anonymous_23)
FN:190,findPivots
FN:210,linearRegression
FN:211,(anonymous_26)
FN:214,(anonymous_27)
FN:215,(anonymous_28)
FN:216,(anonymous_29)
FN:217,(anonymous_30)
FNF:31
FNH:17
FNDA:4,sma
FNDA:4,ema
FNDA:2,rsi
FNDA:7,atr
FNDA:0,vwap
FNDA:4,macd
FNDA:0,bb
FNDA:0,(anonymous_7)
FNDA:0,(anonymous_8)
FNDA:0,(anonymous_9)
FNDA:0,(anonymous_10)
FNDA:1,stochRsi
FNDA:0,obv
FNDA:1,cvd
FNDA:0,adx
FNDA:0,(anonymous_15)
FNDA:0,(anonymous_16)
FNDA:0,trueRange
FNDA:0,plusDirectionalMovement
FNDA:0,minusDirectionalMovement
FNDA:0,wilderSmoothing
FNDA:1,zScore
FNDA:91,(anonymous_22)
FNDA:98,(anonymous_23)
FNDA:8,findPivots
FNDA:1,linearRegression
FNDA:21,(anonymous_26)
FNDA:21,(anonymous_27)
FNDA:21,(anonymous_28)
FNDA:21,(anonymous_29)
FNDA:21,(anonymous_30)
DA:1,22
DA:2,22
DA:5,22
DA:6,4
DA:10,22
DA:11,4
DA:15,22
DA:16,2
DA:20,22
DA:21,7
DA:25,22
DA:26,0
DA:30,22
DA:32,4
DA:36,22
DA:37,0
DA:44,0
DA:46,0
DA:47,0
DA:48,0
DA:49,0
DA:55,22
DA:56,1
DA:66,22
DA:67,0
DA:69,0
DA:70,0
DA:71,0
DA:72,0
DA:73,0
DA:75,0
DA:79,0
DA:83,22
DA:84,1
DA:86,1
DA:87,20
DA:88,20
DA:89,20
DA:92,1
DA:96,22
DA:97,0
DA:98,0
DA:99,0
DA:100,0
DA:102,0
DA:103,0
DA:104,0
DA:106,0
DA:107,0
DA:109,0
DA:110,0
DA:111,0
DA:114,0
DA:119,0
DA:121,0
DA:122,0
DA:129,0
DA:134,0
DA:136,0
DA:137,0
DA:138,0
DA:141,0
DA:146,0
DA:148,0
DA:149,0
DA:150,0
DA:153,0
DA:158,0
DA:159,0
DA:162,0
DA:163,0
DA:165,0
DA:168,0
DA:169,0
DA:172,0
DA:176,22
DA:177,1
DA:179,1
DA:180,7
DA:181,91
DA:182,98
DA:183,7
DA:186,1
DA:190,22
DA:191,8
DA:192,8
DA:194,8
DA:195,185
DA:196,185
DA:198,185
DA:199,23
DA:201,185
DA:202,16
DA:206,8
DA:210,22
DA:211,21
DA:212,1
DA:214,21
DA:215,21
DA:216,21
DA:217,21
DA:219,1
DA:220,1
DA:222,1
LF:104
LH:54
BRDA:15,0,0,0
BRDA:20,1,0,4
BRDA:30,2,0,0
BRDA:30,3,0,0
BRDA:30,4,0,0
BRDA:36,5,0,0
BRDA:36,6,0,0
BRDA:55,7,0,0
BRDA:55,8,0,0
BRDA:55,9,0,0
BRDA:55,10,0,0
BRDA:70,11,0,0
BRDA:70,11,1,0
BRDA:72,12,0,0
BRDA:72,12,1,0
BRDA:88,13,0,15
BRDA:88,13,1,5
BRDA:96,14,0,0
BRDA:138,15,0,0
BRDA:138,15,1,0
BRDA:150,16,0,0
BRDA:150,16,1,0
BRDA:176,17,0,0
BRDA:190,18,0,0
BRDA:198,19,0,23
BRDA:201,20,0,16
BRF:26
BRH:5
end_of_record
TN:
SF:src\utils\indicators\atr.ts
FN:1,atr
FNF:1
FNH:1
FNDA:1,atr
DA:1,1
DA:2,1
DA:3,1
DA:4,0
DA:8,1
DA:9,1
DA:10,79
DA:11,79
DA:12,79
DA:13,79
DA:17,1
DA:18,1
DA:19,14
DA:21,1
DA:22,1
DA:25,1
DA:26,65
DA:27,65
DA:30,1
LF:19
LH:18
BRDA:1,0,0,1
BRDA:3,1,0,0
BRDA:3,2,0,1
BRDA:3,2,1,1
BRDA:3,2,2,1
BRF:5
BRH:4
end_of_record
TN:
SF:src\utils\indicators\bollinger.ts
FN:9,bollingerBands
FN:24,(anonymous_1)
FN:25,(anonymous_2)
FNF:3
FNH:3
FNDA:2,bollingerBands
FNDA:1318,(anonymous_1)
FNDA:1250,(anonymous_2)
DA:1,2
DA:9,2
DA:10,2
DA:11,0
DA:14,2
DA:15,2
DA:16,2
DA:19,2
DA:20,68
DA:21,68
DA:24,1318
DA:25,1250
DA:26,68
DA:28,68
DA:29,68
DA:32,2
LF:16
LH:15
BRDA:10,0,0,0
BRF:1
BRH:0
end_of_record
TN:
SF:src\utils\indicators\ema.ts
FN:1,ema
FNF:1
FNH:1
FNDA:6,ema
DA:1,22
DA:2,6
DA:3,6
DA:4,0
DA:8,6
DA:9,6
DA:10,89
DA:12,6
DA:15,6
DA:18,6
DA:19,463
DA:20,463
DA:23,6
LF:13
LH:12
BRDA:3,0,0,0
BRF:1
BRH:0
end_of_record
TN:
SF:src\utils\indicators\macd.ts
FN:9,macd
FNF:1
FNH:1
FNDA:4,macd
DA:1,22
DA:9,22
DA:11,4
DA:12,2
DA:15,2
DA:16,2
DA:17,2
DA:20,2
DA:21,2
DA:22,2
DA:24,2
DA:25,152
DA:28,2
DA:30,2
DA:31,2
DA:32,2
DA:33,139
DA:36,2
LF:18
LH:18
BRDA:9,0,0,0
BRDA:9,1,0,0
BRDA:9,2,0,0
BRDA:11,3,0,2
BRDA:11,4,0,4
BRDA:11,4,1,4
BRDA:15,5,0,2
BRDA:15,5,1,0
BRDA:16,6,0,2
BRDA:16,6,1,0
BRDA:25,7,0,152
BRDA:25,7,1,0
BRDA:25,8,0,152
BRDA:25,8,1,0
BRDA:28,9,0,2
BRDA:28,9,1,0
BRDA:28,10,0,2
BRDA:28,10,1,0
BRDA:33,11,0,139
BRDA:33,11,1,0
BRDA:33,12,0,139
BRDA:33,12,1,0
BRF:22
BRH:11
end_of_record
TN:
SF:src\utils\indicators\sma.ts
FN:1,sma
FNF:1
FNH:1
FNDA:2,sma
DA:1,2
DA:2,2
DA:3,2
DA:4,0
DA:7,2
DA:9,2
DA:10,34
DA:12,2
DA:15,2
DA:16,66
DA:17,66
DA:20,2
LF:12
LH:11
BRDA:3,0,0,0
BRF:1
BRH:0
end_of_record
